[2019-06-29 09:19:32] local.DEBUG: in route services  
[2019-06-29 09:19:39] local.DEBUG: in route services  
[2019-06-29 09:19:39] local.DEBUG: in route services  
[2019-06-29 09:19:39] local.DEBUG: in route services  
[2019-06-29 09:19:40] local.DEBUG: in route services  
[2019-06-29 09:19:40] local.DEBUG: in route services  
[2019-06-29 09:19:40] local.DEBUG: in route services  
[2019-06-29 09:19:40] local.DEBUG: in route services  
[2019-06-29 09:19:43] local.DEBUG: in route services  
[2019-06-29 09:19:50] local.DEBUG: in route services  
[2019-06-29 09:20:10] local.DEBUG: in route services  
[2019-06-29 09:20:10] local.DEBUG: in route services  
[2019-06-29 09:20:13] local.DEBUG: in route services  
[2019-06-29 09:20:15] local.DEBUG: in route services  
[2019-06-29 09:42:29] local.DEBUG: in route services  
[2019-06-29 09:42:29] local.DEBUG: in route services  
[2019-06-29 09:42:29] local.DEBUG: in route services  
[2019-06-29 09:42:30] local.DEBUG: in route services  
[2019-06-29 09:42:44] local.DEBUG: in route services  
[2019-06-29 09:42:46] local.DEBUG: in route services  
[2019-06-29 09:42:46] local.DEBUG: in route services  
[2019-06-29 09:42:46] local.DEBUG: in route services  
[2019-06-29 09:42:46] local.DEBUG: in route services  
[2019-06-29 09:42:46] local.DEBUG: in route services  
[2019-06-29 09:42:47] local.DEBUG: in route services  
[2019-06-29 09:42:47] local.DEBUG: in route services  
[2019-06-29 09:42:47] local.DEBUG: in route services  
[2019-06-29 09:42:47] local.DEBUG: in route services  
[2019-06-29 09:42:47] local.DEBUG: in route services  
[2019-06-29 09:42:48] local.DEBUG: in route services  
[2019-06-29 09:43:03] local.DEBUG: in route services  
[2019-06-29 09:43:04] local.DEBUG: in route services  
[2019-06-29 09:43:04] local.DEBUG: in route services  
[2019-06-29 09:43:04] local.DEBUG: in route services  
[2019-06-29 09:43:04] local.DEBUG: in route services  
[2019-06-29 09:43:04] local.DEBUG: in route services  
[2019-06-29 09:43:04] local.DEBUG: in route services  
[2019-06-29 09:43:05] local.DEBUG: in route services  
[2019-06-29 09:43:05] local.DEBUG: in route services  
[2019-06-29 09:43:05] local.DEBUG: in route services  
[2019-06-29 09:43:05] local.DEBUG: in route services  
[2019-06-29 14:14:10] local.DEBUG: in route services  
[2019-06-29 14:14:14] local.DEBUG: in route services  
[2019-06-29 14:14:14] local.DEBUG: in route services  
[2019-06-29 14:14:14] local.DEBUG: in route services  
[2019-06-29 14:14:15] local.DEBUG: in route services  
[2019-06-29 14:14:15] local.DEBUG: in route services  
[2019-06-29 14:14:15] local.DEBUG: in route services  
[2019-06-29 14:14:15] local.DEBUG: in route services  
[2019-06-29 17:34:24] local.DEBUG: in route services  
[2019-06-29 17:34:27] local.DEBUG: in route services  
[2019-06-29 17:34:45] local.DEBUG: in route services  
[2019-06-29 17:34:46] local.DEBUG: in route services  
[2019-06-29 17:34:50] local.DEBUG: in route services  
[2019-06-29 17:34:51] local.DEBUG: in route services  
[2019-06-29 17:41:03] local.DEBUG: in route services  
[2019-06-29 17:41:03] local.DEBUG: in route services  
[2019-06-29 17:41:05] local.DEBUG: in route services  
[2019-06-29 17:41:06] local.DEBUG: in route services  
[2019-06-29 17:41:06] local.DEBUG: in route services  
[2019-06-29 17:41:08] local.DEBUG: in route services  
[2019-06-29 20:04:06] local.DEBUG: in route services  
[2019-06-29 20:04:09] local.DEBUG: in route services  
[2019-06-29 20:06:56] local.DEBUG: in route services  
[2019-06-29 20:07:00] local.DEBUG: in route services  
[2019-06-29 20:07:00] local.DEBUG: in route services  
[2019-06-29 20:07:00] local.DEBUG: in route services  
[2019-06-29 20:07:00] local.DEBUG: in route services  
[2019-06-29 20:07:00] local.DEBUG: in route services  
[2019-06-29 20:07:01] local.DEBUG: in route services  
[2019-06-29 20:07:01] local.DEBUG: in route services  
[2019-06-29 20:08:53] local.DEBUG: in route services  
[2019-06-29 20:08:54] local.DEBUG: in route services  
[2019-06-29 20:08:54] local.DEBUG: in route services  
[2019-06-29 20:08:55] local.DEBUG: in route services  
[2019-06-29 20:08:55] local.DEBUG: in route services  
[2019-06-29 20:08:55] local.DEBUG: in route services  
[2019-06-29 20:08:55] local.DEBUG: in route services  
[2019-06-29 20:08:55] local.DEBUG: in route services  
[2019-06-29 20:10:04] local.DEBUG: in route services  
[2019-06-29 20:10:05] local.DEBUG: in route services  
[2019-06-29 20:11:07] local.DEBUG: in route services  
[2019-06-29 20:11:35] local.DEBUG: in route services  
[2019-06-29 20:11:36] local.DEBUG: in route services  
[2019-06-29 20:11:36] local.DEBUG: in route services  
[2019-06-29 20:11:36] local.DEBUG: in route services  
[2019-06-29 20:11:36] local.DEBUG: in route services  
[2019-06-29 20:11:37] local.DEBUG: in route services  
[2019-06-29 20:11:37] local.DEBUG: in route services  
[2019-06-29 20:11:37] local.DEBUG: in route services  
[2019-06-29 20:11:45] local.DEBUG: in route services  
[2019-06-29 20:11:47] local.DEBUG: in route services  
[2019-06-29 20:11:47] local.DEBUG: in route services  
[2019-06-29 20:11:47] local.DEBUG: in route services  
[2019-06-29 20:11:47] local.DEBUG: in route services  
[2019-06-29 20:11:47] local.DEBUG: in route services  
[2019-06-29 20:11:47] local.DEBUG: in route services  
[2019-06-29 20:11:48] local.DEBUG: in route services  
[2019-06-29 20:12:13] local.DEBUG: in route services  
[2019-06-29 20:12:15] local.DEBUG: in route services  
[2019-06-29 20:12:15] local.DEBUG: in route services  
[2019-06-29 20:12:15] local.DEBUG: in route services  
[2019-06-29 20:12:15] local.DEBUG: in route services  
[2019-06-29 20:12:15] local.DEBUG: in route services  
[2019-06-29 20:12:15] local.DEBUG: in route services  
[2019-06-29 20:12:16] local.DEBUG: in route services  
[2019-06-29 20:12:31] local.DEBUG: in route services  
[2019-06-29 20:12:32] local.DEBUG: in route services  
[2019-06-29 20:12:33] local.DEBUG: in route services  
[2019-06-29 20:12:33] local.DEBUG: in route services  
[2019-06-29 20:12:33] local.DEBUG: in route services  
[2019-06-29 20:12:33] local.DEBUG: in route services  
[2019-06-29 20:12:33] local.DEBUG: in route services  
[2019-06-29 20:12:34] local.DEBUG: in route services  
[2019-06-29 20:12:35] local.DEBUG: in route services  
[2019-06-29 20:12:36] local.DEBUG: in route services  
[2019-06-29 20:13:04] local.DEBUG: in route services  
[2019-06-29 20:13:04] local.DEBUG: in route services  
[2019-06-29 20:13:09] local.DEBUG: in route services  
[2019-06-29 20:13:11] local.DEBUG: in route services  
[2019-06-29 20:13:11] local.DEBUG: in route services  
[2019-06-29 20:13:11] local.DEBUG: in route services  
[2019-06-29 20:13:11] local.DEBUG: in route services  
[2019-06-29 20:13:11] local.DEBUG: in route services  
[2019-06-29 20:13:12] local.DEBUG: in route services  
[2019-06-29 20:13:12] local.DEBUG: in route services  
[2019-06-29 20:14:10] local.DEBUG: in route services  
[2019-06-29 20:14:11] local.DEBUG: in route services  
[2019-06-29 20:14:11] local.DEBUG: in route services  
[2019-06-29 20:14:11] local.DEBUG: in route services  
[2019-06-29 20:14:11] local.DEBUG: in route services  
[2019-06-29 20:14:11] local.DEBUG: in route services  
[2019-06-29 20:14:11] local.DEBUG: in route services  
[2019-06-29 20:14:12] local.DEBUG: in route services  
[2019-06-29 20:15:05] local.DEBUG: in route services  
[2019-06-29 20:16:19] local.DEBUG: in route services  
[2019-06-29 20:17:18] local.DEBUG: in route services  
[2019-06-29 20:17:33] local.DEBUG: in route services  
[2019-06-29 20:21:36] local.DEBUG: in route services  
[2019-06-29 20:21:47] local.DEBUG: in route services  
[2019-06-29 20:22:04] local.DEBUG: in route services  
[2019-06-29 20:23:10] local.DEBUG: in route services  
[2019-06-29 20:23:21] local.DEBUG: in route services  
[2019-06-29 20:23:43] local.DEBUG: in route services  
[2019-06-29 20:24:14] local.DEBUG: in route services  
[2019-06-29 20:27:25] local.DEBUG: in route services  
[2019-06-29 20:32:53] local.DEBUG: in route services  
[2019-06-29 20:32:56] local.DEBUG: in route services  
[2019-06-29 20:32:59] local.DEBUG: in route services  
[2019-06-29 20:32:59] local.DEBUG: in route services  
[2019-06-29 20:32:59] local.DEBUG: in route services  
[2019-06-29 20:32:59] local.DEBUG: in route services  
[2019-06-29 20:33:00] local.DEBUG: in route services  
[2019-06-29 20:33:00] local.DEBUG: in route services  
[2019-06-29 20:33:00] local.DEBUG: in route services  
[2019-06-29 20:33:20] local.DEBUG: in route services  
[2019-06-29 20:33:22] local.DEBUG: in route services  
[2019-06-29 20:33:22] local.DEBUG: in route services  
[2019-06-29 20:33:22] local.DEBUG: in route services  
[2019-06-29 20:33:22] local.DEBUG: in route services  
[2019-06-29 20:33:22] local.DEBUG: in route services  
[2019-06-29 20:33:22] local.DEBUG: in route services  
[2019-06-29 20:33:22] local.DEBUG: in route services  
[2019-06-29 20:35:33] local.DEBUG: in route services  
[2019-06-29 20:35:34] local.DEBUG: in route services  
[2019-06-29 20:35:35] local.DEBUG: in route services  
[2019-06-29 20:36:03] local.DEBUG: in route services  
[2019-06-29 20:37:49] local.DEBUG: in route services  
[2019-06-29 20:43:06] local.DEBUG: in route services  
[2019-06-29 20:43:26] local.DEBUG: in route services  
[2019-06-29 20:45:57] local.DEBUG: in route services  
[2019-06-29 20:48:21] local.DEBUG: in route services  
[2019-06-29 20:49:11] local.DEBUG: in route services  
[2019-06-29 20:50:08] local.DEBUG: in route services  
[2019-06-29 20:53:39] local.ERROR: Maximum execution time of 30 seconds exceeded {"exception":"[object] (Symfony\\Component\\Debug\\Exception\\FatalErrorException(code: 1): Maximum execution time of 30 seconds exceeded at A:\\xampp\\htdocs\\AdminPanel\\vendor\\symfony\\translation\\Loader\\ArrayLoader.php:21)
[stacktrace]
#0 {main}
"} 
[2019-06-29 20:54:10] local.DEBUG: in route services  
[2019-06-29 20:54:13] local.ERROR: Maximum execution time of 30 seconds exceeded {"exception":"[object] (Symfony\\Component\\Debug\\Exception\\FatalErrorException(code: 1): Maximum execution time of 30 seconds exceeded at A:\\xampp\\htdocs\\AdminPanel\\vendor\\laravel\\framework\\src\\Illuminate\\Foundation\\Validation\\ValidatesRequests.php:9)
[stacktrace]
#0 {main}
"} 
[2019-06-29 20:54:24] local.DEBUG: in route services  
[2019-06-29 20:59:54] local.DEBUG: in route services  
[2019-06-29 21:00:48] local.DEBUG: in route services  
[2019-06-29 21:01:08] local.DEBUG: in route services  
[2019-06-29 21:01:31] local.DEBUG: in route services  
[2019-06-29 21:01:40] local.DEBUG: in route services  
[2019-06-29 21:01:41] local.DEBUG: in route services  
[2019-06-29 21:02:04] local.DEBUG: in route services  
[2019-06-29 21:02:10] local.DEBUG: in route services  
[2019-06-29 21:02:10] local.DEBUG: in route services  
[2019-06-29 21:02:16] local.DEBUG: in route services  
[2019-06-29 21:02:18] local.DEBUG: in route services  
[2019-06-29 21:02:18] local.DEBUG: in route services  
[2019-06-29 21:02:18] local.DEBUG: in route services  
[2019-06-29 21:02:18] local.DEBUG: in route services  
[2019-06-29 21:02:18] local.DEBUG: in route services  
[2019-06-29 21:02:18] local.DEBUG: in route services  
[2019-06-29 21:02:19] local.DEBUG: in route services  
[2019-06-29 21:02:21] local.DEBUG: in route services  
[2019-06-29 21:02:23] local.DEBUG: in route services  
[2019-06-29 21:02:25] local.DEBUG: in route services  
[2019-06-29 21:02:38] local.DEBUG: in route services  
[2019-06-29 21:02:39] local.DEBUG: in route services  
[2019-06-29 21:02:40] local.DEBUG: in route services  
[2019-06-29 21:02:41] local.DEBUG: in route services  
[2019-06-29 21:02:41] local.DEBUG: in route services  
[2019-06-29 21:02:41] local.DEBUG: in route services  
[2019-06-29 21:02:41] local.DEBUG: in route services  
[2019-06-29 21:02:41] local.DEBUG: in route services  
[2019-06-29 21:02:41] local.DEBUG: in route services  
[2019-06-29 21:03:22] local.DEBUG: in route services  
[2019-06-29 21:03:24] local.DEBUG: in route services  
[2019-06-29 21:06:05] local.DEBUG: in route services  
[2019-06-29 21:06:39] local.DEBUG: in route services  
[2019-06-29 21:07:08] local.DEBUG: in route services  
[2019-06-29 21:07:32] local.DEBUG: in route services  
[2019-06-29 21:07:46] local.DEBUG: in route services  
[2019-06-29 21:09:12] local.DEBUG: in route services  
[2019-06-29 21:09:34] local.DEBUG: in route services  
[2019-06-29 21:09:51] local.DEBUG: in route services  
[2019-06-29 21:10:40] local.DEBUG: in route services  
[2019-06-29 21:10:57] local.DEBUG: in route services  
[2019-06-29 21:11:06] local.DEBUG: in route services  
[2019-06-29 21:11:15] local.DEBUG: in route services  
[2019-06-29 21:11:39] local.DEBUG: in route services  
[2019-06-29 21:12:01] local.DEBUG: in route services  
[2019-06-29 21:12:49] local.DEBUG: in route services  
[2019-06-29 21:13:39] local.DEBUG: in route services  
[2019-06-29 21:13:50] local.DEBUG: in route services  
[2019-06-29 21:13:51] local.DEBUG: in route services  
[2019-06-29 21:13:51] local.DEBUG: in route services  
[2019-06-29 21:13:51] local.DEBUG: in route services  
[2019-06-29 21:13:51] local.DEBUG: in route services  
[2019-06-29 21:13:52] local.DEBUG: in route services  
[2019-06-29 21:13:52] local.DEBUG: in route services  
[2019-06-29 21:13:53] local.DEBUG: in route services  
[2019-06-29 21:14:10] local.DEBUG: in route services  
[2019-06-29 21:14:11] local.DEBUG: in route services  
[2019-06-29 21:14:11] local.DEBUG: in route services  
[2019-06-29 21:14:12] local.DEBUG: in route services  
[2019-06-29 21:14:12] local.DEBUG: in route services  
[2019-06-29 21:14:12] local.DEBUG: in route services  
[2019-06-29 21:14:12] local.DEBUG: in route services  
[2019-06-29 21:14:12] local.DEBUG: in route services  
[2019-06-29 21:15:03] local.DEBUG: in route services  
[2019-06-29 21:15:04] local.DEBUG: in route services  
[2019-06-29 21:15:04] local.DEBUG: in route services  
[2019-06-29 21:15:04] local.DEBUG: in route services  
[2019-06-29 21:15:05] local.DEBUG: in route services  
[2019-06-29 21:15:05] local.DEBUG: in route services  
[2019-06-29 21:15:05] local.DEBUG: in route services  
[2019-06-29 21:15:05] local.DEBUG: in route services  
[2019-06-29 21:15:30] local.DEBUG: in route services  
[2019-06-29 21:15:50] local.DEBUG: in route services  
[2019-06-29 21:16:30] local.DEBUG: in route services  
[2019-06-29 21:18:04] local.DEBUG: in route services  
[2019-06-29 21:18:12] local.DEBUG: in route services  
[2019-06-29 21:18:16] local.DEBUG: in route services  
[2019-06-29 21:18:41] local.DEBUG: in route services  
[2019-06-29 21:19:16] local.DEBUG: in route services  
[2019-06-29 21:20:52] local.DEBUG: in route services  
[2019-06-29 21:22:05] local.DEBUG: in route services  
[2019-06-29 21:22:25] local.DEBUG: in route services  
[2019-06-29 21:22:35] local.DEBUG: in route services  
[2019-06-29 21:22:54] local.DEBUG: in route services  
[2019-06-29 21:23:56] local.DEBUG: in route services  
[2019-06-29 21:24:51] local.DEBUG: in route services  
[2019-06-29 21:24:52] local.DEBUG: in route services  
[2019-06-29 21:24:52] local.DEBUG: in route services  
[2019-06-29 21:24:52] local.DEBUG: in route services  
[2019-06-29 21:28:00] local.DEBUG: in route services  
[2019-06-29 21:28:03] local.DEBUG: in route services  
[2019-06-29 21:28:03] local.DEBUG: in route services  
[2019-06-29 21:28:03] local.DEBUG: in route services  
[2019-06-29 21:31:25] local.DEBUG: in route services  
[2019-06-29 21:31:28] local.DEBUG: in route services  
[2019-06-29 21:31:28] local.DEBUG: in route services  
[2019-06-29 21:31:28] local.DEBUG: in route services  
[2019-06-29 21:32:12] local.DEBUG: in route services  
[2019-06-29 21:32:14] local.DEBUG: in route services  
[2019-06-29 21:32:15] local.DEBUG: in route services  
[2019-06-29 21:32:15] local.DEBUG: in route services  
[2019-06-29 21:32:42] local.DEBUG: in route services  
[2019-06-29 21:32:43] local.DEBUG: in route services  
[2019-06-29 21:32:43] local.DEBUG: in route services  
[2019-06-29 21:32:43] local.DEBUG: in route services  
[2019-06-29 21:33:17] local.DEBUG: in route services  
[2019-06-29 21:33:19] local.DEBUG: in route services  
[2019-06-29 21:33:19] local.DEBUG: in route services  
[2019-06-29 21:33:19] local.DEBUG: in route services  
[2019-06-29 21:34:11] local.DEBUG: in route services  
[2019-06-29 21:34:12] local.DEBUG: in route services  
[2019-06-29 21:34:12] local.DEBUG: in route services  
[2019-06-29 21:34:12] local.DEBUG: in route services  
[2019-06-29 21:34:30] local.DEBUG: in route services  
[2019-06-29 21:34:31] local.DEBUG: in route services  
[2019-06-29 21:34:31] local.DEBUG: in route services  
[2019-06-29 21:34:31] local.DEBUG: in route services  
[2019-06-29 21:34:52] local.DEBUG: in route services  
[2019-06-29 21:34:53] local.DEBUG: in route services  
[2019-06-29 21:34:53] local.DEBUG: in route services  
[2019-06-29 21:34:53] local.DEBUG: in route services  
[2019-06-29 21:35:08] local.DEBUG: in route services  
[2019-06-29 21:35:09] local.DEBUG: in route services  
[2019-06-29 21:35:09] local.DEBUG: in route services  
[2019-06-29 21:35:09] local.DEBUG: in route services  
[2019-06-29 21:35:18] local.DEBUG: in route services  
[2019-06-29 21:35:19] local.DEBUG: in route services  
[2019-06-29 21:35:19] local.DEBUG: in route services  
[2019-06-29 21:35:19] local.DEBUG: in route services  
[2019-06-29 21:35:33] local.DEBUG: in route services  
[2019-06-29 21:35:34] local.DEBUG: in route services  
[2019-06-29 21:35:34] local.DEBUG: in route services  
[2019-06-29 21:35:34] local.DEBUG: in route services  
[2019-06-29 21:36:07] local.DEBUG: in route services  
[2019-06-29 21:36:09] local.DEBUG: in route services  
[2019-06-29 21:36:09] local.DEBUG: in route services  
[2019-06-29 21:36:09] local.DEBUG: in route services  
[2019-06-29 21:36:22] local.DEBUG: in route services  
[2019-06-29 21:36:23] local.DEBUG: in route services  
[2019-06-29 21:36:23] local.DEBUG: in route services  
[2019-06-29 21:36:23] local.DEBUG: in route services  
[2019-06-29 21:36:31] local.DEBUG: in route services  
[2019-06-29 21:36:32] local.DEBUG: in route services  
[2019-06-29 21:36:32] local.DEBUG: in route services  
[2019-06-29 21:36:32] local.DEBUG: in route services  
[2019-06-29 21:43:53] local.DEBUG: in route services  
[2019-06-29 21:45:38] local.DEBUG: in route services  
[2019-06-29 21:45:40] local.DEBUG: in route services  
[2019-06-29 21:45:40] local.DEBUG: in route services  
[2019-06-29 21:45:40] local.DEBUG: in route services  
[2019-06-29 21:45:41] local.DEBUG: in route services  
[2019-06-29 21:45:42] local.DEBUG: in route services  
[2019-06-29 21:45:42] local.DEBUG: in route services  
[2019-06-29 21:45:42] local.DEBUG: in route services  
[2019-06-29 21:45:51] local.DEBUG: in route services  
[2019-06-29 21:46:01] local.DEBUG: in route services  
[2019-06-29 21:46:12] local.DEBUG: in route services  
[2019-06-29 21:47:12] local.DEBUG: in route services  
[2019-06-29 21:47:31] local.DEBUG: in route services  
[2019-06-29 21:47:39] local.DEBUG: in route services  
[2019-06-29 21:48:43] local.DEBUG: in route services  
[2019-06-29 21:56:10] local.DEBUG: in route services  
[2019-06-29 21:56:10] local.DEBUG: in route services  
[2019-06-29 21:56:35] local.DEBUG: in route services  
[2019-06-29 21:57:16] local.DEBUG: in route services  
