[2021-06-13 06:49:03] local.DEBUG: in route services  
[2021-06-13 06:49:06] local.DEBUG: in route services  
[2021-06-13 06:49:13] local.DEBUG: in route services  
[2021-06-13 06:49:14] local.ERROR: SQLSTATE[HY000] [2002] No connection could be made because the target machine actively refused it.
 (SQL: select * from information_schema.tables where table_schema = admin and table_name = migrations) {"exception":"[object] (Illuminate\\Database\\QueryException(code: 2002): SQLSTATE[HY000] [2002] No connection could be made because the target machine actively refused it.
 (SQL: select * from information_schema.tables where table_schema = admin and table_name = migrations) at A:\\xampp\\htdocs\\AdminPanel\\vendor\\laravel\\framework\\src\\Illuminate\\Database\\Connection.php:664, PDOException(code: 2002): SQLSTATE[HY000] [2002] No connection could be made because the target machine actively refused it.
 at A:\\xampp\\htdocs\\AdminPanel\\vendor\\laravel\\framework\\src\\Illuminate\\Database\\Connectors\\Connector.php:70)
[stacktrace]
#0 A:\\xampp\\htdocs\\AdminPanel\\vendor\\laravel\\framework\\src\\Illuminate\\Database\\Connection.php(624): Illuminate\\Database\\Connection->runQueryCallback('select * from i...', Array, Object(Closure))
#1 A:\\xampp\\htdocs\\AdminPanel\\vendor\\laravel\\framework\\src\\Illuminate\\Database\\Connection.php(333): Illuminate\\Database\\Connection->run('select * from i...', Array, Object(Closure))
#2 A:\\xampp\\htdocs\\AdminPanel\\vendor\\laravel\\framework\\src\\Illuminate\\Database\\Schema\\MySqlBuilder.php(18): Illuminate\\Database\\Connection->select('select * from i...', Array)
#3 A:\\xampp\\htdocs\\AdminPanel\\vendor\\laravel\\framework\\src\\Illuminate\\Database\\Migrations\\DatabaseMigrationRepository.php(169): Illuminate\\Database\\Schema\\MySqlBuilder->hasTable('migrations')
#4 A:\\xampp\\htdocs\\AdminPanel\\vendor\\laravel\\framework\\src\\Illuminate\\Database\\Migrations\\Migrator.php(556): Illuminate\\Database\\Migrations\\DatabaseMigrationRepository->repositoryExists()
#5 A:\\xampp\\htdocs\\AdminPanel\\vendor\\laravel\\framework\\src\\Illuminate\\Database\\Console\\Migrations\\StatusCommand.php(54): Illuminate\\Database\\Migrations\\Migrator->repositoryExists()
#6 [internal function]: Illuminate\\Database\\Console\\Migrations\\StatusCommand->handle()
#7 A:\\xampp\\htdocs\\AdminPanel\\vendor\\laravel\\framework\\src\\Illuminate\\Container\\BoundMethod.php(29): call_user_func_array(Array, Array)
#8 A:\\xampp\\htdocs\\AdminPanel\\vendor\\laravel\\framework\\src\\Illuminate\\Container\\BoundMethod.php(87): Illuminate\\Container\\BoundMethod::Illuminate\\Container\\{closure}()
#9 A:\\xampp\\htdocs\\AdminPanel\\vendor\\laravel\\framework\\src\\Illuminate\\Container\\BoundMethod.php(31): Illuminate\\Container\\BoundMethod::callBoundMethod(Object(Illuminate\\Foundation\\Application), Array, Object(Closure))
#10 A:\\xampp\\htdocs\\AdminPanel\\vendor\\laravel\\framework\\src\\Illuminate\\Container\\Container.php(572): Illuminate\\Container\\BoundMethod::call(Object(Illuminate\\Foundation\\Application), Array, Array, NULL)
#11 A:\\xampp\\htdocs\\AdminPanel\\vendor\\laravel\\framework\\src\\Illuminate\\Console\\Command.php(183): Illuminate\\Container\\Container->call(Array)
#12 A:\\xampp\\htdocs\\AdminPanel\\vendor\\symfony\\console\\Command\\Command.php(255): Illuminate\\Console\\Command->execute(Object(Symfony\\Component\\Console\\Input\\ArgvInput), Object(Illuminate\\Console\\OutputStyle))
#13 A:\\xampp\\htdocs\\AdminPanel\\vendor\\laravel\\framework\\src\\Illuminate\\Console\\Command.php(170): Symfony\\Component\\Console\\Command\\Command->run(Object(Symfony\\Component\\Console\\Input\\ArgvInput), Object(Illuminate\\Console\\OutputStyle))
#14 A:\\xampp\\htdocs\\AdminPanel\\vendor\\symfony\\console\\Application.php(921): Illuminate\\Console\\Command->run(Object(Symfony\\Component\\Console\\Input\\ArgvInput), Object(Symfony\\Component\\Console\\Output\\ConsoleOutput))
#15 A:\\xampp\\htdocs\\AdminPanel\\vendor\\symfony\\console\\Application.php(273): Symfony\\Component\\Console\\Application->doRunCommand(Object(Illuminate\\Database\\Console\\Migrations\\StatusCommand), Object(Symfony\\Component\\Console\\Input\\ArgvInput), Object(Symfony\\Component\\Console\\Output\\ConsoleOutput))
#16 A:\\xampp\\htdocs\\AdminPanel\\vendor\\symfony\\console\\Application.php(149): Symfony\\Component\\Console\\Application->doRun(Object(Symfony\\Component\\Console\\Input\\ArgvInput), Object(Symfony\\Component\\Console\\Output\\ConsoleOutput))
#17 A:\\xampp\\htdocs\\AdminPanel\\vendor\\laravel\\framework\\src\\Illuminate\\Console\\Application.php(89): Symfony\\Component\\Console\\Application->run(Object(Symfony\\Component\\Console\\Input\\ArgvInput), Object(Symfony\\Component\\Console\\Output\\ConsoleOutput))
#18 A:\\xampp\\htdocs\\AdminPanel\\vendor\\laravel\\framework\\src\\Illuminate\\Foundation\\Console\\Kernel.php(122): Illuminate\\Console\\Application->run(Object(Symfony\\Component\\Console\\Input\\ArgvInput), Object(Symfony\\Component\\Console\\Output\\ConsoleOutput))
#19 A:\\xampp\\htdocs\\AdminPanel\\artisan(37): Illuminate\\Foundation\\Console\\Kernel->handle(Object(Symfony\\Component\\Console\\Input\\ArgvInput), Object(Symfony\\Component\\Console\\Output\\ConsoleOutput))
#20 {main}
"} 
[2021-06-13 06:50:40] local.DEBUG: in route services  
[2021-06-13 06:50:57] local.DEBUG: in route services  
[2021-06-13 06:50:59] local.DEBUG: in route services  
[2021-06-13 06:51:03] local.DEBUG: in route services  
[2021-06-13 06:51:03] local.DEBUG: in route services  
[2021-06-13 06:51:08] local.DEBUG: in route services  
[2021-06-13 06:51:08] local.DEBUG: in route services  
[2021-06-13 06:51:19] local.DEBUG: in route services  
[2021-06-13 06:51:23] local.DEBUG: in route services  
[2021-06-13 06:51:26] local.DEBUG: in route services  
[2021-06-13 06:51:42] local.DEBUG: in route services  
[2021-06-13 06:51:50] local.DEBUG: in route services  
[2021-06-13 06:51:54] local.DEBUG: in route services  
[2021-06-13 06:52:18] local.DEBUG: in route services  
[2021-06-13 06:52:21] local.DEBUG: in route services  
[2021-06-13 06:52:34] local.DEBUG: in route services  
[2021-06-13 06:52:36] local.DEBUG: in route services  
[2021-06-13 06:52:45] local.DEBUG: in route services  
[2021-06-13 06:52:50] local.DEBUG: in route services  
[2021-06-13 06:53:07] local.DEBUG: in route services  
[2021-06-13 06:53:15] local.DEBUG: in route services  
[2021-06-13 06:57:20] local.DEBUG: in route services  
[2021-06-13 06:57:25] local.DEBUG: in route services  
[2021-06-13 06:57:29] local.DEBUG: in route services  
[2021-06-13 06:57:30] local.DEBUG: in route services  
[2021-06-13 06:57:32] local.DEBUG: in route services  
[2021-06-13 06:57:37] local.DEBUG: in route services  
[2021-06-13 06:57:40] local.DEBUG: in route services  
[2021-06-13 06:57:42] local.DEBUG: in route services  
[2021-06-13 06:57:45] local.DEBUG: in route services  
[2021-06-13 06:57:49] local.DEBUG: in route services  
[2021-06-13 06:58:02] local.DEBUG: in route services  
[2021-06-13 06:58:11] local.DEBUG: in route services  
[2021-06-13 06:58:21] local.DEBUG: in route services  
[2021-06-13 06:58:24] local.DEBUG: in route services  
[2021-06-13 06:58:28] local.DEBUG: in route services  
[2021-06-13 06:58:38] local.DEBUG: in route services  
[2021-06-13 06:58:56] local.DEBUG: in route services  
[2021-06-13 06:59:33] local.DEBUG: in route services  
[2021-06-13 07:00:24] local.DEBUG: in route services  
[2021-06-13 07:00:25] local.DEBUG: in route services  
[2021-06-13 07:00:31] local.DEBUG: in route services  
[2021-06-13 07:00:36] local.DEBUG: in route services  
[2021-06-13 07:00:59] local.DEBUG: in route services  
[2021-06-13 07:01:25] local.DEBUG: in route services  
[2021-06-13 07:02:11] local.DEBUG: in route services  
[2021-06-13 07:02:22] local.DEBUG: in route services  
[2021-06-13 07:07:21] local.DEBUG: in route services  
[2021-06-13 07:07:44] local.DEBUG: in route services  
[2021-06-13 07:07:46] local.DEBUG: in route services  
[2021-06-13 07:07:51] local.DEBUG: in route services  
[2021-06-13 07:07:54] local.DEBUG: in route services  
[2021-06-13 07:07:56] local.DEBUG: in route services  
[2021-06-13 07:08:03] local.DEBUG: in route services  
[2021-06-13 07:08:09] local.DEBUG: in route services  
[2021-06-13 07:08:15] local.DEBUG: in route services  
[2021-06-13 07:08:40] local.DEBUG: in route services  
[2021-06-13 07:09:33] local.DEBUG: in route services  
[2021-06-13 07:10:59] local.DEBUG: in route services  
[2021-06-13 07:11:00] local.DEBUG: in route services  
[2021-06-13 07:13:11] local.DEBUG: in route services  
[2021-06-13 07:13:20] local.DEBUG: in route services  
[2021-06-13 07:13:23] local.DEBUG: in route services  
[2021-06-13 07:13:29] local.DEBUG: in route services  
[2021-06-13 07:13:55] local.DEBUG: in route services  
[2021-06-13 07:20:13] local.DEBUG: in route services  
[2021-06-13 07:20:17] local.DEBUG: in route services  
[2021-06-13 07:20:19] local.DEBUG: in route services  
[2021-06-13 07:21:25] local.DEBUG: in route services  
[2021-06-13 07:21:28] local.DEBUG: in route services  
[2021-06-13 07:21:43] local.DEBUG: in route services  
[2021-06-13 07:58:32] local.DEBUG: in route services  
[2021-06-13 07:58:36] local.DEBUG: in route services  
[2021-06-13 08:00:41] local.DEBUG: in route services  
[2021-06-13 08:00:57] local.DEBUG: in route services  
[2021-06-13 08:00:58] local.DEBUG: in route services  
[2021-06-13 08:01:07] local.DEBUG: in route services  
[2021-06-13 08:01:11] local.DEBUG: in route services  
[2021-06-13 08:01:14] local.DEBUG: in route services  
[2021-06-13 08:01:17] local.DEBUG: in route services  
[2021-06-13 08:02:12] local.DEBUG: in route services  
[2021-06-13 08:02:12] local.DEBUG: in route services  
[2021-06-13 08:02:15] local.DEBUG: in route services  
[2021-06-13 08:02:22] local.DEBUG: in route services  
[2021-06-13 08:02:23] local.DEBUG: in route services  
[2021-06-13 08:03:40] local.DEBUG: in route services  
[2021-06-13 08:03:41] local.DEBUG: in route services  
[2021-06-13 08:03:48] local.DEBUG: in route services  
[2021-06-13 08:03:50] local.DEBUG: in route services  
[2021-06-13 08:05:08] local.DEBUG: in route services  
[2021-06-13 08:05:08] local.DEBUG: in route services  
[2021-06-13 08:05:16] local.DEBUG: in route services  
[2021-06-13 08:05:18] local.DEBUG: in route services  
[2021-06-13 08:05:31] local.DEBUG: in route services  
[2021-06-13 08:05:32] local.DEBUG: in route services  
[2021-06-13 08:13:21] local.DEBUG: in route services  
[2021-06-13 08:13:21] local.DEBUG: in route services  
[2021-06-13 08:13:24] local.DEBUG: in route services  
[2021-06-13 08:13:24] local.DEBUG: in route services  
[2021-06-13 08:13:24] local.DEBUG: in route services  
[2021-06-13 08:13:26] local.DEBUG: in route services  
[2021-06-13 08:13:29] local.DEBUG: in route services  
[2021-06-13 08:13:32] local.DEBUG: in route services  
[2021-06-13 08:13:43] local.DEBUG: in route services  
[2021-06-13 08:13:43] local.DEBUG: in route services  
[2021-06-13 08:13:45] local.DEBUG: in route services  
[2021-06-13 08:13:50] local.DEBUG: in route services  
[2021-06-13 08:14:05] local.DEBUG: in route services  
[2021-06-13 08:14:05] local.DEBUG: in route services  
[2021-06-13 08:16:17] local.DEBUG: in route services  
[2021-06-13 08:16:21] local.DEBUG: in route services  
[2021-06-13 08:16:23] local.DEBUG: in route services  
[2021-06-13 08:16:24] local.DEBUG: in route services  
[2021-06-13 08:16:25] local.DEBUG: in route services  
[2021-06-13 08:16:27] local.DEBUG: in route services  
[2021-06-13 08:16:36] local.DEBUG: in route services  
[2021-06-13 08:16:37] local.DEBUG: in route services  
[2021-06-13 08:21:08] local.DEBUG: in route services  
[2021-06-13 08:21:09] local.DEBUG: in route services  
[2021-06-13 08:21:13] local.DEBUG: in route services  
[2021-06-13 08:21:16] local.DEBUG: in route services  
[2021-06-13 08:21:16] local.DEBUG: in route services  
[2021-06-13 08:21:18] local.DEBUG: in route services  
[2021-06-13 08:21:20] local.DEBUG: in route services  
[2021-06-13 08:21:35] local.DEBUG: in route services  
[2021-06-13 08:21:35] local.DEBUG: in route services  
[2021-06-13 08:21:39] local.DEBUG: in route services  
[2021-06-13 08:21:40] local.DEBUG: in route services  
[2021-06-13 08:21:43] local.DEBUG: in route services  
[2021-06-13 08:22:03] local.DEBUG: in route services  
[2021-06-13 08:22:04] local.DEBUG: in route services  
[2021-06-13 08:22:13] local.DEBUG: in route services  
[2021-06-13 08:22:26] local.DEBUG: in route services  
[2021-06-13 08:22:26] local.DEBUG: in route services  
[2021-06-13 08:25:55] local.DEBUG: in route services  
[2021-06-13 08:25:58] local.DEBUG: in route services  
[2021-06-13 08:26:22] local.DEBUG: in route services  
[2021-06-13 08:26:22] local.DEBUG: in route services  
[2021-06-13 08:26:25] local.DEBUG: in route services  
[2021-06-13 08:26:29] local.DEBUG: in route services  
[2021-06-13 08:26:57] local.DEBUG: in route services  
[2021-06-13 08:26:58] local.DEBUG: in route services  
[2021-06-13 08:27:00] local.DEBUG: in route services  
[2021-06-13 08:27:17] local.DEBUG: in route services  
[2021-06-13 08:27:20] local.DEBUG: in route services  
[2021-06-13 08:28:11] local.DEBUG: in route services  
[2021-06-13 08:28:11] local.DEBUG: in route services  
[2021-06-13 08:28:21] local.DEBUG: in route services  
[2021-06-13 08:28:21] local.DEBUG: in route services  
[2021-06-13 08:28:25] local.DEBUG: in route services  
[2021-06-13 08:28:25] local.DEBUG: in route services  
[2021-06-13 08:28:56] local.DEBUG: in route services  
[2021-06-13 08:28:56] local.DEBUG: in route services  
[2021-06-13 08:29:00] local.DEBUG: in route services  
[2021-06-13 08:29:01] local.DEBUG: in route services  
[2021-06-13 08:29:10] local.DEBUG: in route services  
[2021-06-13 08:29:10] local.DEBUG: in route services  
[2021-06-13 08:29:15] local.DEBUG: in route services  
[2021-06-13 08:29:15] local.DEBUG: in route services  
[2021-06-13 08:30:25] local.DEBUG: in route services  
[2021-06-13 08:30:28] local.DEBUG: in route services  
[2021-06-13 08:30:35] local.DEBUG: in route services  
[2021-06-13 08:30:35] local.DEBUG: in route services  
[2021-06-13 08:30:39] local.DEBUG: in route services  
[2021-06-13 08:30:40] local.DEBUG: in route services  
[2021-06-13 08:30:45] local.DEBUG: in route services  
[2021-06-13 08:30:45] local.DEBUG: in route services  
[2021-06-13 08:30:49] local.DEBUG: in route services  
[2021-06-13 08:30:59] local.DEBUG: in route services  
[2021-06-13 08:31:03] local.DEBUG: in route services  
[2021-06-13 08:31:06] local.DEBUG: in route services  
[2021-06-13 08:32:46] local.DEBUG: in route services  
[2021-06-13 08:32:57] local.DEBUG: in route services  
[2021-06-13 08:33:13] local.DEBUG: in route services  
[2021-06-13 08:33:24] local.DEBUG: in route services  
[2021-06-13 08:33:28] local.DEBUG: in route services  
[2021-06-13 08:33:28] local.DEBUG: in route services  
[2021-06-13 08:33:55] local.DEBUG: in route services  
[2021-06-13 08:33:55] local.DEBUG: in route services  
[2021-06-13 08:34:02] local.DEBUG: in route services  
[2021-06-13 08:34:06] local.DEBUG: in route services  
[2021-06-13 08:34:12] local.DEBUG: in route services  
[2021-06-13 08:34:14] local.DEBUG: in route services  
[2021-06-13 08:34:19] local.DEBUG: in route services  
[2021-06-13 08:34:27] local.DEBUG: in route services  
[2021-06-13 08:34:36] local.DEBUG: in route services  
[2021-06-13 08:34:38] local.DEBUG: in route services  
[2021-06-13 08:34:41] local.DEBUG: in route services  
[2021-06-13 08:34:42] local.DEBUG: in route services  
[2021-06-13 08:34:49] local.DEBUG: in route services  
[2021-06-13 08:34:53] local.DEBUG: in route services  
[2021-06-13 08:35:07] local.DEBUG: in route services  
[2021-06-13 08:35:10] local.DEBUG: in route services  
[2021-06-13 08:35:19] local.DEBUG: in route services  
[2021-06-13 08:35:21] local.DEBUG: in route services  
[2021-06-13 08:35:24] local.DEBUG: in route services  
[2021-06-13 08:35:40] local.DEBUG: in route services  
[2021-06-13 08:35:44] local.DEBUG: in route services  
[2021-06-13 08:35:51] local.DEBUG: in route services  
[2021-06-13 08:35:53] local.DEBUG: in route services  
[2021-06-13 08:35:57] local.DEBUG: in route services  
[2021-06-13 08:35:57] local.DEBUG: in route services  
[2021-06-13 08:36:57] local.DEBUG: in route services  
[2021-06-13 08:36:58] local.DEBUG: in route services  
[2021-06-13 08:37:01] local.DEBUG: in route services  
[2021-06-13 08:37:02] local.DEBUG: in route services  
[2021-06-13 08:37:08] local.DEBUG: in route services  
[2021-06-13 08:37:10] local.DEBUG: in route services  
[2021-06-13 08:37:20] local.DEBUG: in route services  
[2021-06-13 08:37:27] local.DEBUG: in route services  
[2021-06-13 08:37:37] local.DEBUG: in route services  
[2021-06-13 08:38:03] local.DEBUG: in route services  
[2021-06-13 08:39:20] local.DEBUG: in route services  
[2021-06-13 08:41:23] local.DEBUG: in route services  
[2021-06-13 08:41:34] local.DEBUG: in route services  
[2021-06-13 08:42:01] local.DEBUG: in route services  
[2021-06-13 08:45:05] local.DEBUG: in route services  
[2021-06-13 08:46:43] local.DEBUG: in route services  
[2021-06-13 08:46:49] local.DEBUG: in route services  
[2021-06-13 08:46:55] local.DEBUG: in route services  
[2021-06-13 08:47:00] local.DEBUG: in route services  
[2021-06-13 08:47:01] local.DEBUG: in route services  
[2021-06-13 08:47:05] local.DEBUG: in route services  
[2021-06-13 08:47:07] local.DEBUG: in route services  
[2021-06-13 08:47:59] local.DEBUG: in route services  
[2021-06-13 08:48:03] local.DEBUG: in route services  
[2021-06-13 08:48:04] local.DEBUG: in route services  
[2021-06-13 08:48:15] local.DEBUG: in route services  
[2021-06-13 08:48:17] local.DEBUG: in route services  
[2021-06-13 08:48:21] local.DEBUG: in route services  
[2021-06-13 08:48:25] local.DEBUG: in route services  
[2021-06-13 08:48:28] local.DEBUG: in route services  
[2021-06-13 08:48:32] local.DEBUG: in route services  
[2021-06-13 08:48:40] local.DEBUG: in route services  
[2021-06-13 08:48:45] local.DEBUG: in route services  
[2021-06-13 08:48:49] local.DEBUG: in route services  
[2021-06-13 08:48:57] local.DEBUG: in route services  
[2021-06-13 08:49:16] local.DEBUG: in route services  
[2021-06-13 08:49:16] local.DEBUG: in route services  
[2021-06-13 08:49:22] local.DEBUG: in route services  
[2021-06-13 08:49:32] local.DEBUG: in route services  
[2021-06-13 08:49:40] local.DEBUG: in route services  
[2021-06-13 08:49:45] local.DEBUG: in route services  
[2021-06-13 08:49:48] local.DEBUG: in route services  
[2021-06-13 08:49:55] local.DEBUG: in route services  
[2021-06-13 08:49:56] local.DEBUG: in route services  
[2021-06-13 08:49:59] local.DEBUG: in route services  
[2021-06-13 08:50:04] local.DEBUG: in route services  
[2021-06-13 08:50:17] local.DEBUG: in route services  
[2021-06-13 08:50:19] local.DEBUG: in route services  
[2021-06-13 08:50:21] local.DEBUG: in route services  
[2021-06-13 08:50:21] local.DEBUG: in route services  
[2021-06-13 08:50:28] local.DEBUG: in route services  
[2021-06-13 08:50:32] local.DEBUG: in route services  
[2021-06-13 08:50:36] local.DEBUG: in route services  
[2021-06-13 08:50:37] local.DEBUG: in route services  
[2021-06-13 08:50:45] local.DEBUG: in route services  
[2021-06-13 08:50:48] local.DEBUG: in route services  
[2021-06-13 08:50:49] local.DEBUG: in route services  
[2021-06-13 08:50:52] local.DEBUG: in route services  
[2021-06-13 08:50:58] local.DEBUG: in route services  
[2021-06-13 08:51:01] local.DEBUG: in route services  
[2021-06-13 08:51:01] local.DEBUG: in route services  
[2021-06-13 08:51:33] local.DEBUG: in route services  
[2021-06-13 08:51:52] local.DEBUG: in route services  
[2021-06-13 08:51:52] local.DEBUG: in route services  
[2021-06-13 08:51:58] local.DEBUG: in route services  
[2021-06-13 08:51:59] local.DEBUG: in route services  
[2021-06-13 08:52:03] local.DEBUG: in route services  
[2021-06-13 08:52:03] local.DEBUG: in route services  
[2021-06-13 08:52:08] local.DEBUG: in route services  
[2021-06-13 08:52:08] local.DEBUG: in route services  
[2021-06-13 08:52:11] local.DEBUG: in route services  
[2021-06-13 08:52:29] local.DEBUG: in route services  
[2021-06-13 08:52:29] local.DEBUG: in route services  
[2021-06-13 08:52:34] local.DEBUG: in route services  
[2021-06-13 08:52:39] local.DEBUG: in route services  
[2021-06-13 08:52:43] local.DEBUG: in route services  
[2021-06-13 08:52:54] local.DEBUG: in route services  
[2021-06-13 08:52:54] local.DEBUG: in route services  
[2021-06-13 08:54:35] local.DEBUG: in route services  
[2021-06-13 08:54:52] local.DEBUG: in route services  
[2021-06-13 08:54:55] local.DEBUG: in route services  
[2021-06-13 08:54:59] local.DEBUG: in route services  
[2021-06-13 08:55:04] local.DEBUG: in route services  
[2021-06-13 08:55:05] local.DEBUG: in route services  
[2021-06-13 08:55:09] local.DEBUG: in route services  
[2021-06-13 08:55:10] local.DEBUG: in route services  
[2021-06-13 08:55:13] local.DEBUG: in route services  
[2021-06-13 08:55:15] local.DEBUG: in route services  
[2021-06-13 08:55:19] local.DEBUG: in route services  
[2021-06-13 08:55:20] local.DEBUG: in route services  
[2021-06-13 08:58:16] local.DEBUG: in route services  
[2021-06-13 08:58:17] local.DEBUG: in route services  
[2021-06-13 08:58:24] local.DEBUG: in route services  
[2021-06-13 08:58:28] local.DEBUG: in route services  
[2021-06-13 08:58:31] local.DEBUG: in route services  
[2021-06-13 08:58:31] local.DEBUG: in route services  
[2021-06-13 09:04:52] local.DEBUG: in route services  
[2021-06-13 09:07:49] local.DEBUG: in route services  
[2021-06-13 09:07:50] local.DEBUG: in route services  
[2021-06-13 09:57:43] local.DEBUG: in route services  
[2021-06-13 09:58:07] local.DEBUG: in route services  
[2021-06-13 09:58:08] local.DEBUG: in route services  
[2021-06-13 09:59:27] local.DEBUG: in route services  
[2021-06-13 09:59:27] local.ERROR: syntax error, unexpected 'endforeach' (T_ENDFOREACH), expecting elseif (T_ELSEIF) or else (T_ELSE) or endif (T_ENDIF) (View: A:\xampp\htdocs\AdminPanel\resources\views\user_campaign\camapaign.blade.php) {"userId":31,"email":"tayyab.aslam@promaxworld.comddddd","exception":"[object] (ErrorException(code: 0): syntax error, unexpected 'endforeach' (T_ENDFOREACH), expecting elseif (T_ELSEIF) or else (T_ELSE) or endif (T_ENDIF) (View: A:\\xampp\\htdocs\\AdminPanel\esources\\views\\user_campaign\\camapaign.blade.php) at A:\\xampp\\htdocs\\AdminPanel\\storage\\framework\\views\\7789112fd754aad23e7f9425675d61142b1bd6e3.php:59, Symfony\\Component\\Debug\\Exception\\FatalThrowableError(code: 0): syntax error, unexpected 'endforeach' (T_ENDFOREACH), expecting elseif (T_ELSEIF) or else (T_ELSE) or endif (T_ENDIF) at A:\\xampp\\htdocs\\AdminPanel\\storage\\framework\\views\\7789112fd754aad23e7f9425675d61142b1bd6e3.php:59)
[stacktrace]
#0 A:\\xampp\\htdocs\\AdminPanel\\vendor\\laravel\\framework\\src\\Illuminate\\View\\Engines\\PhpEngine.php(47): Illuminate\\View\\Engines\\CompilerEngine->handleViewException(Object(Symfony\\Component\\Debug\\Exception\\FatalThrowableError), 1)
#1 A:\\xampp\\htdocs\\AdminPanel\\vendor\\laravel\\framework\\src\\Illuminate\\View\\Engines\\CompilerEngine.php(59): Illuminate\\View\\Engines\\PhpEngine->evaluatePath('A:\\\\xampp\\\\htdocs...', Array)
#2 A:\\xampp\\htdocs\\AdminPanel\\vendor\\laravel\\framework\\src\\Illuminate\\View\\View.php(142): Illuminate\\View\\Engines\\CompilerEngine->get('A:\\\\xampp\\\\htdocs...', Array)
#3 A:\\xampp\\htdocs\\AdminPanel\\vendor\\laravel\\framework\\src\\Illuminate\\View\\View.php(125): Illuminate\\View\\View->getContents()
#4 A:\\xampp\\htdocs\\AdminPanel\\vendor\\laravel\\framework\\src\\Illuminate\\View\\View.php(90): Illuminate\\View\\View->renderContents()
#5 A:\\xampp\\htdocs\\AdminPanel\\vendor\\laravel\\framework\\src\\Illuminate\\Http\\Response.php(42): Illuminate\\View\\View->render()
#6 A:\\xampp\\htdocs\\AdminPanel\\vendor\\symfony\\http-foundation\\Response.php(202): Illuminate\\Http\\Response->setContent(Object(Illuminate\\View\\View))
#7 A:\\xampp\\htdocs\\AdminPanel\\vendor\\laravel\\framework\\src\\Illuminate\\Routing\\Router.php(750): Symfony\\Component\\HttpFoundation\\Response->__construct(Object(Illuminate\\View\\View))
#8 A:\\xampp\\htdocs\\AdminPanel\\vendor\\laravel\\framework\\src\\Illuminate\\Routing\\Router.php(722): Illuminate\\Routing\\Router::toResponse(Object(Illuminate\\Http\\Request), Object(Illuminate\\View\\View))
#9 A:\\xampp\\htdocs\\AdminPanel\\vendor\\laravel\\framework\\src\\Illuminate\\Routing\\Router.php(682): Illuminate\\Routing\\Router->prepareResponse(Object(Illuminate\\Http\\Request), Object(Illuminate\\View\\View))
#10 A:\\xampp\\htdocs\\AdminPanel\\vendor\\laravel\\framework\\src\\Illuminate\\Routing\\Pipeline.php(30): Illuminate\\Routing\\Router->Illuminate\\Routing\\{closure}(Object(Illuminate\\Http\\Request))
#11 A:\\xampp\\htdocs\\AdminPanel\\vendor\\laravel\\framework\\src\\Illuminate\\Routing\\Middleware\\SubstituteBindings.php(41): Illuminate\\Routing\\Pipeline->Illuminate\\Routing\\{closure}(Object(Illuminate\\Http\\Request))
#12 A:\\xampp\\htdocs\\AdminPanel\\vendor\\laravel\\framework\\src\\Illuminate\\Pipeline\\Pipeline.php(163): Illuminate\\Routing\\Middleware\\SubstituteBindings->handle(Object(Illuminate\\Http\\Request), Object(Closure))
#13 A:\\xampp\\htdocs\\AdminPanel\\vendor\\laravel\\framework\\src\\Illuminate\\Routing\\Pipeline.php(53): Illuminate\\Pipeline\\Pipeline->Illuminate\\Pipeline\\{closure}(Object(Illuminate\\Http\\Request))
#14 A:\\xampp\\htdocs\\AdminPanel\\vendor\\laravel\\framework\\src\\Illuminate\\Foundation\\Http\\Middleware\\VerifyCsrfToken.php(75): Illuminate\\Routing\\Pipeline->Illuminate\\Routing\\{closure}(Object(Illuminate\\Http\\Request))
#15 A:\\xampp\\htdocs\\AdminPanel\\vendor\\laravel\\framework\\src\\Illuminate\\Pipeline\\Pipeline.php(163): Illuminate\\Foundation\\Http\\Middleware\\VerifyCsrfToken->handle(Object(Illuminate\\Http\\Request), Object(Closure))
#16 A:\\xampp\\htdocs\\AdminPanel\\vendor\\laravel\\framework\\src\\Illuminate\\Routing\\Pipeline.php(53): Illuminate\\Pipeline\\Pipeline->Illuminate\\Pipeline\\{closure}(Object(Illuminate\\Http\\Request))
#17 A:\\xampp\\htdocs\\AdminPanel\\vendor\\laravel\\framework\\src\\Illuminate\\View\\Middleware\\ShareErrorsFromSession.php(49): Illuminate\\Routing\\Pipeline->Illuminate\\Routing\\{closure}(Object(Illuminate\\Http\\Request))
#18 A:\\xampp\\htdocs\\AdminPanel\\vendor\\laravel\\framework\\src\\Illuminate\\Pipeline\\Pipeline.php(163): Illuminate\\View\\Middleware\\ShareErrorsFromSession->handle(Object(Illuminate\\Http\\Request), Object(Closure))
#19 A:\\xampp\\htdocs\\AdminPanel\\vendor\\laravel\\framework\\src\\Illuminate\\Routing\\Pipeline.php(53): Illuminate\\Pipeline\\Pipeline->Illuminate\\Pipeline\\{closure}(Object(Illuminate\\Http\\Request))
#20 A:\\xampp\\htdocs\\AdminPanel\\vendor\\laravel\\framework\\src\\Illuminate\\Session\\Middleware\\StartSession.php(63): Illuminate\\Routing\\Pipeline->Illuminate\\Routing\\{closure}(Object(Illuminate\\Http\\Request))
#21 A:\\xampp\\htdocs\\AdminPanel\\vendor\\laravel\\framework\\src\\Illuminate\\Pipeline\\Pipeline.php(163): Illuminate\\Session\\Middleware\\StartSession->handle(Object(Illuminate\\Http\\Request), Object(Closure))
#22 A:\\xampp\\htdocs\\AdminPanel\\vendor\\laravel\\framework\\src\\Illuminate\\Routing\\Pipeline.php(53): Illuminate\\Pipeline\\Pipeline->Illuminate\\Pipeline\\{closure}(Object(Illuminate\\Http\\Request))
#23 A:\\xampp\\htdocs\\AdminPanel\\vendor\\laravel\\framework\\src\\Illuminate\\Cookie\\Middleware\\AddQueuedCookiesToResponse.php(37): Illuminate\\Routing\\Pipeline->Illuminate\\Routing\\{closure}(Object(Illuminate\\Http\\Request))
#24 A:\\xampp\\htdocs\\AdminPanel\\vendor\\laravel\\framework\\src\\Illuminate\\Pipeline\\Pipeline.php(163): Illuminate\\Cookie\\Middleware\\AddQueuedCookiesToResponse->handle(Object(Illuminate\\Http\\Request), Object(Closure))
#25 A:\\xampp\\htdocs\\AdminPanel\\vendor\\laravel\\framework\\src\\Illuminate\\Routing\\Pipeline.php(53): Illuminate\\Pipeline\\Pipeline->Illuminate\\Pipeline\\{closure}(Object(Illuminate\\Http\\Request))
#26 A:\\xampp\\htdocs\\AdminPanel\\vendor\\laravel\\framework\\src\\Illuminate\\Cookie\\Middleware\\EncryptCookies.php(66): Illuminate\\Routing\\Pipeline->Illuminate\\Routing\\{closure}(Object(Illuminate\\Http\\Request))
#27 A:\\xampp\\htdocs\\AdminPanel\\vendor\\laravel\\framework\\src\\Illuminate\\Pipeline\\Pipeline.php(163): Illuminate\\Cookie\\Middleware\\EncryptCookies->handle(Object(Illuminate\\Http\\Request), Object(Closure))
#28 A:\\xampp\\htdocs\\AdminPanel\\vendor\\laravel\\framework\\src\\Illuminate\\Routing\\Pipeline.php(53): Illuminate\\Pipeline\\Pipeline->Illuminate\\Pipeline\\{closure}(Object(Illuminate\\Http\\Request))
#29 A:\\xampp\\htdocs\\AdminPanel\\vendor\\laravel\\framework\\src\\Illuminate\\Pipeline\\Pipeline.php(104): Illuminate\\Routing\\Pipeline->Illuminate\\Routing\\{closure}(Object(Illuminate\\Http\\Request))
#30 A:\\xampp\\htdocs\\AdminPanel\\vendor\\laravel\\framework\\src\\Illuminate\\Routing\\Router.php(684): Illuminate\\Pipeline\\Pipeline->then(Object(Closure))
#31 A:\\xampp\\htdocs\\AdminPanel\\vendor\\laravel\\framework\\src\\Illuminate\\Routing\\Router.php(659): Illuminate\\Routing\\Router->runRouteWithinStack(Object(Illuminate\\Routing\\Route), Object(Illuminate\\Http\\Request))
#32 A:\\xampp\\htdocs\\AdminPanel\\vendor\\laravel\\framework\\src\\Illuminate\\Routing\\Router.php(625): Illuminate\\Routing\\Router->runRoute(Object(Illuminate\\Http\\Request), Object(Illuminate\\Routing\\Route))
#33 A:\\xampp\\htdocs\\AdminPanel\\vendor\\laravel\\framework\\src\\Illuminate\\Routing\\Router.php(614): Illuminate\\Routing\\Router->dispatchToRoute(Object(Illuminate\\Http\\Request))
#34 A:\\xampp\\htdocs\\AdminPanel\\vendor\\laravel\\framework\\src\\Illuminate\\Foundation\\Http\\Kernel.php(176): Illuminate\\Routing\\Router->dispatch(Object(Illuminate\\Http\\Request))
#35 A:\\xampp\\htdocs\\AdminPanel\\vendor\\laravel\\framework\\src\\Illuminate\\Routing\\Pipeline.php(30): Illuminate\\Foundation\\Http\\Kernel->Illuminate\\Foundation\\Http\\{closure}(Object(Illuminate\\Http\\Request))
#36 A:\\xampp\\htdocs\\AdminPanel\\vendor\\barryvdh\\laravel-cors\\src\\HandleCors.php(36): Illuminate\\Routing\\Pipeline->Illuminate\\Routing\\{closure}(Object(Illuminate\\Http\\Request))
#37 A:\\xampp\\htdocs\\AdminPanel\\vendor\\laravel\\framework\\src\\Illuminate\\Pipeline\\Pipeline.php(163): Barryvdh\\Cors\\HandleCors->handle(Object(Illuminate\\Http\\Request), Object(Closure))
#38 A:\\xampp\\htdocs\\AdminPanel\\vendor\\laravel\\framework\\src\\Illuminate\\Routing\\Pipeline.php(53): Illuminate\\Pipeline\\Pipeline->Illuminate\\Pipeline\\{closure}(Object(Illuminate\\Http\\Request))
#39 A:\\xampp\\htdocs\\AdminPanel\\vendor\\fideloper\\proxy\\src\\TrustProxies.php(57): Illuminate\\Routing\\Pipeline->Illuminate\\Routing\\{closure}(Object(Illuminate\\Http\\Request))
#40 A:\\xampp\\htdocs\\AdminPanel\\vendor\\laravel\\framework\\src\\Illuminate\\Pipeline\\Pipeline.php(163): Fideloper\\Proxy\\TrustProxies->handle(Object(Illuminate\\Http\\Request), Object(Closure))
#41 A:\\xampp\\htdocs\\AdminPanel\\vendor\\laravel\\framework\\src\\Illuminate\\Routing\\Pipeline.php(53): Illuminate\\Pipeline\\Pipeline->Illuminate\\Pipeline\\{closure}(Object(Illuminate\\Http\\Request))
#42 A:\\xampp\\htdocs\\AdminPanel\\vendor\\laravel\\framework\\src\\Illuminate\\Foundation\\Http\\Middleware\\TransformsRequest.php(31): Illuminate\\Routing\\Pipeline->Illuminate\\Routing\\{closure}(Object(Illuminate\\Http\\Request))
#43 A:\\xampp\\htdocs\\AdminPanel\\vendor\\laravel\\framework\\src\\Illuminate\\Pipeline\\Pipeline.php(163): Illuminate\\Foundation\\Http\\Middleware\\TransformsRequest->handle(Object(Illuminate\\Http\\Request), Object(Closure))
#44 A:\\xampp\\htdocs\\AdminPanel\\vendor\\laravel\\framework\\src\\Illuminate\\Routing\\Pipeline.php(53): Illuminate\\Pipeline\\Pipeline->Illuminate\\Pipeline\\{closure}(Object(Illuminate\\Http\\Request))
#45 A:\\xampp\\htdocs\\AdminPanel\\vendor\\laravel\\framework\\src\\Illuminate\\Foundation\\Http\\Middleware\\TransformsRequest.php(31): Illuminate\\Routing\\Pipeline->Illuminate\\Routing\\{closure}(Object(Illuminate\\Http\\Request))
#46 A:\\xampp\\htdocs\\AdminPanel\\vendor\\laravel\\framework\\src\\Illuminate\\Pipeline\\Pipeline.php(163): Illuminate\\Foundation\\Http\\Middleware\\TransformsRequest->handle(Object(Illuminate\\Http\\Request), Object(Closure))
#47 A:\\xampp\\htdocs\\AdminPanel\\vendor\\laravel\\framework\\src\\Illuminate\\Routing\\Pipeline.php(53): Illuminate\\Pipeline\\Pipeline->Illuminate\\Pipeline\\{closure}(Object(Illuminate\\Http\\Request))
#48 A:\\xampp\\htdocs\\AdminPanel\\vendor\\laravel\\framework\\src\\Illuminate\\Foundation\\Http\\Middleware\\ValidatePostSize.php(27): Illuminate\\Routing\\Pipeline->Illuminate\\Routing\\{closure}(Object(Illuminate\\Http\\Request))
#49 A:\\xampp\\htdocs\\AdminPanel\\vendor\\laravel\\framework\\src\\Illuminate\\Pipeline\\Pipeline.php(163): Illuminate\\Foundation\\Http\\Middleware\\ValidatePostSize->handle(Object(Illuminate\\Http\\Request), Object(Closure))
#50 A:\\xampp\\htdocs\\AdminPanel\\vendor\\laravel\\framework\\src\\Illuminate\\Routing\\Pipeline.php(53): Illuminate\\Pipeline\\Pipeline->Illuminate\\Pipeline\\{closure}(Object(Illuminate\\Http\\Request))
#51 A:\\xampp\\htdocs\\AdminPanel\\vendor\\laravel\\framework\\src\\Illuminate\\Foundation\\Http\\Middleware\\CheckForMaintenanceMode.php(62): Illuminate\\Routing\\Pipeline->Illuminate\\Routing\\{closure}(Object(Illuminate\\Http\\Request))
#52 A:\\xampp\\htdocs\\AdminPanel\\vendor\\laravel\\framework\\src\\Illuminate\\Pipeline\\Pipeline.php(163): Illuminate\\Foundation\\Http\\Middleware\\CheckForMaintenanceMode->handle(Object(Illuminate\\Http\\Request), Object(Closure))
#53 A:\\xampp\\htdocs\\AdminPanel\\vendor\\laravel\\framework\\src\\Illuminate\\Routing\\Pipeline.php(53): Illuminate\\Pipeline\\Pipeline->Illuminate\\Pipeline\\{closure}(Object(Illuminate\\Http\\Request))
#54 A:\\xampp\\htdocs\\AdminPanel\\vendor\\laravel\\framework\\src\\Illuminate\\Pipeline\\Pipeline.php(104): Illuminate\\Routing\\Pipeline->Illuminate\\Routing\\{closure}(Object(Illuminate\\Http\\Request))
#55 A:\\xampp\\htdocs\\AdminPanel\\vendor\\laravel\\framework\\src\\Illuminate\\Foundation\\Http\\Kernel.php(151): Illuminate\\Pipeline\\Pipeline->then(Object(Closure))
#56 A:\\xampp\\htdocs\\AdminPanel\\vendor\\laravel\\framework\\src\\Illuminate\\Foundation\\Http\\Kernel.php(116): Illuminate\\Foundation\\Http\\Kernel->sendRequestThroughRouter(Object(Illuminate\\Http\\Request))
#57 A:\\xampp\\htdocs\\AdminPanel\\public\\index.php(55): Illuminate\\Foundation\\Http\\Kernel->handle(Object(Illuminate\\Http\\Request))
#58 {main}
"} 
[2021-06-13 09:59:40] local.DEBUG: in route services  
[2021-06-13 09:59:40] local.DEBUG: in route services  
[2021-06-13 09:59:53] local.DEBUG: in route services  
[2021-06-13 09:59:53] local.DEBUG: in route services  
[2021-06-13 09:59:58] local.DEBUG: in route services  
[2021-06-13 09:59:58] local.DEBUG: in route services  
[2021-06-13 10:00:01] local.DEBUG: in route services  
[2021-06-13 10:00:01] local.DEBUG: in route services  
[2021-06-13 10:04:16] local.DEBUG: in route services  
[2021-06-13 10:04:17] local.DEBUG: in route services  
[2021-06-13 10:04:21] local.DEBUG: in route services  
[2021-06-13 10:04:39] local.DEBUG: in route services  
[2021-06-13 10:04:40] local.DEBUG: in route services  
[2021-06-13 10:04:45] local.DEBUG: in route services  
[2021-06-13 10:04:46] local.DEBUG: in route services  
[2021-06-13 10:04:50] local.DEBUG: in route services  
[2021-06-13 10:04:50] local.DEBUG: in route services  
[2021-06-13 10:04:53] local.DEBUG: in route services  
[2021-06-13 10:04:54] local.DEBUG: in route services  
[2021-06-13 10:04:57] local.DEBUG: in route services  
[2021-06-13 10:04:57] local.DEBUG: in route services  
[2021-06-13 10:05:01] local.DEBUG: in route services  
[2021-06-13 10:05:02] local.DEBUG: in route services  
[2021-06-13 10:05:05] local.DEBUG: in route services  
[2021-06-13 10:05:17] local.DEBUG: in route services  
[2021-06-13 10:05:17] local.DEBUG: in route services  
[2021-06-13 10:05:21] local.DEBUG: in route services  
[2021-06-13 10:05:33] local.DEBUG: in route services  
[2021-06-13 10:05:34] local.DEBUG: in route services  
[2021-06-13 10:05:39] local.DEBUG: in route services  
[2021-06-13 10:05:39] local.DEBUG: in route services  
[2021-06-13 10:05:50] local.DEBUG: in route services  
[2021-06-13 10:05:52] local.DEBUG: in route services  
[2021-06-13 10:05:59] local.DEBUG: in route services  
[2021-06-13 10:05:59] local.DEBUG: in route services  
[2021-06-13 10:06:00] local.DEBUG: in route services  
[2021-06-13 10:06:05] local.DEBUG: in route services  
[2021-06-13 10:06:06] local.DEBUG: in route services  
[2021-06-13 10:06:06] local.DEBUG: in route services  
[2021-06-13 10:06:19] local.DEBUG: in route services  
[2021-06-13 10:06:19] local.DEBUG: in route services  
[2021-06-13 10:08:44] local.DEBUG: in route services  
[2021-06-13 10:08:46] local.DEBUG: in route services  
[2021-06-13 10:08:51] local.DEBUG: in route services  
[2021-06-13 10:08:52] local.DEBUG: in route services  
[2021-06-13 10:08:54] local.DEBUG: in route services  
[2021-06-13 10:09:05] local.DEBUG: in route services  
[2021-06-13 10:09:05] local.DEBUG: in route services  
