[2020-05-01 21:28:50] local.DEBUG: in route services  
[2020-05-01 21:28:56] local.DEBUG: in route services  
[2020-05-01 21:29:14] local.ERROR: Class 'Barryvdh\Cors\ServiceProvider' not found {"exception":"[object] (Symfony\\Component\\Debug\\Exception\\FatalThrowableError(code: 0): Class 'Barryvdh\\Cors\\ServiceProvider' not found at A:\\xampp\\htdocs\\ecom\\Laravel-ECommerce-Iyzico\\vendor\\laravel\\framework\\src\\Illuminate\\Foundation\\Application.php:637)
[stacktrace]
#0 A:\\xampp\\htdocs\\ecom\\Laravel-ECommerce-Iyzico\\vendor\\laravel\\framework\\src\\Illuminate\\Foundation\\Application.php(569): Illuminate\\Foundation\\Application->resolveProvider('Barryvdh\\\\Cors\\\\S...')
#1 A:\\xampp\\htdocs\\ecom\\Laravel-ECommerce-Iyzico\\vendor\\laravel\\framework\\src\\Illuminate\\Foundation\\ProviderRepository.php(75): Illuminate\\Foundation\\Application->register('Barryvdh\\\\Cors\\\\S...')
#2 A:\\xampp\\htdocs\\ecom\\Laravel-ECommerce-Iyzico\\vendor\\laravel\\framework\\src\\Illuminate\\Foundation\\Application.php(548): Illuminate\\Foundation\\ProviderRepository->load(Array)
#3 A:\\xampp\\htdocs\\ecom\\Laravel-ECommerce-Iyzico\\vendor\\laravel\\framework\\src\\Illuminate\\Foundation\\Bootstrap\\RegisterProviders.php(17): Illuminate\\Foundation\\Application->registerConfiguredProviders()
#4 A:\\xampp\\htdocs\\ecom\\Laravel-ECommerce-Iyzico\\vendor\\laravel\\framework\\src\\Illuminate\\Foundation\\Application.php(206): Illuminate\\Foundation\\Bootstrap\\RegisterProviders->bootstrap(Object(Illuminate\\Foundation\\Application))
#5 A:\\xampp\\htdocs\\ecom\\Laravel-ECommerce-Iyzico\\vendor\\laravel\\framework\\src\\Illuminate\\Foundation\\Http\\Kernel.php(162): Illuminate\\Foundation\\Application->bootstrapWith(Array)
#6 A:\\xampp\\htdocs\\ecom\\Laravel-ECommerce-Iyzico\\vendor\\laravel\\framework\\src\\Illuminate\\Foundation\\Http\\Kernel.php(146): Illuminate\\Foundation\\Http\\Kernel->bootstrap()
#7 A:\\xampp\\htdocs\\ecom\\Laravel-ECommerce-Iyzico\\vendor\\laravel\\framework\\src\\Illuminate\\Foundation\\Http\\Kernel.php(116): Illuminate\\Foundation\\Http\\Kernel->sendRequestThroughRouter(Object(Illuminate\\Http\\Request))
#8 A:\\xampp\\htdocs\\ecom\\Laravel-ECommerce-Iyzico\\public\\index.php(55): Illuminate\\Foundation\\Http\\Kernel->handle(Object(Illuminate\\Http\\Request))
#9 {main}
"} 
[2020-05-01 21:37:23] local.ERROR: Class 'Barryvdh\Cors\ServiceProvider' not found {"exception":"[object] (Symfony\\Component\\Debug\\Exception\\FatalThrowableError(code: 0): Class 'Barryvdh\\Cors\\ServiceProvider' not found at A:\\xampp\\htdocs\\ecom\\Laravel-ECommerce-Iyzico\\vendor\\laravel\\framework\\src\\Illuminate\\Foundation\\Application.php:637)
[stacktrace]
#0 A:\\xampp\\htdocs\\ecom\\Laravel-ECommerce-Iyzico\\vendor\\laravel\\framework\\src\\Illuminate\\Foundation\\Application.php(569): Illuminate\\Foundation\\Application->resolveProvider('Barryvdh\\\\Cors\\\\S...')
#1 A:\\xampp\\htdocs\\ecom\\Laravel-ECommerce-Iyzico\\vendor\\laravel\\framework\\src\\Illuminate\\Foundation\\ProviderRepository.php(75): Illuminate\\Foundation\\Application->register('Barryvdh\\\\Cors\\\\S...')
#2 A:\\xampp\\htdocs\\ecom\\Laravel-ECommerce-Iyzico\\vendor\\laravel\\framework\\src\\Illuminate\\Foundation\\Application.php(548): Illuminate\\Foundation\\ProviderRepository->load(Array)
#3 A:\\xampp\\htdocs\\ecom\\Laravel-ECommerce-Iyzico\\vendor\\laravel\\framework\\src\\Illuminate\\Foundation\\Bootstrap\\RegisterProviders.php(17): Illuminate\\Foundation\\Application->registerConfiguredProviders()
#4 A:\\xampp\\htdocs\\ecom\\Laravel-ECommerce-Iyzico\\vendor\\laravel\\framework\\src\\Illuminate\\Foundation\\Application.php(206): Illuminate\\Foundation\\Bootstrap\\RegisterProviders->bootstrap(Object(Illuminate\\Foundation\\Application))
#5 A:\\xampp\\htdocs\\ecom\\Laravel-ECommerce-Iyzico\\vendor\\laravel\\framework\\src\\Illuminate\\Foundation\\Http\\Kernel.php(162): Illuminate\\Foundation\\Application->bootstrapWith(Array)
#6 A:\\xampp\\htdocs\\ecom\\Laravel-ECommerce-Iyzico\\vendor\\laravel\\framework\\src\\Illuminate\\Foundation\\Http\\Kernel.php(146): Illuminate\\Foundation\\Http\\Kernel->bootstrap()
#7 A:\\xampp\\htdocs\\ecom\\Laravel-ECommerce-Iyzico\\vendor\\laravel\\framework\\src\\Illuminate\\Foundation\\Http\\Kernel.php(116): Illuminate\\Foundation\\Http\\Kernel->sendRequestThroughRouter(Object(Illuminate\\Http\\Request))
#8 A:\\xampp\\htdocs\\ecom\\Laravel-ECommerce-Iyzico\\public\\index.php(55): Illuminate\\Foundation\\Http\\Kernel->handle(Object(Illuminate\\Http\\Request))
#9 {main}
"} 
[2020-05-01 21:41:58] local.ERROR: Class 'Barryvdh\Cors\ServiceProvider' not found {"exception":"[object] (Symfony\\Component\\Debug\\Exception\\FatalThrowableError(code: 0): Class 'Barryvdh\\Cors\\ServiceProvider' not found at A:\\xampp\\htdocs\\ecom\\Laravel-ECommerce-Iyzico\\vendor\\laravel\\framework\\src\\Illuminate\\Foundation\\Application.php:637)
[stacktrace]
#0 A:\\xampp\\htdocs\\ecom\\Laravel-ECommerce-Iyzico\\vendor\\laravel\\framework\\src\\Illuminate\\Foundation\\Application.php(569): Illuminate\\Foundation\\Application->resolveProvider('Barryvdh\\\\Cors\\\\S...')
#1 A:\\xampp\\htdocs\\ecom\\Laravel-ECommerce-Iyzico\\vendor\\laravel\\framework\\src\\Illuminate\\Foundation\\ProviderRepository.php(75): Illuminate\\Foundation\\Application->register('Barryvdh\\\\Cors\\\\S...')
#2 A:\\xampp\\htdocs\\ecom\\Laravel-ECommerce-Iyzico\\vendor\\laravel\\framework\\src\\Illuminate\\Foundation\\Application.php(548): Illuminate\\Foundation\\ProviderRepository->load(Array)
#3 A:\\xampp\\htdocs\\ecom\\Laravel-ECommerce-Iyzico\\vendor\\laravel\\framework\\src\\Illuminate\\Foundation\\Bootstrap\\RegisterProviders.php(17): Illuminate\\Foundation\\Application->registerConfiguredProviders()
#4 A:\\xampp\\htdocs\\ecom\\Laravel-ECommerce-Iyzico\\vendor\\laravel\\framework\\src\\Illuminate\\Foundation\\Application.php(206): Illuminate\\Foundation\\Bootstrap\\RegisterProviders->bootstrap(Object(Illuminate\\Foundation\\Application))
#5 A:\\xampp\\htdocs\\ecom\\Laravel-ECommerce-Iyzico\\vendor\\laravel\\framework\\src\\Illuminate\\Foundation\\Http\\Kernel.php(162): Illuminate\\Foundation\\Application->bootstrapWith(Array)
#6 A:\\xampp\\htdocs\\ecom\\Laravel-ECommerce-Iyzico\\vendor\\laravel\\framework\\src\\Illuminate\\Foundation\\Http\\Kernel.php(146): Illuminate\\Foundation\\Http\\Kernel->bootstrap()
#7 A:\\xampp\\htdocs\\ecom\\Laravel-ECommerce-Iyzico\\vendor\\laravel\\framework\\src\\Illuminate\\Foundation\\Http\\Kernel.php(116): Illuminate\\Foundation\\Http\\Kernel->sendRequestThroughRouter(Object(Illuminate\\Http\\Request))
#8 A:\\xampp\\htdocs\\ecom\\Laravel-ECommerce-Iyzico\\public\\index.php(55): Illuminate\\Foundation\\Http\\Kernel->handle(Object(Illuminate\\Http\\Request))
#9 {main}
"} 
[2020-05-01 21:42:09] local.ERROR: Class 'Barryvdh\Cors\ServiceProvider' not found {"exception":"[object] (Symfony\\Component\\Debug\\Exception\\FatalThrowableError(code: 0): Class 'Barryvdh\\Cors\\ServiceProvider' not found at A:\\xampp\\htdocs\\ecom\\Laravel-ECommerce-Iyzico\\vendor\\laravel\\framework\\src\\Illuminate\\Foundation\\Application.php:637)
[stacktrace]
#0 A:\\xampp\\htdocs\\ecom\\Laravel-ECommerce-Iyzico\\vendor\\laravel\\framework\\src\\Illuminate\\Foundation\\Application.php(569): Illuminate\\Foundation\\Application->resolveProvider('Barryvdh\\\\Cors\\\\S...')
#1 A:\\xampp\\htdocs\\ecom\\Laravel-ECommerce-Iyzico\\vendor\\laravel\\framework\\src\\Illuminate\\Foundation\\ProviderRepository.php(75): Illuminate\\Foundation\\Application->register('Barryvdh\\\\Cors\\\\S...')
#2 A:\\xampp\\htdocs\\ecom\\Laravel-ECommerce-Iyzico\\vendor\\laravel\\framework\\src\\Illuminate\\Foundation\\Application.php(548): Illuminate\\Foundation\\ProviderRepository->load(Array)
#3 A:\\xampp\\htdocs\\ecom\\Laravel-ECommerce-Iyzico\\vendor\\laravel\\framework\\src\\Illuminate\\Foundation\\Bootstrap\\RegisterProviders.php(17): Illuminate\\Foundation\\Application->registerConfiguredProviders()
#4 A:\\xampp\\htdocs\\ecom\\Laravel-ECommerce-Iyzico\\vendor\\laravel\\framework\\src\\Illuminate\\Foundation\\Application.php(206): Illuminate\\Foundation\\Bootstrap\\RegisterProviders->bootstrap(Object(Illuminate\\Foundation\\Application))
#5 A:\\xampp\\htdocs\\ecom\\Laravel-ECommerce-Iyzico\\vendor\\laravel\\framework\\src\\Illuminate\\Foundation\\Http\\Kernel.php(162): Illuminate\\Foundation\\Application->bootstrapWith(Array)
#6 A:\\xampp\\htdocs\\ecom\\Laravel-ECommerce-Iyzico\\vendor\\laravel\\framework\\src\\Illuminate\\Foundation\\Http\\Kernel.php(146): Illuminate\\Foundation\\Http\\Kernel->bootstrap()
#7 A:\\xampp\\htdocs\\ecom\\Laravel-ECommerce-Iyzico\\vendor\\laravel\\framework\\src\\Illuminate\\Foundation\\Http\\Kernel.php(116): Illuminate\\Foundation\\Http\\Kernel->sendRequestThroughRouter(Object(Illuminate\\Http\\Request))
#8 A:\\xampp\\htdocs\\ecom\\Laravel-ECommerce-Iyzico\\public\\index.php(55): Illuminate\\Foundation\\Http\\Kernel->handle(Object(Illuminate\\Http\\Request))
#9 {main}
"} 
[2020-05-01 21:42:09] local.ERROR: Class 'Barryvdh\Cors\ServiceProvider' not found {"exception":"[object] (Symfony\\Component\\Debug\\Exception\\FatalThrowableError(code: 0): Class 'Barryvdh\\Cors\\ServiceProvider' not found at A:\\xampp\\htdocs\\ecom\\Laravel-ECommerce-Iyzico\\vendor\\laravel\\framework\\src\\Illuminate\\Foundation\\Application.php:637)
[stacktrace]
#0 A:\\xampp\\htdocs\\ecom\\Laravel-ECommerce-Iyzico\\vendor\\laravel\\framework\\src\\Illuminate\\Foundation\\Application.php(569): Illuminate\\Foundation\\Application->resolveProvider('Barryvdh\\\\Cors\\\\S...')
#1 A:\\xampp\\htdocs\\ecom\\Laravel-ECommerce-Iyzico\\vendor\\laravel\\framework\\src\\Illuminate\\Foundation\\ProviderRepository.php(75): Illuminate\\Foundation\\Application->register('Barryvdh\\\\Cors\\\\S...')
#2 A:\\xampp\\htdocs\\ecom\\Laravel-ECommerce-Iyzico\\vendor\\laravel\\framework\\src\\Illuminate\\Foundation\\Application.php(548): Illuminate\\Foundation\\ProviderRepository->load(Array)
#3 A:\\xampp\\htdocs\\ecom\\Laravel-ECommerce-Iyzico\\vendor\\laravel\\framework\\src\\Illuminate\\Foundation\\Bootstrap\\RegisterProviders.php(17): Illuminate\\Foundation\\Application->registerConfiguredProviders()
#4 A:\\xampp\\htdocs\\ecom\\Laravel-ECommerce-Iyzico\\vendor\\laravel\\framework\\src\\Illuminate\\Foundation\\Application.php(206): Illuminate\\Foundation\\Bootstrap\\RegisterProviders->bootstrap(Object(Illuminate\\Foundation\\Application))
#5 A:\\xampp\\htdocs\\ecom\\Laravel-ECommerce-Iyzico\\vendor\\laravel\\framework\\src\\Illuminate\\Foundation\\Http\\Kernel.php(162): Illuminate\\Foundation\\Application->bootstrapWith(Array)
#6 A:\\xampp\\htdocs\\ecom\\Laravel-ECommerce-Iyzico\\vendor\\laravel\\framework\\src\\Illuminate\\Foundation\\Http\\Kernel.php(146): Illuminate\\Foundation\\Http\\Kernel->bootstrap()
#7 A:\\xampp\\htdocs\\ecom\\Laravel-ECommerce-Iyzico\\vendor\\laravel\\framework\\src\\Illuminate\\Foundation\\Http\\Kernel.php(116): Illuminate\\Foundation\\Http\\Kernel->sendRequestThroughRouter(Object(Illuminate\\Http\\Request))
#8 A:\\xampp\\htdocs\\ecom\\Laravel-ECommerce-Iyzico\\public\\index.php(55): Illuminate\\Foundation\\Http\\Kernel->handle(Object(Illuminate\\Http\\Request))
#9 {main}
"} 
[2020-05-01 21:42:10] local.ERROR: Class 'Barryvdh\Cors\ServiceProvider' not found {"exception":"[object] (Symfony\\Component\\Debug\\Exception\\FatalThrowableError(code: 0): Class 'Barryvdh\\Cors\\ServiceProvider' not found at A:\\xampp\\htdocs\\ecom\\Laravel-ECommerce-Iyzico\\vendor\\laravel\\framework\\src\\Illuminate\\Foundation\\Application.php:637)
[stacktrace]
#0 A:\\xampp\\htdocs\\ecom\\Laravel-ECommerce-Iyzico\\vendor\\laravel\\framework\\src\\Illuminate\\Foundation\\Application.php(569): Illuminate\\Foundation\\Application->resolveProvider('Barryvdh\\\\Cors\\\\S...')
#1 A:\\xampp\\htdocs\\ecom\\Laravel-ECommerce-Iyzico\\vendor\\laravel\\framework\\src\\Illuminate\\Foundation\\ProviderRepository.php(75): Illuminate\\Foundation\\Application->register('Barryvdh\\\\Cors\\\\S...')
#2 A:\\xampp\\htdocs\\ecom\\Laravel-ECommerce-Iyzico\\vendor\\laravel\\framework\\src\\Illuminate\\Foundation\\Application.php(548): Illuminate\\Foundation\\ProviderRepository->load(Array)
#3 A:\\xampp\\htdocs\\ecom\\Laravel-ECommerce-Iyzico\\vendor\\laravel\\framework\\src\\Illuminate\\Foundation\\Bootstrap\\RegisterProviders.php(17): Illuminate\\Foundation\\Application->registerConfiguredProviders()
#4 A:\\xampp\\htdocs\\ecom\\Laravel-ECommerce-Iyzico\\vendor\\laravel\\framework\\src\\Illuminate\\Foundation\\Application.php(206): Illuminate\\Foundation\\Bootstrap\\RegisterProviders->bootstrap(Object(Illuminate\\Foundation\\Application))
#5 A:\\xampp\\htdocs\\ecom\\Laravel-ECommerce-Iyzico\\vendor\\laravel\\framework\\src\\Illuminate\\Foundation\\Http\\Kernel.php(162): Illuminate\\Foundation\\Application->bootstrapWith(Array)
#6 A:\\xampp\\htdocs\\ecom\\Laravel-ECommerce-Iyzico\\vendor\\laravel\\framework\\src\\Illuminate\\Foundation\\Http\\Kernel.php(146): Illuminate\\Foundation\\Http\\Kernel->bootstrap()
#7 A:\\xampp\\htdocs\\ecom\\Laravel-ECommerce-Iyzico\\vendor\\laravel\\framework\\src\\Illuminate\\Foundation\\Http\\Kernel.php(116): Illuminate\\Foundation\\Http\\Kernel->sendRequestThroughRouter(Object(Illuminate\\Http\\Request))
#8 A:\\xampp\\htdocs\\ecom\\Laravel-ECommerce-Iyzico\\public\\index.php(55): Illuminate\\Foundation\\Http\\Kernel->handle(Object(Illuminate\\Http\\Request))
#9 {main}
"} 
[2020-05-01 21:42:10] local.ERROR: Class 'Barryvdh\Cors\ServiceProvider' not found {"exception":"[object] (Symfony\\Component\\Debug\\Exception\\FatalThrowableError(code: 0): Class 'Barryvdh\\Cors\\ServiceProvider' not found at A:\\xampp\\htdocs\\ecom\\Laravel-ECommerce-Iyzico\\vendor\\laravel\\framework\\src\\Illuminate\\Foundation\\Application.php:637)
[stacktrace]
#0 A:\\xampp\\htdocs\\ecom\\Laravel-ECommerce-Iyzico\\vendor\\laravel\\framework\\src\\Illuminate\\Foundation\\Application.php(569): Illuminate\\Foundation\\Application->resolveProvider('Barryvdh\\\\Cors\\\\S...')
#1 A:\\xampp\\htdocs\\ecom\\Laravel-ECommerce-Iyzico\\vendor\\laravel\\framework\\src\\Illuminate\\Foundation\\ProviderRepository.php(75): Illuminate\\Foundation\\Application->register('Barryvdh\\\\Cors\\\\S...')
#2 A:\\xampp\\htdocs\\ecom\\Laravel-ECommerce-Iyzico\\vendor\\laravel\\framework\\src\\Illuminate\\Foundation\\Application.php(548): Illuminate\\Foundation\\ProviderRepository->load(Array)
#3 A:\\xampp\\htdocs\\ecom\\Laravel-ECommerce-Iyzico\\vendor\\laravel\\framework\\src\\Illuminate\\Foundation\\Bootstrap\\RegisterProviders.php(17): Illuminate\\Foundation\\Application->registerConfiguredProviders()
#4 A:\\xampp\\htdocs\\ecom\\Laravel-ECommerce-Iyzico\\vendor\\laravel\\framework\\src\\Illuminate\\Foundation\\Application.php(206): Illuminate\\Foundation\\Bootstrap\\RegisterProviders->bootstrap(Object(Illuminate\\Foundation\\Application))
#5 A:\\xampp\\htdocs\\ecom\\Laravel-ECommerce-Iyzico\\vendor\\laravel\\framework\\src\\Illuminate\\Foundation\\Http\\Kernel.php(162): Illuminate\\Foundation\\Application->bootstrapWith(Array)
#6 A:\\xampp\\htdocs\\ecom\\Laravel-ECommerce-Iyzico\\vendor\\laravel\\framework\\src\\Illuminate\\Foundation\\Http\\Kernel.php(146): Illuminate\\Foundation\\Http\\Kernel->bootstrap()
#7 A:\\xampp\\htdocs\\ecom\\Laravel-ECommerce-Iyzico\\vendor\\laravel\\framework\\src\\Illuminate\\Foundation\\Http\\Kernel.php(116): Illuminate\\Foundation\\Http\\Kernel->sendRequestThroughRouter(Object(Illuminate\\Http\\Request))
#8 A:\\xampp\\htdocs\\ecom\\Laravel-ECommerce-Iyzico\\public\\index.php(55): Illuminate\\Foundation\\Http\\Kernel->handle(Object(Illuminate\\Http\\Request))
#9 {main}
"} 
[2020-05-01 21:42:16] local.ERROR: Class 'Barryvdh\Cors\ServiceProvider' not found {"exception":"[object] (Symfony\\Component\\Debug\\Exception\\FatalThrowableError(code: 0): Class 'Barryvdh\\Cors\\ServiceProvider' not found at A:\\xampp\\htdocs\\ecom\\Laravel-ECommerce-Iyzico\\vendor\\laravel\\framework\\src\\Illuminate\\Foundation\\Application.php:637)
[stacktrace]
#0 A:\\xampp\\htdocs\\ecom\\Laravel-ECommerce-Iyzico\\vendor\\laravel\\framework\\src\\Illuminate\\Foundation\\Application.php(569): Illuminate\\Foundation\\Application->resolveProvider('Barryvdh\\\\Cors\\\\S...')
#1 A:\\xampp\\htdocs\\ecom\\Laravel-ECommerce-Iyzico\\vendor\\laravel\\framework\\src\\Illuminate\\Foundation\\ProviderRepository.php(75): Illuminate\\Foundation\\Application->register('Barryvdh\\\\Cors\\\\S...')
#2 A:\\xampp\\htdocs\\ecom\\Laravel-ECommerce-Iyzico\\vendor\\laravel\\framework\\src\\Illuminate\\Foundation\\Application.php(548): Illuminate\\Foundation\\ProviderRepository->load(Array)
#3 A:\\xampp\\htdocs\\ecom\\Laravel-ECommerce-Iyzico\\vendor\\laravel\\framework\\src\\Illuminate\\Foundation\\Bootstrap\\RegisterProviders.php(17): Illuminate\\Foundation\\Application->registerConfiguredProviders()
#4 A:\\xampp\\htdocs\\ecom\\Laravel-ECommerce-Iyzico\\vendor\\laravel\\framework\\src\\Illuminate\\Foundation\\Application.php(206): Illuminate\\Foundation\\Bootstrap\\RegisterProviders->bootstrap(Object(Illuminate\\Foundation\\Application))
#5 A:\\xampp\\htdocs\\ecom\\Laravel-ECommerce-Iyzico\\vendor\\laravel\\framework\\src\\Illuminate\\Foundation\\Http\\Kernel.php(162): Illuminate\\Foundation\\Application->bootstrapWith(Array)
#6 A:\\xampp\\htdocs\\ecom\\Laravel-ECommerce-Iyzico\\vendor\\laravel\\framework\\src\\Illuminate\\Foundation\\Http\\Kernel.php(146): Illuminate\\Foundation\\Http\\Kernel->bootstrap()
#7 A:\\xampp\\htdocs\\ecom\\Laravel-ECommerce-Iyzico\\vendor\\laravel\\framework\\src\\Illuminate\\Foundation\\Http\\Kernel.php(116): Illuminate\\Foundation\\Http\\Kernel->sendRequestThroughRouter(Object(Illuminate\\Http\\Request))
#8 A:\\xampp\\htdocs\\ecom\\Laravel-ECommerce-Iyzico\\public\\index.php(55): Illuminate\\Foundation\\Http\\Kernel->handle(Object(Illuminate\\Http\\Request))
#9 {main}
"} 
[2020-05-01 21:42:50] local.ERROR: Class 'Barryvdh\Cors\ServiceProvider' not found {"exception":"[object] (Symfony\\Component\\Debug\\Exception\\FatalThrowableError(code: 0): Class 'Barryvdh\\Cors\\ServiceProvider' not found at A:\\xampp\\htdocs\\ecom\\Laravel-ECommerce-Iyzico\\vendor\\laravel\\framework\\src\\Illuminate\\Foundation\\ProviderRepository.php:208)
[stacktrace]
#0 A:\\xampp\\htdocs\\ecom\\Laravel-ECommerce-Iyzico\\vendor\\laravel\\framework\\src\\Illuminate\\Foundation\\ProviderRepository.php(144): Illuminate\\Foundation\\ProviderRepository->createProvider('Barryvdh\\\\Cors\\\\S...')
#1 A:\\xampp\\htdocs\\ecom\\Laravel-ECommerce-Iyzico\\vendor\\laravel\\framework\\src\\Illuminate\\Foundation\\ProviderRepository.php(61): Illuminate\\Foundation\\ProviderRepository->compileManifest(Array)
#2 A:\\xampp\\htdocs\\ecom\\Laravel-ECommerce-Iyzico\\vendor\\laravel\\framework\\src\\Illuminate\\Foundation\\Application.php(548): Illuminate\\Foundation\\ProviderRepository->load(Array)
#3 A:\\xampp\\htdocs\\ecom\\Laravel-ECommerce-Iyzico\\vendor\\laravel\\framework\\src\\Illuminate\\Foundation\\Bootstrap\\RegisterProviders.php(17): Illuminate\\Foundation\\Application->registerConfiguredProviders()
#4 A:\\xampp\\htdocs\\ecom\\Laravel-ECommerce-Iyzico\\vendor\\laravel\\framework\\src\\Illuminate\\Foundation\\Application.php(206): Illuminate\\Foundation\\Bootstrap\\RegisterProviders->bootstrap(Object(Illuminate\\Foundation\\Application))
#5 A:\\xampp\\htdocs\\ecom\\Laravel-ECommerce-Iyzico\\vendor\\laravel\\framework\\src\\Illuminate\\Foundation\\Console\\Kernel.php(297): Illuminate\\Foundation\\Application->bootstrapWith(Array)
#6 A:\\xampp\\htdocs\\ecom\\Laravel-ECommerce-Iyzico\\vendor\\laravel\\framework\\src\\Illuminate\\Foundation\\Console\\Kernel.php(120): Illuminate\\Foundation\\Console\\Kernel->bootstrap()
#7 A:\\xampp\\htdocs\\ecom\\Laravel-ECommerce-Iyzico\\artisan(37): Illuminate\\Foundation\\Console\\Kernel->handle(Object(Symfony\\Component\\Console\\Input\\ArgvInput), Object(Symfony\\Component\\Console\\Output\\ConsoleOutput))
#8 {main}
"} 
[2020-05-01 21:43:03] local.ERROR: Class 'Barryvdh\Cors\ServiceProvider' not found {"exception":"[object] (Symfony\\Component\\Debug\\Exception\\FatalThrowableError(code: 0): Class 'Barryvdh\\Cors\\ServiceProvider' not found at A:\\xampp\\htdocs\\ecom\\Laravel-ECommerce-Iyzico\\vendor\\laravel\\framework\\src\\Illuminate\\Foundation\\ProviderRepository.php:208)
[stacktrace]
#0 A:\\xampp\\htdocs\\ecom\\Laravel-ECommerce-Iyzico\\vendor\\laravel\\framework\\src\\Illuminate\\Foundation\\ProviderRepository.php(144): Illuminate\\Foundation\\ProviderRepository->createProvider('Barryvdh\\\\Cors\\\\S...')
#1 A:\\xampp\\htdocs\\ecom\\Laravel-ECommerce-Iyzico\\vendor\\laravel\\framework\\src\\Illuminate\\Foundation\\ProviderRepository.php(61): Illuminate\\Foundation\\ProviderRepository->compileManifest(Array)
#2 A:\\xampp\\htdocs\\ecom\\Laravel-ECommerce-Iyzico\\vendor\\laravel\\framework\\src\\Illuminate\\Foundation\\Application.php(548): Illuminate\\Foundation\\ProviderRepository->load(Array)
#3 A:\\xampp\\htdocs\\ecom\\Laravel-ECommerce-Iyzico\\vendor\\laravel\\framework\\src\\Illuminate\\Foundation\\Bootstrap\\RegisterProviders.php(17): Illuminate\\Foundation\\Application->registerConfiguredProviders()
#4 A:\\xampp\\htdocs\\ecom\\Laravel-ECommerce-Iyzico\\vendor\\laravel\\framework\\src\\Illuminate\\Foundation\\Application.php(206): Illuminate\\Foundation\\Bootstrap\\RegisterProviders->bootstrap(Object(Illuminate\\Foundation\\Application))
#5 A:\\xampp\\htdocs\\ecom\\Laravel-ECommerce-Iyzico\\vendor\\laravel\\framework\\src\\Illuminate\\Foundation\\Http\\Kernel.php(162): Illuminate\\Foundation\\Application->bootstrapWith(Array)
#6 A:\\xampp\\htdocs\\ecom\\Laravel-ECommerce-Iyzico\\vendor\\laravel\\framework\\src\\Illuminate\\Foundation\\Http\\Kernel.php(146): Illuminate\\Foundation\\Http\\Kernel->bootstrap()
#7 A:\\xampp\\htdocs\\ecom\\Laravel-ECommerce-Iyzico\\vendor\\laravel\\framework\\src\\Illuminate\\Foundation\\Http\\Kernel.php(116): Illuminate\\Foundation\\Http\\Kernel->sendRequestThroughRouter(Object(Illuminate\\Http\\Request))
#8 A:\\xampp\\htdocs\\ecom\\Laravel-ECommerce-Iyzico\\public\\index.php(55): Illuminate\\Foundation\\Http\\Kernel->handle(Object(Illuminate\\Http\\Request))
#9 {main}
"} 
[2020-05-01 21:43:05] local.ERROR: Class 'Barryvdh\Cors\ServiceProvider' not found {"exception":"[object] (Symfony\\Component\\Debug\\Exception\\FatalThrowableError(code: 0): Class 'Barryvdh\\Cors\\ServiceProvider' not found at A:\\xampp\\htdocs\\ecom\\Laravel-ECommerce-Iyzico\\vendor\\laravel\\framework\\src\\Illuminate\\Foundation\\ProviderRepository.php:208)
[stacktrace]
#0 A:\\xampp\\htdocs\\ecom\\Laravel-ECommerce-Iyzico\\vendor\\laravel\\framework\\src\\Illuminate\\Foundation\\ProviderRepository.php(144): Illuminate\\Foundation\\ProviderRepository->createProvider('Barryvdh\\\\Cors\\\\S...')
#1 A:\\xampp\\htdocs\\ecom\\Laravel-ECommerce-Iyzico\\vendor\\laravel\\framework\\src\\Illuminate\\Foundation\\ProviderRepository.php(61): Illuminate\\Foundation\\ProviderRepository->compileManifest(Array)
#2 A:\\xampp\\htdocs\\ecom\\Laravel-ECommerce-Iyzico\\vendor\\laravel\\framework\\src\\Illuminate\\Foundation\\Application.php(548): Illuminate\\Foundation\\ProviderRepository->load(Array)
#3 A:\\xampp\\htdocs\\ecom\\Laravel-ECommerce-Iyzico\\vendor\\laravel\\framework\\src\\Illuminate\\Foundation\\Bootstrap\\RegisterProviders.php(17): Illuminate\\Foundation\\Application->registerConfiguredProviders()
#4 A:\\xampp\\htdocs\\ecom\\Laravel-ECommerce-Iyzico\\vendor\\laravel\\framework\\src\\Illuminate\\Foundation\\Application.php(206): Illuminate\\Foundation\\Bootstrap\\RegisterProviders->bootstrap(Object(Illuminate\\Foundation\\Application))
#5 A:\\xampp\\htdocs\\ecom\\Laravel-ECommerce-Iyzico\\vendor\\laravel\\framework\\src\\Illuminate\\Foundation\\Http\\Kernel.php(162): Illuminate\\Foundation\\Application->bootstrapWith(Array)
#6 A:\\xampp\\htdocs\\ecom\\Laravel-ECommerce-Iyzico\\vendor\\laravel\\framework\\src\\Illuminate\\Foundation\\Http\\Kernel.php(146): Illuminate\\Foundation\\Http\\Kernel->bootstrap()
#7 A:\\xampp\\htdocs\\ecom\\Laravel-ECommerce-Iyzico\\vendor\\laravel\\framework\\src\\Illuminate\\Foundation\\Http\\Kernel.php(116): Illuminate\\Foundation\\Http\\Kernel->sendRequestThroughRouter(Object(Illuminate\\Http\\Request))
#8 A:\\xampp\\htdocs\\ecom\\Laravel-ECommerce-Iyzico\\public\\index.php(55): Illuminate\\Foundation\\Http\\Kernel->handle(Object(Illuminate\\Http\\Request))
#9 {main}
"} 
[2020-05-01 21:43:26] local.ERROR: Class 'Barryvdh\Cors\ServiceProvider' not found {"exception":"[object] (Symfony\\Component\\Debug\\Exception\\FatalThrowableError(code: 0): Class 'Barryvdh\\Cors\\ServiceProvider' not found at A:\\xampp\\htdocs\\ecom\\Laravel-ECommerce-Iyzico\\vendor\\laravel\\framework\\src\\Illuminate\\Foundation\\ProviderRepository.php:208)
[stacktrace]
#0 A:\\xampp\\htdocs\\ecom\\Laravel-ECommerce-Iyzico\\vendor\\laravel\\framework\\src\\Illuminate\\Foundation\\ProviderRepository.php(144): Illuminate\\Foundation\\ProviderRepository->createProvider('Barryvdh\\\\Cors\\\\S...')
#1 A:\\xampp\\htdocs\\ecom\\Laravel-ECommerce-Iyzico\\vendor\\laravel\\framework\\src\\Illuminate\\Foundation\\ProviderRepository.php(61): Illuminate\\Foundation\\ProviderRepository->compileManifest(Array)
#2 A:\\xampp\\htdocs\\ecom\\Laravel-ECommerce-Iyzico\\vendor\\laravel\\framework\\src\\Illuminate\\Foundation\\Application.php(548): Illuminate\\Foundation\\ProviderRepository->load(Array)
#3 A:\\xampp\\htdocs\\ecom\\Laravel-ECommerce-Iyzico\\vendor\\laravel\\framework\\src\\Illuminate\\Foundation\\Bootstrap\\RegisterProviders.php(17): Illuminate\\Foundation\\Application->registerConfiguredProviders()
#4 A:\\xampp\\htdocs\\ecom\\Laravel-ECommerce-Iyzico\\vendor\\laravel\\framework\\src\\Illuminate\\Foundation\\Application.php(206): Illuminate\\Foundation\\Bootstrap\\RegisterProviders->bootstrap(Object(Illuminate\\Foundation\\Application))
#5 A:\\xampp\\htdocs\\ecom\\Laravel-ECommerce-Iyzico\\vendor\\laravel\\framework\\src\\Illuminate\\Foundation\\Http\\Kernel.php(162): Illuminate\\Foundation\\Application->bootstrapWith(Array)
#6 A:\\xampp\\htdocs\\ecom\\Laravel-ECommerce-Iyzico\\vendor\\laravel\\framework\\src\\Illuminate\\Foundation\\Http\\Kernel.php(146): Illuminate\\Foundation\\Http\\Kernel->bootstrap()
#7 A:\\xampp\\htdocs\\ecom\\Laravel-ECommerce-Iyzico\\vendor\\laravel\\framework\\src\\Illuminate\\Foundation\\Http\\Kernel.php(116): Illuminate\\Foundation\\Http\\Kernel->sendRequestThroughRouter(Object(Illuminate\\Http\\Request))
#8 A:\\xampp\\htdocs\\ecom\\Laravel-ECommerce-Iyzico\\public\\index.php(55): Illuminate\\Foundation\\Http\\Kernel->handle(Object(Illuminate\\Http\\Request))
#9 {main}
"} 
[2020-05-01 21:43:40] local.ERROR: Class 'Barryvdh\Cors\ServiceProvider' not found {"exception":"[object] (Symfony\\Component\\Debug\\Exception\\FatalThrowableError(code: 0): Class 'Barryvdh\\Cors\\ServiceProvider' not found at A:\\xampp\\htdocs\\ecom\\Laravel-ECommerce-Iyzico\\vendor\\laravel\\framework\\src\\Illuminate\\Foundation\\ProviderRepository.php:208)
[stacktrace]
#0 A:\\xampp\\htdocs\\ecom\\Laravel-ECommerce-Iyzico\\vendor\\laravel\\framework\\src\\Illuminate\\Foundation\\ProviderRepository.php(144): Illuminate\\Foundation\\ProviderRepository->createProvider('Barryvdh\\\\Cors\\\\S...')
#1 A:\\xampp\\htdocs\\ecom\\Laravel-ECommerce-Iyzico\\vendor\\laravel\\framework\\src\\Illuminate\\Foundation\\ProviderRepository.php(61): Illuminate\\Foundation\\ProviderRepository->compileManifest(Array)
#2 A:\\xampp\\htdocs\\ecom\\Laravel-ECommerce-Iyzico\\vendor\\laravel\\framework\\src\\Illuminate\\Foundation\\Application.php(548): Illuminate\\Foundation\\ProviderRepository->load(Array)
#3 A:\\xampp\\htdocs\\ecom\\Laravel-ECommerce-Iyzico\\vendor\\laravel\\framework\\src\\Illuminate\\Foundation\\Bootstrap\\RegisterProviders.php(17): Illuminate\\Foundation\\Application->registerConfiguredProviders()
#4 A:\\xampp\\htdocs\\ecom\\Laravel-ECommerce-Iyzico\\vendor\\laravel\\framework\\src\\Illuminate\\Foundation\\Application.php(206): Illuminate\\Foundation\\Bootstrap\\RegisterProviders->bootstrap(Object(Illuminate\\Foundation\\Application))
#5 A:\\xampp\\htdocs\\ecom\\Laravel-ECommerce-Iyzico\\vendor\\laravel\\framework\\src\\Illuminate\\Foundation\\Console\\Kernel.php(297): Illuminate\\Foundation\\Application->bootstrapWith(Array)
#6 A:\\xampp\\htdocs\\ecom\\Laravel-ECommerce-Iyzico\\vendor\\laravel\\framework\\src\\Illuminate\\Foundation\\Console\\Kernel.php(120): Illuminate\\Foundation\\Console\\Kernel->bootstrap()
#7 A:\\xampp\\htdocs\\ecom\\Laravel-ECommerce-Iyzico\\artisan(37): Illuminate\\Foundation\\Console\\Kernel->handle(Object(Symfony\\Component\\Console\\Input\\ArgvInput), Object(Symfony\\Component\\Console\\Output\\ConsoleOutput))
#8 {main}
"} 
[2020-05-01 21:48:26] local.ERROR: Class 'Barryvdh\Cors\ServiceProvider' not found {"exception":"[object] (Symfony\\Component\\Debug\\Exception\\FatalThrowableError(code: 0): Class 'Barryvdh\\Cors\\ServiceProvider' not found at A:\\xampp\\htdocs\\ecom\\Laravel-ECommerce-Iyzico\\vendor\\laravel\\framework\\src\\Illuminate\\Foundation\\ProviderRepository.php:208)
[stacktrace]
#0 A:\\xampp\\htdocs\\ecom\\Laravel-ECommerce-Iyzico\\vendor\\laravel\\framework\\src\\Illuminate\\Foundation\\ProviderRepository.php(144): Illuminate\\Foundation\\ProviderRepository->createProvider('Barryvdh\\\\Cors\\\\S...')
#1 A:\\xampp\\htdocs\\ecom\\Laravel-ECommerce-Iyzico\\vendor\\laravel\\framework\\src\\Illuminate\\Foundation\\ProviderRepository.php(61): Illuminate\\Foundation\\ProviderRepository->compileManifest(Array)
#2 A:\\xampp\\htdocs\\ecom\\Laravel-ECommerce-Iyzico\\vendor\\laravel\\framework\\src\\Illuminate\\Foundation\\Application.php(548): Illuminate\\Foundation\\ProviderRepository->load(Array)
#3 A:\\xampp\\htdocs\\ecom\\Laravel-ECommerce-Iyzico\\vendor\\laravel\\framework\\src\\Illuminate\\Foundation\\Bootstrap\\RegisterProviders.php(17): Illuminate\\Foundation\\Application->registerConfiguredProviders()
#4 A:\\xampp\\htdocs\\ecom\\Laravel-ECommerce-Iyzico\\vendor\\laravel\\framework\\src\\Illuminate\\Foundation\\Application.php(206): Illuminate\\Foundation\\Bootstrap\\RegisterProviders->bootstrap(Object(Illuminate\\Foundation\\Application))
#5 A:\\xampp\\htdocs\\ecom\\Laravel-ECommerce-Iyzico\\vendor\\laravel\\framework\\src\\Illuminate\\Foundation\\Console\\Kernel.php(297): Illuminate\\Foundation\\Application->bootstrapWith(Array)
#6 A:\\xampp\\htdocs\\ecom\\Laravel-ECommerce-Iyzico\\vendor\\laravel\\framework\\src\\Illuminate\\Foundation\\Console\\Kernel.php(120): Illuminate\\Foundation\\Console\\Kernel->bootstrap()
#7 A:\\xampp\\htdocs\\ecom\\Laravel-ECommerce-Iyzico\\artisan(37): Illuminate\\Foundation\\Console\\Kernel->handle(Object(Symfony\\Component\\Console\\Input\\ArgvInput), Object(Symfony\\Component\\Console\\Output\\ConsoleOutput))
#8 {main}
"} 
[2020-05-01 21:48:33] local.ERROR: Class 'Barryvdh\Cors\ServiceProvider' not found {"exception":"[object] (Symfony\\Component\\Debug\\Exception\\FatalThrowableError(code: 0): Class 'Barryvdh\\Cors\\ServiceProvider' not found at A:\\xampp\\htdocs\\ecom\\Laravel-ECommerce-Iyzico\\vendor\\laravel\\framework\\src\\Illuminate\\Foundation\\ProviderRepository.php:208)
[stacktrace]
#0 A:\\xampp\\htdocs\\ecom\\Laravel-ECommerce-Iyzico\\vendor\\laravel\\framework\\src\\Illuminate\\Foundation\\ProviderRepository.php(144): Illuminate\\Foundation\\ProviderRepository->createProvider('Barryvdh\\\\Cors\\\\S...')
#1 A:\\xampp\\htdocs\\ecom\\Laravel-ECommerce-Iyzico\\vendor\\laravel\\framework\\src\\Illuminate\\Foundation\\ProviderRepository.php(61): Illuminate\\Foundation\\ProviderRepository->compileManifest(Array)
#2 A:\\xampp\\htdocs\\ecom\\Laravel-ECommerce-Iyzico\\vendor\\laravel\\framework\\src\\Illuminate\\Foundation\\Application.php(548): Illuminate\\Foundation\\ProviderRepository->load(Array)
#3 A:\\xampp\\htdocs\\ecom\\Laravel-ECommerce-Iyzico\\vendor\\laravel\\framework\\src\\Illuminate\\Foundation\\Bootstrap\\RegisterProviders.php(17): Illuminate\\Foundation\\Application->registerConfiguredProviders()
#4 A:\\xampp\\htdocs\\ecom\\Laravel-ECommerce-Iyzico\\vendor\\laravel\\framework\\src\\Illuminate\\Foundation\\Application.php(206): Illuminate\\Foundation\\Bootstrap\\RegisterProviders->bootstrap(Object(Illuminate\\Foundation\\Application))
#5 A:\\xampp\\htdocs\\ecom\\Laravel-ECommerce-Iyzico\\vendor\\laravel\\framework\\src\\Illuminate\\Foundation\\Http\\Kernel.php(162): Illuminate\\Foundation\\Application->bootstrapWith(Array)
#6 A:\\xampp\\htdocs\\ecom\\Laravel-ECommerce-Iyzico\\vendor\\laravel\\framework\\src\\Illuminate\\Foundation\\Http\\Kernel.php(146): Illuminate\\Foundation\\Http\\Kernel->bootstrap()
#7 A:\\xampp\\htdocs\\ecom\\Laravel-ECommerce-Iyzico\\vendor\\laravel\\framework\\src\\Illuminate\\Foundation\\Http\\Kernel.php(116): Illuminate\\Foundation\\Http\\Kernel->sendRequestThroughRouter(Object(Illuminate\\Http\\Request))
#8 A:\\xampp\\htdocs\\ecom\\Laravel-ECommerce-Iyzico\\public\\index.php(55): Illuminate\\Foundation\\Http\\Kernel->handle(Object(Illuminate\\Http\\Request))
#9 {main}
"} 
[2020-05-01 21:48:42] local.ERROR: Class 'Barryvdh\Cors\ServiceProvider' not found {"exception":"[object] (Symfony\\Component\\Debug\\Exception\\FatalThrowableError(code: 0): Class 'Barryvdh\\Cors\\ServiceProvider' not found at A:\\xampp\\htdocs\\ecom\\Laravel-ECommerce-Iyzico\\vendor\\laravel\\framework\\src\\Illuminate\\Foundation\\ProviderRepository.php:208)
[stacktrace]
#0 A:\\xampp\\htdocs\\ecom\\Laravel-ECommerce-Iyzico\\vendor\\laravel\\framework\\src\\Illuminate\\Foundation\\ProviderRepository.php(144): Illuminate\\Foundation\\ProviderRepository->createProvider('Barryvdh\\\\Cors\\\\S...')
#1 A:\\xampp\\htdocs\\ecom\\Laravel-ECommerce-Iyzico\\vendor\\laravel\\framework\\src\\Illuminate\\Foundation\\ProviderRepository.php(61): Illuminate\\Foundation\\ProviderRepository->compileManifest(Array)
#2 A:\\xampp\\htdocs\\ecom\\Laravel-ECommerce-Iyzico\\vendor\\laravel\\framework\\src\\Illuminate\\Foundation\\Application.php(548): Illuminate\\Foundation\\ProviderRepository->load(Array)
#3 A:\\xampp\\htdocs\\ecom\\Laravel-ECommerce-Iyzico\\vendor\\laravel\\framework\\src\\Illuminate\\Foundation\\Bootstrap\\RegisterProviders.php(17): Illuminate\\Foundation\\Application->registerConfiguredProviders()
#4 A:\\xampp\\htdocs\\ecom\\Laravel-ECommerce-Iyzico\\vendor\\laravel\\framework\\src\\Illuminate\\Foundation\\Application.php(206): Illuminate\\Foundation\\Bootstrap\\RegisterProviders->bootstrap(Object(Illuminate\\Foundation\\Application))
#5 A:\\xampp\\htdocs\\ecom\\Laravel-ECommerce-Iyzico\\vendor\\laravel\\framework\\src\\Illuminate\\Foundation\\Http\\Kernel.php(162): Illuminate\\Foundation\\Application->bootstrapWith(Array)
#6 A:\\xampp\\htdocs\\ecom\\Laravel-ECommerce-Iyzico\\vendor\\laravel\\framework\\src\\Illuminate\\Foundation\\Http\\Kernel.php(146): Illuminate\\Foundation\\Http\\Kernel->bootstrap()
#7 A:\\xampp\\htdocs\\ecom\\Laravel-ECommerce-Iyzico\\vendor\\laravel\\framework\\src\\Illuminate\\Foundation\\Http\\Kernel.php(116): Illuminate\\Foundation\\Http\\Kernel->sendRequestThroughRouter(Object(Illuminate\\Http\\Request))
#8 A:\\xampp\\htdocs\\ecom\\Laravel-ECommerce-Iyzico\\public\\index.php(55): Illuminate\\Foundation\\Http\\Kernel->handle(Object(Illuminate\\Http\\Request))
#9 {main}
"} 
[2020-05-01 21:49:54] local.ERROR: Class 'Barryvdh\Cors\ServiceProvider' not found {"exception":"[object] (Symfony\\Component\\Debug\\Exception\\FatalThrowableError(code: 0): Class 'Barryvdh\\Cors\\ServiceProvider' not found at A:\\xampp\\htdocs\\ecom\\Laravel-ECommerce-Iyzico\\vendor\\laravel\\framework\\src\\Illuminate\\Foundation\\ProviderRepository.php:208)
[stacktrace]
#0 A:\\xampp\\htdocs\\ecom\\Laravel-ECommerce-Iyzico\\vendor\\laravel\\framework\\src\\Illuminate\\Foundation\\ProviderRepository.php(144): Illuminate\\Foundation\\ProviderRepository->createProvider('Barryvdh\\\\Cors\\\\S...')
#1 A:\\xampp\\htdocs\\ecom\\Laravel-ECommerce-Iyzico\\vendor\\laravel\\framework\\src\\Illuminate\\Foundation\\ProviderRepository.php(61): Illuminate\\Foundation\\ProviderRepository->compileManifest(Array)
#2 A:\\xampp\\htdocs\\ecom\\Laravel-ECommerce-Iyzico\\vendor\\laravel\\framework\\src\\Illuminate\\Foundation\\Application.php(548): Illuminate\\Foundation\\ProviderRepository->load(Array)
#3 A:\\xampp\\htdocs\\ecom\\Laravel-ECommerce-Iyzico\\vendor\\laravel\\framework\\src\\Illuminate\\Foundation\\Bootstrap\\RegisterProviders.php(17): Illuminate\\Foundation\\Application->registerConfiguredProviders()
#4 A:\\xampp\\htdocs\\ecom\\Laravel-ECommerce-Iyzico\\vendor\\laravel\\framework\\src\\Illuminate\\Foundation\\Application.php(206): Illuminate\\Foundation\\Bootstrap\\RegisterProviders->bootstrap(Object(Illuminate\\Foundation\\Application))
#5 A:\\xampp\\htdocs\\ecom\\Laravel-ECommerce-Iyzico\\vendor\\laravel\\framework\\src\\Illuminate\\Foundation\\Console\\Kernel.php(297): Illuminate\\Foundation\\Application->bootstrapWith(Array)
#6 A:\\xampp\\htdocs\\ecom\\Laravel-ECommerce-Iyzico\\vendor\\laravel\\framework\\src\\Illuminate\\Foundation\\Console\\Kernel.php(120): Illuminate\\Foundation\\Console\\Kernel->bootstrap()
#7 A:\\xampp\\htdocs\\ecom\\Laravel-ECommerce-Iyzico\\artisan(37): Illuminate\\Foundation\\Console\\Kernel->handle(Object(Symfony\\Component\\Console\\Input\\ArgvInput), Object(Symfony\\Component\\Console\\Output\\ConsoleOutput))
#8 {main}
"} 
[2020-05-01 22:06:43] local.ERROR: Class 'Barryvdh\Cors\ServiceProvider' not found {"exception":"[object] (Symfony\\Component\\Debug\\Exception\\FatalThrowableError(code: 0): Class 'Barryvdh\\Cors\\ServiceProvider' not found at A:\\xampp\\htdocs\\ecom\\Laravel-ECommerce-Iyzico\\vendor\\laravel\\framework\\src\\Illuminate\\Foundation\\ProviderRepository.php:208)
[stacktrace]
#0 A:\\xampp\\htdocs\\ecom\\Laravel-ECommerce-Iyzico\\vendor\\laravel\\framework\\src\\Illuminate\\Foundation\\ProviderRepository.php(144): Illuminate\\Foundation\\ProviderRepository->createProvider('Barryvdh\\\\Cors\\\\S...')
#1 A:\\xampp\\htdocs\\ecom\\Laravel-ECommerce-Iyzico\\vendor\\laravel\\framework\\src\\Illuminate\\Foundation\\ProviderRepository.php(61): Illuminate\\Foundation\\ProviderRepository->compileManifest(Array)
#2 A:\\xampp\\htdocs\\ecom\\Laravel-ECommerce-Iyzico\\vendor\\laravel\\framework\\src\\Illuminate\\Foundation\\Application.php(548): Illuminate\\Foundation\\ProviderRepository->load(Array)
#3 A:\\xampp\\htdocs\\ecom\\Laravel-ECommerce-Iyzico\\vendor\\laravel\\framework\\src\\Illuminate\\Foundation\\Bootstrap\\RegisterProviders.php(17): Illuminate\\Foundation\\Application->registerConfiguredProviders()
#4 A:\\xampp\\htdocs\\ecom\\Laravel-ECommerce-Iyzico\\vendor\\laravel\\framework\\src\\Illuminate\\Foundation\\Application.php(206): Illuminate\\Foundation\\Bootstrap\\RegisterProviders->bootstrap(Object(Illuminate\\Foundation\\Application))
#5 A:\\xampp\\htdocs\\ecom\\Laravel-ECommerce-Iyzico\\vendor\\laravel\\framework\\src\\Illuminate\\Foundation\\Http\\Kernel.php(162): Illuminate\\Foundation\\Application->bootstrapWith(Array)
#6 A:\\xampp\\htdocs\\ecom\\Laravel-ECommerce-Iyzico\\vendor\\laravel\\framework\\src\\Illuminate\\Foundation\\Http\\Kernel.php(146): Illuminate\\Foundation\\Http\\Kernel->bootstrap()
#7 A:\\xampp\\htdocs\\ecom\\Laravel-ECommerce-Iyzico\\vendor\\laravel\\framework\\src\\Illuminate\\Foundation\\Http\\Kernel.php(116): Illuminate\\Foundation\\Http\\Kernel->sendRequestThroughRouter(Object(Illuminate\\Http\\Request))
#8 A:\\xampp\\htdocs\\ecom\\Laravel-ECommerce-Iyzico\\public\\index.php(55): Illuminate\\Foundation\\Http\\Kernel->handle(Object(Illuminate\\Http\\Request))
#9 {main}
"} 
[2020-05-01 22:12:55] local.ERROR: Class 'Barryvdh\Cors\ServiceProvider' not found {"exception":"[object] (Symfony\\Component\\Debug\\Exception\\FatalThrowableError(code: 0): Class 'Barryvdh\\Cors\\ServiceProvider' not found at A:\\xampp\\htdocs\\ecom\\Laravel-ECommerce-Iyzico\\vendor\\laravel\\framework\\src\\Illuminate\\Foundation\\ProviderRepository.php:208)
[stacktrace]
#0 A:\\xampp\\htdocs\\ecom\\Laravel-ECommerce-Iyzico\\vendor\\laravel\\framework\\src\\Illuminate\\Foundation\\ProviderRepository.php(144): Illuminate\\Foundation\\ProviderRepository->createProvider('Barryvdh\\\\Cors\\\\S...')
#1 A:\\xampp\\htdocs\\ecom\\Laravel-ECommerce-Iyzico\\vendor\\laravel\\framework\\src\\Illuminate\\Foundation\\ProviderRepository.php(61): Illuminate\\Foundation\\ProviderRepository->compileManifest(Array)
#2 A:\\xampp\\htdocs\\ecom\\Laravel-ECommerce-Iyzico\\vendor\\laravel\\framework\\src\\Illuminate\\Foundation\\Application.php(548): Illuminate\\Foundation\\ProviderRepository->load(Array)
#3 A:\\xampp\\htdocs\\ecom\\Laravel-ECommerce-Iyzico\\vendor\\laravel\\framework\\src\\Illuminate\\Foundation\\Bootstrap\\RegisterProviders.php(17): Illuminate\\Foundation\\Application->registerConfiguredProviders()
#4 A:\\xampp\\htdocs\\ecom\\Laravel-ECommerce-Iyzico\\vendor\\laravel\\framework\\src\\Illuminate\\Foundation\\Application.php(206): Illuminate\\Foundation\\Bootstrap\\RegisterProviders->bootstrap(Object(Illuminate\\Foundation\\Application))
#5 A:\\xampp\\htdocs\\ecom\\Laravel-ECommerce-Iyzico\\vendor\\laravel\\framework\\src\\Illuminate\\Foundation\\Http\\Kernel.php(162): Illuminate\\Foundation\\Application->bootstrapWith(Array)
#6 A:\\xampp\\htdocs\\ecom\\Laravel-ECommerce-Iyzico\\vendor\\laravel\\framework\\src\\Illuminate\\Foundation\\Http\\Kernel.php(146): Illuminate\\Foundation\\Http\\Kernel->bootstrap()
#7 A:\\xampp\\htdocs\\ecom\\Laravel-ECommerce-Iyzico\\vendor\\laravel\\framework\\src\\Illuminate\\Foundation\\Http\\Kernel.php(116): Illuminate\\Foundation\\Http\\Kernel->sendRequestThroughRouter(Object(Illuminate\\Http\\Request))
#8 A:\\xampp\\htdocs\\ecom\\Laravel-ECommerce-Iyzico\\public\\index.php(55): Illuminate\\Foundation\\Http\\Kernel->handle(Object(Illuminate\\Http\\Request))
#9 {main}
"} 
[2020-05-01 22:13:27] local.ERROR: Class 'Barryvdh\Cors\ServiceProvider' not found {"exception":"[object] (Symfony\\Component\\Debug\\Exception\\FatalThrowableError(code: 0): Class 'Barryvdh\\Cors\\ServiceProvider' not found at A:\\xampp\\htdocs\\ecom\\Laravel-ECommerce-Iyzico\\vendor\\laravel\\framework\\src\\Illuminate\\Foundation\\ProviderRepository.php:208)
[stacktrace]
#0 A:\\xampp\\htdocs\\ecom\\Laravel-ECommerce-Iyzico\\vendor\\laravel\\framework\\src\\Illuminate\\Foundation\\ProviderRepository.php(144): Illuminate\\Foundation\\ProviderRepository->createProvider('Barryvdh\\\\Cors\\\\S...')
#1 A:\\xampp\\htdocs\\ecom\\Laravel-ECommerce-Iyzico\\vendor\\laravel\\framework\\src\\Illuminate\\Foundation\\ProviderRepository.php(61): Illuminate\\Foundation\\ProviderRepository->compileManifest(Array)
#2 A:\\xampp\\htdocs\\ecom\\Laravel-ECommerce-Iyzico\\vendor\\laravel\\framework\\src\\Illuminate\\Foundation\\Application.php(548): Illuminate\\Foundation\\ProviderRepository->load(Array)
#3 A:\\xampp\\htdocs\\ecom\\Laravel-ECommerce-Iyzico\\vendor\\laravel\\framework\\src\\Illuminate\\Foundation\\Bootstrap\\RegisterProviders.php(17): Illuminate\\Foundation\\Application->registerConfiguredProviders()
#4 A:\\xampp\\htdocs\\ecom\\Laravel-ECommerce-Iyzico\\vendor\\laravel\\framework\\src\\Illuminate\\Foundation\\Application.php(206): Illuminate\\Foundation\\Bootstrap\\RegisterProviders->bootstrap(Object(Illuminate\\Foundation\\Application))
#5 A:\\xampp\\htdocs\\ecom\\Laravel-ECommerce-Iyzico\\vendor\\laravel\\framework\\src\\Illuminate\\Foundation\\Http\\Kernel.php(162): Illuminate\\Foundation\\Application->bootstrapWith(Array)
#6 A:\\xampp\\htdocs\\ecom\\Laravel-ECommerce-Iyzico\\vendor\\laravel\\framework\\src\\Illuminate\\Foundation\\Http\\Kernel.php(146): Illuminate\\Foundation\\Http\\Kernel->bootstrap()
#7 A:\\xampp\\htdocs\\ecom\\Laravel-ECommerce-Iyzico\\vendor\\laravel\\framework\\src\\Illuminate\\Foundation\\Http\\Kernel.php(116): Illuminate\\Foundation\\Http\\Kernel->sendRequestThroughRouter(Object(Illuminate\\Http\\Request))
#8 A:\\xampp\\htdocs\\ecom\\Laravel-ECommerce-Iyzico\\public\\index.php(55): Illuminate\\Foundation\\Http\\Kernel->handle(Object(Illuminate\\Http\\Request))
#9 {main}
"} 
[2020-05-01 22:13:29] local.ERROR: Class 'Barryvdh\Cors\ServiceProvider' not found {"exception":"[object] (Symfony\\Component\\Debug\\Exception\\FatalThrowableError(code: 0): Class 'Barryvdh\\Cors\\ServiceProvider' not found at A:\\xampp\\htdocs\\ecom\\Laravel-ECommerce-Iyzico\\vendor\\laravel\\framework\\src\\Illuminate\\Foundation\\ProviderRepository.php:208)
[stacktrace]
#0 A:\\xampp\\htdocs\\ecom\\Laravel-ECommerce-Iyzico\\vendor\\laravel\\framework\\src\\Illuminate\\Foundation\\ProviderRepository.php(144): Illuminate\\Foundation\\ProviderRepository->createProvider('Barryvdh\\\\Cors\\\\S...')
#1 A:\\xampp\\htdocs\\ecom\\Laravel-ECommerce-Iyzico\\vendor\\laravel\\framework\\src\\Illuminate\\Foundation\\ProviderRepository.php(61): Illuminate\\Foundation\\ProviderRepository->compileManifest(Array)
#2 A:\\xampp\\htdocs\\ecom\\Laravel-ECommerce-Iyzico\\vendor\\laravel\\framework\\src\\Illuminate\\Foundation\\Application.php(548): Illuminate\\Foundation\\ProviderRepository->load(Array)
#3 A:\\xampp\\htdocs\\ecom\\Laravel-ECommerce-Iyzico\\vendor\\laravel\\framework\\src\\Illuminate\\Foundation\\Bootstrap\\RegisterProviders.php(17): Illuminate\\Foundation\\Application->registerConfiguredProviders()
#4 A:\\xampp\\htdocs\\ecom\\Laravel-ECommerce-Iyzico\\vendor\\laravel\\framework\\src\\Illuminate\\Foundation\\Application.php(206): Illuminate\\Foundation\\Bootstrap\\RegisterProviders->bootstrap(Object(Illuminate\\Foundation\\Application))
#5 A:\\xampp\\htdocs\\ecom\\Laravel-ECommerce-Iyzico\\vendor\\laravel\\framework\\src\\Illuminate\\Foundation\\Http\\Kernel.php(162): Illuminate\\Foundation\\Application->bootstrapWith(Array)
#6 A:\\xampp\\htdocs\\ecom\\Laravel-ECommerce-Iyzico\\vendor\\laravel\\framework\\src\\Illuminate\\Foundation\\Http\\Kernel.php(146): Illuminate\\Foundation\\Http\\Kernel->bootstrap()
#7 A:\\xampp\\htdocs\\ecom\\Laravel-ECommerce-Iyzico\\vendor\\laravel\\framework\\src\\Illuminate\\Foundation\\Http\\Kernel.php(116): Illuminate\\Foundation\\Http\\Kernel->sendRequestThroughRouter(Object(Illuminate\\Http\\Request))
#8 A:\\xampp\\htdocs\\ecom\\Laravel-ECommerce-Iyzico\\public\\index.php(55): Illuminate\\Foundation\\Http\\Kernel->handle(Object(Illuminate\\Http\\Request))
#9 {main}
"} 
[2020-05-01 22:15:18] local.ERROR: Class 'Barryvdh\Cors\ServiceProvider' not found {"exception":"[object] (Symfony\\Component\\Debug\\Exception\\FatalThrowableError(code: 0): Class 'Barryvdh\\Cors\\ServiceProvider' not found at A:\\xampp\\htdocs\\ecom\\Laravel-ECommerce-Iyzico\\vendor\\laravel\\framework\\src\\Illuminate\\Foundation\\ProviderRepository.php:208)
[stacktrace]
#0 A:\\xampp\\htdocs\\ecom\\Laravel-ECommerce-Iyzico\\vendor\\laravel\\framework\\src\\Illuminate\\Foundation\\ProviderRepository.php(144): Illuminate\\Foundation\\ProviderRepository->createProvider('Barryvdh\\\\Cors\\\\S...')
#1 A:\\xampp\\htdocs\\ecom\\Laravel-ECommerce-Iyzico\\vendor\\laravel\\framework\\src\\Illuminate\\Foundation\\ProviderRepository.php(61): Illuminate\\Foundation\\ProviderRepository->compileManifest(Array)
#2 A:\\xampp\\htdocs\\ecom\\Laravel-ECommerce-Iyzico\\vendor\\laravel\\framework\\src\\Illuminate\\Foundation\\Application.php(548): Illuminate\\Foundation\\ProviderRepository->load(Array)
#3 A:\\xampp\\htdocs\\ecom\\Laravel-ECommerce-Iyzico\\vendor\\laravel\\framework\\src\\Illuminate\\Foundation\\Bootstrap\\RegisterProviders.php(17): Illuminate\\Foundation\\Application->registerConfiguredProviders()
#4 A:\\xampp\\htdocs\\ecom\\Laravel-ECommerce-Iyzico\\vendor\\laravel\\framework\\src\\Illuminate\\Foundation\\Application.php(206): Illuminate\\Foundation\\Bootstrap\\RegisterProviders->bootstrap(Object(Illuminate\\Foundation\\Application))
#5 A:\\xampp\\htdocs\\ecom\\Laravel-ECommerce-Iyzico\\vendor\\laravel\\framework\\src\\Illuminate\\Foundation\\Http\\Kernel.php(162): Illuminate\\Foundation\\Application->bootstrapWith(Array)
#6 A:\\xampp\\htdocs\\ecom\\Laravel-ECommerce-Iyzico\\vendor\\laravel\\framework\\src\\Illuminate\\Foundation\\Http\\Kernel.php(146): Illuminate\\Foundation\\Http\\Kernel->bootstrap()
#7 A:\\xampp\\htdocs\\ecom\\Laravel-ECommerce-Iyzico\\vendor\\laravel\\framework\\src\\Illuminate\\Foundation\\Http\\Kernel.php(116): Illuminate\\Foundation\\Http\\Kernel->sendRequestThroughRouter(Object(Illuminate\\Http\\Request))
#8 A:\\xampp\\htdocs\\ecom\\Laravel-ECommerce-Iyzico\\public\\index.php(55): Illuminate\\Foundation\\Http\\Kernel->handle(Object(Illuminate\\Http\\Request))
#9 {main}
"} 
[2020-05-01 22:15:20] local.ERROR: Class 'Barryvdh\Cors\ServiceProvider' not found {"exception":"[object] (Symfony\\Component\\Debug\\Exception\\FatalThrowableError(code: 0): Class 'Barryvdh\\Cors\\ServiceProvider' not found at A:\\xampp\\htdocs\\ecom\\Laravel-ECommerce-Iyzico\\vendor\\laravel\\framework\\src\\Illuminate\\Foundation\\ProviderRepository.php:208)
[stacktrace]
#0 A:\\xampp\\htdocs\\ecom\\Laravel-ECommerce-Iyzico\\vendor\\laravel\\framework\\src\\Illuminate\\Foundation\\ProviderRepository.php(144): Illuminate\\Foundation\\ProviderRepository->createProvider('Barryvdh\\\\Cors\\\\S...')
#1 A:\\xampp\\htdocs\\ecom\\Laravel-ECommerce-Iyzico\\vendor\\laravel\\framework\\src\\Illuminate\\Foundation\\ProviderRepository.php(61): Illuminate\\Foundation\\ProviderRepository->compileManifest(Array)
#2 A:\\xampp\\htdocs\\ecom\\Laravel-ECommerce-Iyzico\\vendor\\laravel\\framework\\src\\Illuminate\\Foundation\\Application.php(548): Illuminate\\Foundation\\ProviderRepository->load(Array)
#3 A:\\xampp\\htdocs\\ecom\\Laravel-ECommerce-Iyzico\\vendor\\laravel\\framework\\src\\Illuminate\\Foundation\\Bootstrap\\RegisterProviders.php(17): Illuminate\\Foundation\\Application->registerConfiguredProviders()
#4 A:\\xampp\\htdocs\\ecom\\Laravel-ECommerce-Iyzico\\vendor\\laravel\\framework\\src\\Illuminate\\Foundation\\Application.php(206): Illuminate\\Foundation\\Bootstrap\\RegisterProviders->bootstrap(Object(Illuminate\\Foundation\\Application))
#5 A:\\xampp\\htdocs\\ecom\\Laravel-ECommerce-Iyzico\\vendor\\laravel\\framework\\src\\Illuminate\\Foundation\\Http\\Kernel.php(162): Illuminate\\Foundation\\Application->bootstrapWith(Array)
#6 A:\\xampp\\htdocs\\ecom\\Laravel-ECommerce-Iyzico\\vendor\\laravel\\framework\\src\\Illuminate\\Foundation\\Http\\Kernel.php(146): Illuminate\\Foundation\\Http\\Kernel->bootstrap()
#7 A:\\xampp\\htdocs\\ecom\\Laravel-ECommerce-Iyzico\\vendor\\laravel\\framework\\src\\Illuminate\\Foundation\\Http\\Kernel.php(116): Illuminate\\Foundation\\Http\\Kernel->sendRequestThroughRouter(Object(Illuminate\\Http\\Request))
#8 A:\\xampp\\htdocs\\ecom\\Laravel-ECommerce-Iyzico\\public\\index.php(55): Illuminate\\Foundation\\Http\\Kernel->handle(Object(Illuminate\\Http\\Request))
#9 {main}
"} 
[2020-05-01 22:17:42] local.ERROR: Class 'Barryvdh\Cors\ServiceProvider' not found {"exception":"[object] (Symfony\\Component\\Debug\\Exception\\FatalThrowableError(code: 0): Class 'Barryvdh\\Cors\\ServiceProvider' not found at A:\\xampp\\htdocs\\ecom\\Laravel-ECommerce-Iyzico\\vendor\\laravel\\framework\\src\\Illuminate\\Foundation\\ProviderRepository.php:208)
[stacktrace]
#0 A:\\xampp\\htdocs\\ecom\\Laravel-ECommerce-Iyzico\\vendor\\laravel\\framework\\src\\Illuminate\\Foundation\\ProviderRepository.php(144): Illuminate\\Foundation\\ProviderRepository->createProvider('Barryvdh\\\\Cors\\\\S...')
#1 A:\\xampp\\htdocs\\ecom\\Laravel-ECommerce-Iyzico\\vendor\\laravel\\framework\\src\\Illuminate\\Foundation\\ProviderRepository.php(61): Illuminate\\Foundation\\ProviderRepository->compileManifest(Array)
#2 A:\\xampp\\htdocs\\ecom\\Laravel-ECommerce-Iyzico\\vendor\\laravel\\framework\\src\\Illuminate\\Foundation\\Application.php(548): Illuminate\\Foundation\\ProviderRepository->load(Array)
#3 A:\\xampp\\htdocs\\ecom\\Laravel-ECommerce-Iyzico\\vendor\\laravel\\framework\\src\\Illuminate\\Foundation\\Bootstrap\\RegisterProviders.php(17): Illuminate\\Foundation\\Application->registerConfiguredProviders()
#4 A:\\xampp\\htdocs\\ecom\\Laravel-ECommerce-Iyzico\\vendor\\laravel\\framework\\src\\Illuminate\\Foundation\\Application.php(206): Illuminate\\Foundation\\Bootstrap\\RegisterProviders->bootstrap(Object(Illuminate\\Foundation\\Application))
#5 A:\\xampp\\htdocs\\ecom\\Laravel-ECommerce-Iyzico\\vendor\\laravel\\framework\\src\\Illuminate\\Foundation\\Http\\Kernel.php(162): Illuminate\\Foundation\\Application->bootstrapWith(Array)
#6 A:\\xampp\\htdocs\\ecom\\Laravel-ECommerce-Iyzico\\vendor\\laravel\\framework\\src\\Illuminate\\Foundation\\Http\\Kernel.php(146): Illuminate\\Foundation\\Http\\Kernel->bootstrap()
#7 A:\\xampp\\htdocs\\ecom\\Laravel-ECommerce-Iyzico\\vendor\\laravel\\framework\\src\\Illuminate\\Foundation\\Http\\Kernel.php(116): Illuminate\\Foundation\\Http\\Kernel->sendRequestThroughRouter(Object(Illuminate\\Http\\Request))
#8 A:\\xampp\\htdocs\\ecom\\Laravel-ECommerce-Iyzico\\public\\index.php(55): Illuminate\\Foundation\\Http\\Kernel->handle(Object(Illuminate\\Http\\Request))
#9 {main}
"} 
[2020-05-01 23:18:50] local.ERROR: Class 'Barryvdh\Cors\ServiceProvider' not found {"exception":"[object] (Symfony\\Component\\Debug\\Exception\\FatalThrowableError(code: 0): Class 'Barryvdh\\Cors\\ServiceProvider' not found at A:\\xampp\\htdocs\\ecom\\Laravel-ECommerce-Iyzico\\vendor\\laravel\\framework\\src\\Illuminate\\Foundation\\ProviderRepository.php:208)
[stacktrace]
#0 A:\\xampp\\htdocs\\ecom\\Laravel-ECommerce-Iyzico\\vendor\\laravel\\framework\\src\\Illuminate\\Foundation\\ProviderRepository.php(144): Illuminate\\Foundation\\ProviderRepository->createProvider('Barryvdh\\\\Cors\\\\S...')
#1 A:\\xampp\\htdocs\\ecom\\Laravel-ECommerce-Iyzico\\vendor\\laravel\\framework\\src\\Illuminate\\Foundation\\ProviderRepository.php(61): Illuminate\\Foundation\\ProviderRepository->compileManifest(Array)
#2 A:\\xampp\\htdocs\\ecom\\Laravel-ECommerce-Iyzico\\vendor\\laravel\\framework\\src\\Illuminate\\Foundation\\Application.php(548): Illuminate\\Foundation\\ProviderRepository->load(Array)
#3 A:\\xampp\\htdocs\\ecom\\Laravel-ECommerce-Iyzico\\vendor\\laravel\\framework\\src\\Illuminate\\Foundation\\Bootstrap\\RegisterProviders.php(17): Illuminate\\Foundation\\Application->registerConfiguredProviders()
#4 A:\\xampp\\htdocs\\ecom\\Laravel-ECommerce-Iyzico\\vendor\\laravel\\framework\\src\\Illuminate\\Foundation\\Application.php(206): Illuminate\\Foundation\\Bootstrap\\RegisterProviders->bootstrap(Object(Illuminate\\Foundation\\Application))
#5 A:\\xampp\\htdocs\\ecom\\Laravel-ECommerce-Iyzico\\vendor\\laravel\\framework\\src\\Illuminate\\Foundation\\Http\\Kernel.php(162): Illuminate\\Foundation\\Application->bootstrapWith(Array)
#6 A:\\xampp\\htdocs\\ecom\\Laravel-ECommerce-Iyzico\\vendor\\laravel\\framework\\src\\Illuminate\\Foundation\\Http\\Kernel.php(146): Illuminate\\Foundation\\Http\\Kernel->bootstrap()
#7 A:\\xampp\\htdocs\\ecom\\Laravel-ECommerce-Iyzico\\vendor\\laravel\\framework\\src\\Illuminate\\Foundation\\Http\\Kernel.php(116): Illuminate\\Foundation\\Http\\Kernel->sendRequestThroughRouter(Object(Illuminate\\Http\\Request))
#8 A:\\xampp\\htdocs\\ecom\\Laravel-ECommerce-Iyzico\\public\\index.php(55): Illuminate\\Foundation\\Http\\Kernel->handle(Object(Illuminate\\Http\\Request))
#9 {main}
"} 
[2020-05-01 23:23:55] local.ERROR: Class 'Barryvdh\Cors\ServiceProvider' not found {"exception":"[object] (Symfony\\Component\\Debug\\Exception\\FatalThrowableError(code: 0): Class 'Barryvdh\\Cors\\ServiceProvider' not found at A:\\xampp\\htdocs\\ecom\\Laravel-ECommerce-Iyzico\\vendor\\laravel\\framework\\src\\Illuminate\\Foundation\\ProviderRepository.php:208)
[stacktrace]
#0 A:\\xampp\\htdocs\\ecom\\Laravel-ECommerce-Iyzico\\vendor\\laravel\\framework\\src\\Illuminate\\Foundation\\ProviderRepository.php(144): Illuminate\\Foundation\\ProviderRepository->createProvider('Barryvdh\\\\Cors\\\\S...')
#1 A:\\xampp\\htdocs\\ecom\\Laravel-ECommerce-Iyzico\\vendor\\laravel\\framework\\src\\Illuminate\\Foundation\\ProviderRepository.php(61): Illuminate\\Foundation\\ProviderRepository->compileManifest(Array)
#2 A:\\xampp\\htdocs\\ecom\\Laravel-ECommerce-Iyzico\\vendor\\laravel\\framework\\src\\Illuminate\\Foundation\\Application.php(548): Illuminate\\Foundation\\ProviderRepository->load(Array)
#3 A:\\xampp\\htdocs\\ecom\\Laravel-ECommerce-Iyzico\\vendor\\laravel\\framework\\src\\Illuminate\\Foundation\\Bootstrap\\RegisterProviders.php(17): Illuminate\\Foundation\\Application->registerConfiguredProviders()
#4 A:\\xampp\\htdocs\\ecom\\Laravel-ECommerce-Iyzico\\vendor\\laravel\\framework\\src\\Illuminate\\Foundation\\Application.php(206): Illuminate\\Foundation\\Bootstrap\\RegisterProviders->bootstrap(Object(Illuminate\\Foundation\\Application))
#5 A:\\xampp\\htdocs\\ecom\\Laravel-ECommerce-Iyzico\\vendor\\laravel\\framework\\src\\Illuminate\\Foundation\\Console\\Kernel.php(297): Illuminate\\Foundation\\Application->bootstrapWith(Array)
#6 A:\\xampp\\htdocs\\ecom\\Laravel-ECommerce-Iyzico\\vendor\\laravel\\framework\\src\\Illuminate\\Foundation\\Console\\Kernel.php(120): Illuminate\\Foundation\\Console\\Kernel->bootstrap()
#7 A:\\xampp\\htdocs\\ecom\\Laravel-ECommerce-Iyzico\\artisan(37): Illuminate\\Foundation\\Console\\Kernel->handle(Object(Symfony\\Component\\Console\\Input\\ArgvInput), Object(Symfony\\Component\\Console\\Output\\ConsoleOutput))
#8 {main}
"} 
[2020-05-01 23:32:50] local.ERROR: Class 'Barryvdh\Cors\ServiceProvider' not found {"exception":"[object] (Symfony\\Component\\Debug\\Exception\\FatalThrowableError(code: 0): Class 'Barryvdh\\Cors\\ServiceProvider' not found at A:\\xampp\\htdocs\\ecom\\Laravel-ECommerce-Iyzico\\vendor\\laravel\\framework\\src\\Illuminate\\Foundation\\ProviderRepository.php:208)
[stacktrace]
#0 A:\\xampp\\htdocs\\ecom\\Laravel-ECommerce-Iyzico\\vendor\\laravel\\framework\\src\\Illuminate\\Foundation\\ProviderRepository.php(144): Illuminate\\Foundation\\ProviderRepository->createProvider('Barryvdh\\\\Cors\\\\S...')
#1 A:\\xampp\\htdocs\\ecom\\Laravel-ECommerce-Iyzico\\vendor\\laravel\\framework\\src\\Illuminate\\Foundation\\ProviderRepository.php(61): Illuminate\\Foundation\\ProviderRepository->compileManifest(Array)
#2 A:\\xampp\\htdocs\\ecom\\Laravel-ECommerce-Iyzico\\vendor\\laravel\\framework\\src\\Illuminate\\Foundation\\Application.php(548): Illuminate\\Foundation\\ProviderRepository->load(Array)
#3 A:\\xampp\\htdocs\\ecom\\Laravel-ECommerce-Iyzico\\vendor\\laravel\\framework\\src\\Illuminate\\Foundation\\Bootstrap\\RegisterProviders.php(17): Illuminate\\Foundation\\Application->registerConfiguredProviders()
#4 A:\\xampp\\htdocs\\ecom\\Laravel-ECommerce-Iyzico\\vendor\\laravel\\framework\\src\\Illuminate\\Foundation\\Application.php(206): Illuminate\\Foundation\\Bootstrap\\RegisterProviders->bootstrap(Object(Illuminate\\Foundation\\Application))
#5 A:\\xampp\\htdocs\\ecom\\Laravel-ECommerce-Iyzico\\vendor\\laravel\\framework\\src\\Illuminate\\Foundation\\Console\\Kernel.php(297): Illuminate\\Foundation\\Application->bootstrapWith(Array)
#6 A:\\xampp\\htdocs\\ecom\\Laravel-ECommerce-Iyzico\\vendor\\laravel\\framework\\src\\Illuminate\\Foundation\\Console\\Kernel.php(120): Illuminate\\Foundation\\Console\\Kernel->bootstrap()
#7 A:\\xampp\\htdocs\\ecom\\Laravel-ECommerce-Iyzico\\artisan(37): Illuminate\\Foundation\\Console\\Kernel->handle(Object(Symfony\\Component\\Console\\Input\\ArgvInput), Object(Symfony\\Component\\Console\\Output\\ConsoleOutput))
#8 {main}
"} 
[2020-05-01 23:34:33] local.ERROR: Class 'Barryvdh\Cors\ServiceProvider' not found {"exception":"[object] (Symfony\\Component\\Debug\\Exception\\FatalThrowableError(code: 0): Class 'Barryvdh\\Cors\\ServiceProvider' not found at A:\\xampp\\htdocs\\ecom\\Laravel-ECommerce-Iyzico\\vendor\\laravel\\framework\\src\\Illuminate\\Foundation\\ProviderRepository.php:208)
[stacktrace]
#0 A:\\xampp\\htdocs\\ecom\\Laravel-ECommerce-Iyzico\\vendor\\laravel\\framework\\src\\Illuminate\\Foundation\\ProviderRepository.php(144): Illuminate\\Foundation\\ProviderRepository->createProvider('Barryvdh\\\\Cors\\\\S...')
#1 A:\\xampp\\htdocs\\ecom\\Laravel-ECommerce-Iyzico\\vendor\\laravel\\framework\\src\\Illuminate\\Foundation\\ProviderRepository.php(61): Illuminate\\Foundation\\ProviderRepository->compileManifest(Array)
#2 A:\\xampp\\htdocs\\ecom\\Laravel-ECommerce-Iyzico\\vendor\\laravel\\framework\\src\\Illuminate\\Foundation\\Application.php(548): Illuminate\\Foundation\\ProviderRepository->load(Array)
#3 A:\\xampp\\htdocs\\ecom\\Laravel-ECommerce-Iyzico\\vendor\\laravel\\framework\\src\\Illuminate\\Foundation\\Bootstrap\\RegisterProviders.php(17): Illuminate\\Foundation\\Application->registerConfiguredProviders()
#4 A:\\xampp\\htdocs\\ecom\\Laravel-ECommerce-Iyzico\\vendor\\laravel\\framework\\src\\Illuminate\\Foundation\\Application.php(206): Illuminate\\Foundation\\Bootstrap\\RegisterProviders->bootstrap(Object(Illuminate\\Foundation\\Application))
#5 A:\\xampp\\htdocs\\ecom\\Laravel-ECommerce-Iyzico\\vendor\\laravel\\framework\\src\\Illuminate\\Foundation\\Console\\Kernel.php(297): Illuminate\\Foundation\\Application->bootstrapWith(Array)
#6 A:\\xampp\\htdocs\\ecom\\Laravel-ECommerce-Iyzico\\vendor\\laravel\\framework\\src\\Illuminate\\Foundation\\Console\\Kernel.php(120): Illuminate\\Foundation\\Console\\Kernel->bootstrap()
#7 A:\\xampp\\htdocs\\ecom\\Laravel-ECommerce-Iyzico\\artisan(37): Illuminate\\Foundation\\Console\\Kernel->handle(Object(Symfony\\Component\\Console\\Input\\ArgvInput), Object(Symfony\\Component\\Console\\Output\\ConsoleOutput))
#8 {main}
"} 
[2020-05-01 23:35:44] local.ERROR: Class 'Barryvdh\Cors\ServiceProvider' not found {"exception":"[object] (Symfony\\Component\\Debug\\Exception\\FatalThrowableError(code: 0): Class 'Barryvdh\\Cors\\ServiceProvider' not found at A:\\xampp\\htdocs\\ecom\\Laravel-ECommerce-Iyzico\\vendor\\laravel\\framework\\src\\Illuminate\\Foundation\\ProviderRepository.php:208)
[stacktrace]
#0 A:\\xampp\\htdocs\\ecom\\Laravel-ECommerce-Iyzico\\vendor\\laravel\\framework\\src\\Illuminate\\Foundation\\ProviderRepository.php(144): Illuminate\\Foundation\\ProviderRepository->createProvider('Barryvdh\\\\Cors\\\\S...')
#1 A:\\xampp\\htdocs\\ecom\\Laravel-ECommerce-Iyzico\\vendor\\laravel\\framework\\src\\Illuminate\\Foundation\\ProviderRepository.php(61): Illuminate\\Foundation\\ProviderRepository->compileManifest(Array)
#2 A:\\xampp\\htdocs\\ecom\\Laravel-ECommerce-Iyzico\\vendor\\laravel\\framework\\src\\Illuminate\\Foundation\\Application.php(548): Illuminate\\Foundation\\ProviderRepository->load(Array)
#3 A:\\xampp\\htdocs\\ecom\\Laravel-ECommerce-Iyzico\\vendor\\laravel\\framework\\src\\Illuminate\\Foundation\\Bootstrap\\RegisterProviders.php(17): Illuminate\\Foundation\\Application->registerConfiguredProviders()
#4 A:\\xampp\\htdocs\\ecom\\Laravel-ECommerce-Iyzico\\vendor\\laravel\\framework\\src\\Illuminate\\Foundation\\Application.php(206): Illuminate\\Foundation\\Bootstrap\\RegisterProviders->bootstrap(Object(Illuminate\\Foundation\\Application))
#5 A:\\xampp\\htdocs\\ecom\\Laravel-ECommerce-Iyzico\\vendor\\laravel\\framework\\src\\Illuminate\\Foundation\\Console\\Kernel.php(297): Illuminate\\Foundation\\Application->bootstrapWith(Array)
#6 A:\\xampp\\htdocs\\ecom\\Laravel-ECommerce-Iyzico\\vendor\\laravel\\framework\\src\\Illuminate\\Foundation\\Console\\Kernel.php(120): Illuminate\\Foundation\\Console\\Kernel->bootstrap()
#7 A:\\xampp\\htdocs\\ecom\\Laravel-ECommerce-Iyzico\\artisan(37): Illuminate\\Foundation\\Console\\Kernel->handle(Object(Symfony\\Component\\Console\\Input\\ArgvInput), Object(Symfony\\Component\\Console\\Output\\ConsoleOutput))
#8 {main}
"} 
[2020-05-01 23:43:25] local.ERROR: Class 'Barryvdh\Cors\ServiceProvider' not found {"exception":"[object] (Symfony\\Component\\Debug\\Exception\\FatalThrowableError(code: 0): Class 'Barryvdh\\Cors\\ServiceProvider' not found at A:\\xampp\\htdocs\\ecom\\Laravel-ECommerce-Iyzico\\vendor\\laravel\\framework\\src\\Illuminate\\Foundation\\ProviderRepository.php:208)
[stacktrace]
#0 A:\\xampp\\htdocs\\ecom\\Laravel-ECommerce-Iyzico\\vendor\\laravel\\framework\\src\\Illuminate\\Foundation\\ProviderRepository.php(144): Illuminate\\Foundation\\ProviderRepository->createProvider('Barryvdh\\\\Cors\\\\S...')
#1 A:\\xampp\\htdocs\\ecom\\Laravel-ECommerce-Iyzico\\vendor\\laravel\\framework\\src\\Illuminate\\Foundation\\ProviderRepository.php(61): Illuminate\\Foundation\\ProviderRepository->compileManifest(Array)
#2 A:\\xampp\\htdocs\\ecom\\Laravel-ECommerce-Iyzico\\vendor\\laravel\\framework\\src\\Illuminate\\Foundation\\Application.php(548): Illuminate\\Foundation\\ProviderRepository->load(Array)
#3 A:\\xampp\\htdocs\\ecom\\Laravel-ECommerce-Iyzico\\vendor\\laravel\\framework\\src\\Illuminate\\Foundation\\Bootstrap\\RegisterProviders.php(17): Illuminate\\Foundation\\Application->registerConfiguredProviders()
#4 A:\\xampp\\htdocs\\ecom\\Laravel-ECommerce-Iyzico\\vendor\\laravel\\framework\\src\\Illuminate\\Foundation\\Application.php(206): Illuminate\\Foundation\\Bootstrap\\RegisterProviders->bootstrap(Object(Illuminate\\Foundation\\Application))
#5 A:\\xampp\\htdocs\\ecom\\Laravel-ECommerce-Iyzico\\vendor\\laravel\\framework\\src\\Illuminate\\Foundation\\Console\\Kernel.php(297): Illuminate\\Foundation\\Application->bootstrapWith(Array)
#6 A:\\xampp\\htdocs\\ecom\\Laravel-ECommerce-Iyzico\\vendor\\laravel\\framework\\src\\Illuminate\\Foundation\\Console\\Kernel.php(120): Illuminate\\Foundation\\Console\\Kernel->bootstrap()
#7 A:\\xampp\\htdocs\\ecom\\Laravel-ECommerce-Iyzico\\artisan(37): Illuminate\\Foundation\\Console\\Kernel->handle(Object(Symfony\\Component\\Console\\Input\\ArgvInput), Object(Symfony\\Component\\Console\\Output\\ConsoleOutput))
#8 {main}
"} 
[2020-05-01 23:43:39] local.ERROR: Class 'Barryvdh\Cors\ServiceProvider' not found {"exception":"[object] (Symfony\\Component\\Debug\\Exception\\FatalThrowableError(code: 0): Class 'Barryvdh\\Cors\\ServiceProvider' not found at A:\\xampp\\htdocs\\ecom\\Laravel-ECommerce-Iyzico\\vendor\\laravel\\framework\\src\\Illuminate\\Foundation\\ProviderRepository.php:208)
[stacktrace]
#0 A:\\xampp\\htdocs\\ecom\\Laravel-ECommerce-Iyzico\\vendor\\laravel\\framework\\src\\Illuminate\\Foundation\\ProviderRepository.php(144): Illuminate\\Foundation\\ProviderRepository->createProvider('Barryvdh\\\\Cors\\\\S...')
#1 A:\\xampp\\htdocs\\ecom\\Laravel-ECommerce-Iyzico\\vendor\\laravel\\framework\\src\\Illuminate\\Foundation\\ProviderRepository.php(61): Illuminate\\Foundation\\ProviderRepository->compileManifest(Array)
#2 A:\\xampp\\htdocs\\ecom\\Laravel-ECommerce-Iyzico\\vendor\\laravel\\framework\\src\\Illuminate\\Foundation\\Application.php(548): Illuminate\\Foundation\\ProviderRepository->load(Array)
#3 A:\\xampp\\htdocs\\ecom\\Laravel-ECommerce-Iyzico\\vendor\\laravel\\framework\\src\\Illuminate\\Foundation\\Bootstrap\\RegisterProviders.php(17): Illuminate\\Foundation\\Application->registerConfiguredProviders()
#4 A:\\xampp\\htdocs\\ecom\\Laravel-ECommerce-Iyzico\\vendor\\laravel\\framework\\src\\Illuminate\\Foundation\\Application.php(206): Illuminate\\Foundation\\Bootstrap\\RegisterProviders->bootstrap(Object(Illuminate\\Foundation\\Application))
#5 A:\\xampp\\htdocs\\ecom\\Laravel-ECommerce-Iyzico\\vendor\\laravel\\framework\\src\\Illuminate\\Foundation\\Console\\Kernel.php(297): Illuminate\\Foundation\\Application->bootstrapWith(Array)
#6 A:\\xampp\\htdocs\\ecom\\Laravel-ECommerce-Iyzico\\vendor\\laravel\\framework\\src\\Illuminate\\Foundation\\Console\\Kernel.php(120): Illuminate\\Foundation\\Console\\Kernel->bootstrap()
#7 A:\\xampp\\htdocs\\ecom\\Laravel-ECommerce-Iyzico\\artisan(37): Illuminate\\Foundation\\Console\\Kernel->handle(Object(Symfony\\Component\\Console\\Input\\ArgvInput), Object(Symfony\\Component\\Console\\Output\\ConsoleOutput))
#8 {main}
"} 
[2020-05-01 23:44:08] local.ERROR: Class 'Barryvdh\Cors\ServiceProvider' not found {"exception":"[object] (Symfony\\Component\\Debug\\Exception\\FatalThrowableError(code: 0): Class 'Barryvdh\\Cors\\ServiceProvider' not found at A:\\xampp\\htdocs\\ecom\\Laravel-ECommerce-Iyzico\\vendor\\laravel\\framework\\src\\Illuminate\\Foundation\\ProviderRepository.php:208)
[stacktrace]
#0 A:\\xampp\\htdocs\\ecom\\Laravel-ECommerce-Iyzico\\vendor\\laravel\\framework\\src\\Illuminate\\Foundation\\ProviderRepository.php(144): Illuminate\\Foundation\\ProviderRepository->createProvider('Barryvdh\\\\Cors\\\\S...')
#1 A:\\xampp\\htdocs\\ecom\\Laravel-ECommerce-Iyzico\\vendor\\laravel\\framework\\src\\Illuminate\\Foundation\\ProviderRepository.php(61): Illuminate\\Foundation\\ProviderRepository->compileManifest(Array)
#2 A:\\xampp\\htdocs\\ecom\\Laravel-ECommerce-Iyzico\\vendor\\laravel\\framework\\src\\Illuminate\\Foundation\\Application.php(548): Illuminate\\Foundation\\ProviderRepository->load(Array)
#3 A:\\xampp\\htdocs\\ecom\\Laravel-ECommerce-Iyzico\\vendor\\laravel\\framework\\src\\Illuminate\\Foundation\\Bootstrap\\RegisterProviders.php(17): Illuminate\\Foundation\\Application->registerConfiguredProviders()
#4 A:\\xampp\\htdocs\\ecom\\Laravel-ECommerce-Iyzico\\vendor\\laravel\\framework\\src\\Illuminate\\Foundation\\Application.php(206): Illuminate\\Foundation\\Bootstrap\\RegisterProviders->bootstrap(Object(Illuminate\\Foundation\\Application))
#5 A:\\xampp\\htdocs\\ecom\\Laravel-ECommerce-Iyzico\\vendor\\laravel\\framework\\src\\Illuminate\\Foundation\\Http\\Kernel.php(162): Illuminate\\Foundation\\Application->bootstrapWith(Array)
#6 A:\\xampp\\htdocs\\ecom\\Laravel-ECommerce-Iyzico\\vendor\\laravel\\framework\\src\\Illuminate\\Foundation\\Http\\Kernel.php(146): Illuminate\\Foundation\\Http\\Kernel->bootstrap()
#7 A:\\xampp\\htdocs\\ecom\\Laravel-ECommerce-Iyzico\\vendor\\laravel\\framework\\src\\Illuminate\\Foundation\\Http\\Kernel.php(116): Illuminate\\Foundation\\Http\\Kernel->sendRequestThroughRouter(Object(Illuminate\\Http\\Request))
#8 A:\\xampp\\htdocs\\ecom\\Laravel-ECommerce-Iyzico\\public\\index.php(55): Illuminate\\Foundation\\Http\\Kernel->handle(Object(Illuminate\\Http\\Request))
#9 {main}
"} 
[2020-05-01 23:46:18] local.DEBUG: in route services  
[2020-05-01 23:46:49] local.ERROR: Class 'Barryvdh\Cors\ServiceProvider' not found {"exception":"[object] (Symfony\\Component\\Debug\\Exception\\FatalThrowableError(code: 0): Class 'Barryvdh\\Cors\\ServiceProvider' not found at A:\\xampp\\htdocs\\ecom\\Laravel-ECommerce-Iyzico\\vendor\\laravel\\framework\\src\\Illuminate\\Foundation\\Application.php:637)
[stacktrace]
#0 A:\\xampp\\htdocs\\ecom\\Laravel-ECommerce-Iyzico\\vendor\\laravel\\framework\\src\\Illuminate\\Foundation\\Application.php(569): Illuminate\\Foundation\\Application->resolveProvider('Barryvdh\\\\Cors\\\\S...')
#1 A:\\xampp\\htdocs\\ecom\\Laravel-ECommerce-Iyzico\\vendor\\laravel\\framework\\src\\Illuminate\\Foundation\\ProviderRepository.php(75): Illuminate\\Foundation\\Application->register('Barryvdh\\\\Cors\\\\S...')
#2 A:\\xampp\\htdocs\\ecom\\Laravel-ECommerce-Iyzico\\vendor\\laravel\\framework\\src\\Illuminate\\Foundation\\Application.php(548): Illuminate\\Foundation\\ProviderRepository->load(Array)
#3 A:\\xampp\\htdocs\\ecom\\Laravel-ECommerce-Iyzico\\vendor\\laravel\\framework\\src\\Illuminate\\Foundation\\Bootstrap\\RegisterProviders.php(17): Illuminate\\Foundation\\Application->registerConfiguredProviders()
#4 A:\\xampp\\htdocs\\ecom\\Laravel-ECommerce-Iyzico\\vendor\\laravel\\framework\\src\\Illuminate\\Foundation\\Application.php(206): Illuminate\\Foundation\\Bootstrap\\RegisterProviders->bootstrap(Object(Illuminate\\Foundation\\Application))
#5 A:\\xampp\\htdocs\\ecom\\Laravel-ECommerce-Iyzico\\vendor\\laravel\\framework\\src\\Illuminate\\Foundation\\Console\\Kernel.php(297): Illuminate\\Foundation\\Application->bootstrapWith(Array)
#6 A:\\xampp\\htdocs\\ecom\\Laravel-ECommerce-Iyzico\\vendor\\laravel\\framework\\src\\Illuminate\\Foundation\\Console\\Kernel.php(120): Illuminate\\Foundation\\Console\\Kernel->bootstrap()
#7 A:\\xampp\\htdocs\\ecom\\Laravel-ECommerce-Iyzico\\artisan(37): Illuminate\\Foundation\\Console\\Kernel->handle(Object(Symfony\\Component\\Console\\Input\\ArgvInput), Object(Symfony\\Component\\Console\\Output\\ConsoleOutput))
#8 {main}
"} 
[2020-05-01 23:47:05] local.ERROR: Class 'Barryvdh\Cors\ServiceProvider' not found {"exception":"[object] (Symfony\\Component\\Debug\\Exception\\FatalThrowableError(code: 0): Class 'Barryvdh\\Cors\\ServiceProvider' not found at A:\\xampp\\htdocs\\ecom\\Laravel-ECommerce-Iyzico\\vendor\\laravel\\framework\\src\\Illuminate\\Foundation\\Application.php:637)
[stacktrace]
#0 A:\\xampp\\htdocs\\ecom\\Laravel-ECommerce-Iyzico\\vendor\\laravel\\framework\\src\\Illuminate\\Foundation\\Application.php(569): Illuminate\\Foundation\\Application->resolveProvider('Barryvdh\\\\Cors\\\\S...')
#1 A:\\xampp\\htdocs\\ecom\\Laravel-ECommerce-Iyzico\\vendor\\laravel\\framework\\src\\Illuminate\\Foundation\\ProviderRepository.php(75): Illuminate\\Foundation\\Application->register('Barryvdh\\\\Cors\\\\S...')
#2 A:\\xampp\\htdocs\\ecom\\Laravel-ECommerce-Iyzico\\vendor\\laravel\\framework\\src\\Illuminate\\Foundation\\Application.php(548): Illuminate\\Foundation\\ProviderRepository->load(Array)
#3 A:\\xampp\\htdocs\\ecom\\Laravel-ECommerce-Iyzico\\vendor\\laravel\\framework\\src\\Illuminate\\Foundation\\Bootstrap\\RegisterProviders.php(17): Illuminate\\Foundation\\Application->registerConfiguredProviders()
#4 A:\\xampp\\htdocs\\ecom\\Laravel-ECommerce-Iyzico\\vendor\\laravel\\framework\\src\\Illuminate\\Foundation\\Application.php(206): Illuminate\\Foundation\\Bootstrap\\RegisterProviders->bootstrap(Object(Illuminate\\Foundation\\Application))
#5 A:\\xampp\\htdocs\\ecom\\Laravel-ECommerce-Iyzico\\vendor\\laravel\\framework\\src\\Illuminate\\Foundation\\Console\\Kernel.php(297): Illuminate\\Foundation\\Application->bootstrapWith(Array)
#6 A:\\xampp\\htdocs\\ecom\\Laravel-ECommerce-Iyzico\\vendor\\laravel\\framework\\src\\Illuminate\\Foundation\\Console\\Kernel.php(120): Illuminate\\Foundation\\Console\\Kernel->bootstrap()
#7 A:\\xampp\\htdocs\\ecom\\Laravel-ECommerce-Iyzico\\artisan(37): Illuminate\\Foundation\\Console\\Kernel->handle(Object(Symfony\\Component\\Console\\Input\\ArgvInput), Object(Symfony\\Component\\Console\\Output\\ConsoleOutput))
#8 {main}
"} 
[2020-05-01 23:47:15] local.ERROR: Class 'Barryvdh\Cors\ServiceProvider' not found {"exception":"[object] (Symfony\\Component\\Debug\\Exception\\FatalThrowableError(code: 0): Class 'Barryvdh\\Cors\\ServiceProvider' not found at A:\\xampp\\htdocs\\ecom\\Laravel-ECommerce-Iyzico\\vendor\\laravel\\framework\\src\\Illuminate\\Foundation\\Application.php:637)
[stacktrace]
#0 A:\\xampp\\htdocs\\ecom\\Laravel-ECommerce-Iyzico\\vendor\\laravel\\framework\\src\\Illuminate\\Foundation\\Application.php(569): Illuminate\\Foundation\\Application->resolveProvider('Barryvdh\\\\Cors\\\\S...')
#1 A:\\xampp\\htdocs\\ecom\\Laravel-ECommerce-Iyzico\\vendor\\laravel\\framework\\src\\Illuminate\\Foundation\\ProviderRepository.php(75): Illuminate\\Foundation\\Application->register('Barryvdh\\\\Cors\\\\S...')
#2 A:\\xampp\\htdocs\\ecom\\Laravel-ECommerce-Iyzico\\vendor\\laravel\\framework\\src\\Illuminate\\Foundation\\Application.php(548): Illuminate\\Foundation\\ProviderRepository->load(Array)
#3 A:\\xampp\\htdocs\\ecom\\Laravel-ECommerce-Iyzico\\vendor\\laravel\\framework\\src\\Illuminate\\Foundation\\Bootstrap\\RegisterProviders.php(17): Illuminate\\Foundation\\Application->registerConfiguredProviders()
#4 A:\\xampp\\htdocs\\ecom\\Laravel-ECommerce-Iyzico\\vendor\\laravel\\framework\\src\\Illuminate\\Foundation\\Application.php(206): Illuminate\\Foundation\\Bootstrap\\RegisterProviders->bootstrap(Object(Illuminate\\Foundation\\Application))
#5 A:\\xampp\\htdocs\\ecom\\Laravel-ECommerce-Iyzico\\vendor\\laravel\\framework\\src\\Illuminate\\Foundation\\Http\\Kernel.php(162): Illuminate\\Foundation\\Application->bootstrapWith(Array)
#6 A:\\xampp\\htdocs\\ecom\\Laravel-ECommerce-Iyzico\\vendor\\laravel\\framework\\src\\Illuminate\\Foundation\\Http\\Kernel.php(146): Illuminate\\Foundation\\Http\\Kernel->bootstrap()
#7 A:\\xampp\\htdocs\\ecom\\Laravel-ECommerce-Iyzico\\vendor\\laravel\\framework\\src\\Illuminate\\Foundation\\Http\\Kernel.php(116): Illuminate\\Foundation\\Http\\Kernel->sendRequestThroughRouter(Object(Illuminate\\Http\\Request))
#8 A:\\xampp\\htdocs\\ecom\\Laravel-ECommerce-Iyzico\\public\\index.php(55): Illuminate\\Foundation\\Http\\Kernel->handle(Object(Illuminate\\Http\\Request))
#9 {main}
"} 
