[2019-06-24 14:33:09] local.DEBUG: in route services  
[2019-06-24 14:33:16] local.DEBUG: in route services  
[2019-06-24 14:33:16] local.DEBUG: in route services  
[2019-06-24 14:33:16] local.DEBUG: in route services  
[2019-06-24 14:33:17] local.DEBUG: in route services  
[2019-06-24 14:33:17] local.DEBUG: in route services  
[2019-06-24 14:33:17] local.DEBUG: in route services  
[2019-06-24 14:33:17] local.DEBUG: in route services  
[2019-06-24 14:36:14] local.DEBUG: in route services  
[2019-06-24 14:36:15] local.DEBUG: in route services  
[2019-06-24 14:36:28] local.DEBUG: in route services  
[2019-06-24 14:36:29] local.DEBUG: in route services  
[2019-06-24 14:36:29] local.DEBUG: in route services  
[2019-06-24 14:36:29] local.DEBUG: in route services  
[2019-06-24 14:36:38] local.DEBUG: in route services  
[2019-06-24 14:36:38] local.ERROR: Trying to get property 'id' of non-object {"exception":"[object] (ErrorException(code: 0): Trying to get property 'id' of non-object at A:\\xampp\\htdocs\\AdminPanel\\app\\Http\\Controllers\\DonationsController.php:52)
[stacktrace]
#0 A:\\xampp\\htdocs\\AdminPanel\\app\\Http\\Controllers\\DonationsController.php(52): Illuminate\\Foundation\\Bootstrap\\HandleExceptions->handleError(8, 'Trying to get p...', 'A:\\\\xampp\\\\htdocs...', 52, Array)
#1 [internal function]: App\\Http\\Controllers\\DonationsController->store(Object(Illuminate\\Http\\Request))
#2 A:\\xampp\\htdocs\\AdminPanel\\vendor\\laravel\\framework\\src\\Illuminate\\Routing\\Controller.php(54): call_user_func_array(Array, Array)
#3 A:\\xampp\\htdocs\\AdminPanel\\vendor\\laravel\\framework\\src\\Illuminate\\Routing\\ControllerDispatcher.php(45): Illuminate\\Routing\\Controller->callAction('store', Array)
#4 A:\\xampp\\htdocs\\AdminPanel\\vendor\\laravel\\framework\\src\\Illuminate\\Routing\\Route.php(219): Illuminate\\Routing\\ControllerDispatcher->dispatch(Object(Illuminate\\Routing\\Route), Object(App\\Http\\Controllers\\DonationsController), 'store')
#5 A:\\xampp\\htdocs\\AdminPanel\\vendor\\laravel\\framework\\src\\Illuminate\\Routing\\Route.php(176): Illuminate\\Routing\\Route->runController()
#6 A:\\xampp\\htdocs\\AdminPanel\\vendor\\laravel\\framework\\src\\Illuminate\\Routing\\Router.php(682): Illuminate\\Routing\\Route->run()
#7 A:\\xampp\\htdocs\\AdminPanel\\vendor\\laravel\\framework\\src\\Illuminate\\Routing\\Pipeline.php(30): Illuminate\\Routing\\Router->Illuminate\\Routing\\{closure}(Object(Illuminate\\Http\\Request))
#8 A:\\xampp\\htdocs\\AdminPanel\\vendor\\laravel\\framework\\src\\Illuminate\\Routing\\Middleware\\SubstituteBindings.php(41): Illuminate\\Routing\\Pipeline->Illuminate\\Routing\\{closure}(Object(Illuminate\\Http\\Request))
#9 A:\\xampp\\htdocs\\AdminPanel\\vendor\\laravel\\framework\\src\\Illuminate\\Pipeline\\Pipeline.php(163): Illuminate\\Routing\\Middleware\\SubstituteBindings->handle(Object(Illuminate\\Http\\Request), Object(Closure))
#10 A:\\xampp\\htdocs\\AdminPanel\\vendor\\laravel\\framework\\src\\Illuminate\\Routing\\Pipeline.php(53): Illuminate\\Pipeline\\Pipeline->Illuminate\\Pipeline\\{closure}(Object(Illuminate\\Http\\Request))
#11 A:\\xampp\\htdocs\\AdminPanel\\vendor\\laravel\\framework\\src\\Illuminate\\Foundation\\Http\\Middleware\\VerifyCsrfToken.php(75): Illuminate\\Routing\\Pipeline->Illuminate\\Routing\\{closure}(Object(Illuminate\\Http\\Request))
#12 A:\\xampp\\htdocs\\AdminPanel\\vendor\\laravel\\framework\\src\\Illuminate\\Pipeline\\Pipeline.php(163): Illuminate\\Foundation\\Http\\Middleware\\VerifyCsrfToken->handle(Object(Illuminate\\Http\\Request), Object(Closure))
#13 A:\\xampp\\htdocs\\AdminPanel\\vendor\\laravel\\framework\\src\\Illuminate\\Routing\\Pipeline.php(53): Illuminate\\Pipeline\\Pipeline->Illuminate\\Pipeline\\{closure}(Object(Illuminate\\Http\\Request))
#14 A:\\xampp\\htdocs\\AdminPanel\\vendor\\laravel\\framework\\src\\Illuminate\\View\\Middleware\\ShareErrorsFromSession.php(49): Illuminate\\Routing\\Pipeline->Illuminate\\Routing\\{closure}(Object(Illuminate\\Http\\Request))
#15 A:\\xampp\\htdocs\\AdminPanel\\vendor\\laravel\\framework\\src\\Illuminate\\Pipeline\\Pipeline.php(163): Illuminate\\View\\Middleware\\ShareErrorsFromSession->handle(Object(Illuminate\\Http\\Request), Object(Closure))
#16 A:\\xampp\\htdocs\\AdminPanel\\vendor\\laravel\\framework\\src\\Illuminate\\Routing\\Pipeline.php(53): Illuminate\\Pipeline\\Pipeline->Illuminate\\Pipeline\\{closure}(Object(Illuminate\\Http\\Request))
#17 A:\\xampp\\htdocs\\AdminPanel\\vendor\\laravel\\framework\\src\\Illuminate\\Session\\Middleware\\StartSession.php(63): Illuminate\\Routing\\Pipeline->Illuminate\\Routing\\{closure}(Object(Illuminate\\Http\\Request))
#18 A:\\xampp\\htdocs\\AdminPanel\\vendor\\laravel\\framework\\src\\Illuminate\\Pipeline\\Pipeline.php(163): Illuminate\\Session\\Middleware\\StartSession->handle(Object(Illuminate\\Http\\Request), Object(Closure))
#19 A:\\xampp\\htdocs\\AdminPanel\\vendor\\laravel\\framework\\src\\Illuminate\\Routing\\Pipeline.php(53): Illuminate\\Pipeline\\Pipeline->Illuminate\\Pipeline\\{closure}(Object(Illuminate\\Http\\Request))
#20 A:\\xampp\\htdocs\\AdminPanel\\vendor\\laravel\\framework\\src\\Illuminate\\Cookie\\Middleware\\AddQueuedCookiesToResponse.php(37): Illuminate\\Routing\\Pipeline->Illuminate\\Routing\\{closure}(Object(Illuminate\\Http\\Request))
#21 A:\\xampp\\htdocs\\AdminPanel\\vendor\\laravel\\framework\\src\\Illuminate\\Pipeline\\Pipeline.php(163): Illuminate\\Cookie\\Middleware\\AddQueuedCookiesToResponse->handle(Object(Illuminate\\Http\\Request), Object(Closure))
#22 A:\\xampp\\htdocs\\AdminPanel\\vendor\\laravel\\framework\\src\\Illuminate\\Routing\\Pipeline.php(53): Illuminate\\Pipeline\\Pipeline->Illuminate\\Pipeline\\{closure}(Object(Illuminate\\Http\\Request))
#23 A:\\xampp\\htdocs\\AdminPanel\\vendor\\laravel\\framework\\src\\Illuminate\\Cookie\\Middleware\\EncryptCookies.php(66): Illuminate\\Routing\\Pipeline->Illuminate\\Routing\\{closure}(Object(Illuminate\\Http\\Request))
#24 A:\\xampp\\htdocs\\AdminPanel\\vendor\\laravel\\framework\\src\\Illuminate\\Pipeline\\Pipeline.php(163): Illuminate\\Cookie\\Middleware\\EncryptCookies->handle(Object(Illuminate\\Http\\Request), Object(Closure))
#25 A:\\xampp\\htdocs\\AdminPanel\\vendor\\laravel\\framework\\src\\Illuminate\\Routing\\Pipeline.php(53): Illuminate\\Pipeline\\Pipeline->Illuminate\\Pipeline\\{closure}(Object(Illuminate\\Http\\Request))
#26 A:\\xampp\\htdocs\\AdminPanel\\vendor\\laravel\\framework\\src\\Illuminate\\Pipeline\\Pipeline.php(104): Illuminate\\Routing\\Pipeline->Illuminate\\Routing\\{closure}(Object(Illuminate\\Http\\Request))
#27 A:\\xampp\\htdocs\\AdminPanel\\vendor\\laravel\\framework\\src\\Illuminate\\Routing\\Router.php(684): Illuminate\\Pipeline\\Pipeline->then(Object(Closure))
#28 A:\\xampp\\htdocs\\AdminPanel\\vendor\\laravel\\framework\\src\\Illuminate\\Routing\\Router.php(659): Illuminate\\Routing\\Router->runRouteWithinStack(Object(Illuminate\\Routing\\Route), Object(Illuminate\\Http\\Request))
#29 A:\\xampp\\htdocs\\AdminPanel\\vendor\\laravel\\framework\\src\\Illuminate\\Routing\\Router.php(625): Illuminate\\Routing\\Router->runRoute(Object(Illuminate\\Http\\Request), Object(Illuminate\\Routing\\Route))
#30 A:\\xampp\\htdocs\\AdminPanel\\vendor\\laravel\\framework\\src\\Illuminate\\Routing\\Router.php(614): Illuminate\\Routing\\Router->dispatchToRoute(Object(Illuminate\\Http\\Request))
#31 A:\\xampp\\htdocs\\AdminPanel\\vendor\\laravel\\framework\\src\\Illuminate\\Foundation\\Http\\Kernel.php(176): Illuminate\\Routing\\Router->dispatch(Object(Illuminate\\Http\\Request))
#32 A:\\xampp\\htdocs\\AdminPanel\\vendor\\laravel\\framework\\src\\Illuminate\\Routing\\Pipeline.php(30): Illuminate\\Foundation\\Http\\Kernel->Illuminate\\Foundation\\Http\\{closure}(Object(Illuminate\\Http\\Request))
#33 A:\\xampp\\htdocs\\AdminPanel\\vendor\\fideloper\\proxy\\src\\TrustProxies.php(57): Illuminate\\Routing\\Pipeline->Illuminate\\Routing\\{closure}(Object(Illuminate\\Http\\Request))
#34 A:\\xampp\\htdocs\\AdminPanel\\vendor\\laravel\\framework\\src\\Illuminate\\Pipeline\\Pipeline.php(163): Fideloper\\Proxy\\TrustProxies->handle(Object(Illuminate\\Http\\Request), Object(Closure))
#35 A:\\xampp\\htdocs\\AdminPanel\\vendor\\laravel\\framework\\src\\Illuminate\\Routing\\Pipeline.php(53): Illuminate\\Pipeline\\Pipeline->Illuminate\\Pipeline\\{closure}(Object(Illuminate\\Http\\Request))
#36 A:\\xampp\\htdocs\\AdminPanel\\vendor\\laravel\\framework\\src\\Illuminate\\Foundation\\Http\\Middleware\\TransformsRequest.php(31): Illuminate\\Routing\\Pipeline->Illuminate\\Routing\\{closure}(Object(Illuminate\\Http\\Request))
#37 A:\\xampp\\htdocs\\AdminPanel\\vendor\\laravel\\framework\\src\\Illuminate\\Pipeline\\Pipeline.php(163): Illuminate\\Foundation\\Http\\Middleware\\TransformsRequest->handle(Object(Illuminate\\Http\\Request), Object(Closure))
#38 A:\\xampp\\htdocs\\AdminPanel\\vendor\\laravel\\framework\\src\\Illuminate\\Routing\\Pipeline.php(53): Illuminate\\Pipeline\\Pipeline->Illuminate\\Pipeline\\{closure}(Object(Illuminate\\Http\\Request))
#39 A:\\xampp\\htdocs\\AdminPanel\\vendor\\laravel\\framework\\src\\Illuminate\\Foundation\\Http\\Middleware\\TransformsRequest.php(31): Illuminate\\Routing\\Pipeline->Illuminate\\Routing\\{closure}(Object(Illuminate\\Http\\Request))
#40 A:\\xampp\\htdocs\\AdminPanel\\vendor\\laravel\\framework\\src\\Illuminate\\Pipeline\\Pipeline.php(163): Illuminate\\Foundation\\Http\\Middleware\\TransformsRequest->handle(Object(Illuminate\\Http\\Request), Object(Closure))
#41 A:\\xampp\\htdocs\\AdminPanel\\vendor\\laravel\\framework\\src\\Illuminate\\Routing\\Pipeline.php(53): Illuminate\\Pipeline\\Pipeline->Illuminate\\Pipeline\\{closure}(Object(Illuminate\\Http\\Request))
#42 A:\\xampp\\htdocs\\AdminPanel\\vendor\\laravel\\framework\\src\\Illuminate\\Foundation\\Http\\Middleware\\ValidatePostSize.php(27): Illuminate\\Routing\\Pipeline->Illuminate\\Routing\\{closure}(Object(Illuminate\\Http\\Request))
#43 A:\\xampp\\htdocs\\AdminPanel\\vendor\\laravel\\framework\\src\\Illuminate\\Pipeline\\Pipeline.php(163): Illuminate\\Foundation\\Http\\Middleware\\ValidatePostSize->handle(Object(Illuminate\\Http\\Request), Object(Closure))
#44 A:\\xampp\\htdocs\\AdminPanel\\vendor\\laravel\\framework\\src\\Illuminate\\Routing\\Pipeline.php(53): Illuminate\\Pipeline\\Pipeline->Illuminate\\Pipeline\\{closure}(Object(Illuminate\\Http\\Request))
#45 A:\\xampp\\htdocs\\AdminPanel\\vendor\\laravel\\framework\\src\\Illuminate\\Foundation\\Http\\Middleware\\CheckForMaintenanceMode.php(62): Illuminate\\Routing\\Pipeline->Illuminate\\Routing\\{closure}(Object(Illuminate\\Http\\Request))
#46 A:\\xampp\\htdocs\\AdminPanel\\vendor\\laravel\\framework\\src\\Illuminate\\Pipeline\\Pipeline.php(163): Illuminate\\Foundation\\Http\\Middleware\\CheckForMaintenanceMode->handle(Object(Illuminate\\Http\\Request), Object(Closure))
#47 A:\\xampp\\htdocs\\AdminPanel\\vendor\\laravel\\framework\\src\\Illuminate\\Routing\\Pipeline.php(53): Illuminate\\Pipeline\\Pipeline->Illuminate\\Pipeline\\{closure}(Object(Illuminate\\Http\\Request))
#48 A:\\xampp\\htdocs\\AdminPanel\\vendor\\laravel\\framework\\src\\Illuminate\\Pipeline\\Pipeline.php(104): Illuminate\\Routing\\Pipeline->Illuminate\\Routing\\{closure}(Object(Illuminate\\Http\\Request))
#49 A:\\xampp\\htdocs\\AdminPanel\\vendor\\laravel\\framework\\src\\Illuminate\\Foundation\\Http\\Kernel.php(151): Illuminate\\Pipeline\\Pipeline->then(Object(Closure))
#50 A:\\xampp\\htdocs\\AdminPanel\\vendor\\laravel\\framework\\src\\Illuminate\\Foundation\\Http\\Kernel.php(116): Illuminate\\Foundation\\Http\\Kernel->sendRequestThroughRouter(Object(Illuminate\\Http\\Request))
#51 A:\\xampp\\htdocs\\AdminPanel\\public\\index.php(55): Illuminate\\Foundation\\Http\\Kernel->handle(Object(Illuminate\\Http\\Request))
#52 {main}
"} 
[2019-06-24 14:37:01] local.DEBUG: in route services  
[2019-06-24 14:37:07] local.DEBUG: in route services  
[2019-06-24 14:37:08] local.DEBUG: in route services  
[2019-06-24 14:37:16] local.DEBUG: in route services  
[2019-06-24 14:37:17] local.DEBUG: in route services  
[2019-06-24 14:37:19] local.DEBUG: in route services  
[2019-06-24 14:37:19] local.DEBUG: in route services  
[2019-06-24 14:37:19] local.DEBUG: in route services  
[2019-06-24 14:37:19] local.DEBUG: in route services  
[2019-06-24 14:37:19] local.DEBUG: in route services  
[2019-06-24 14:37:20] local.DEBUG: in route services  
[2019-06-24 14:37:20] local.DEBUG: in route services  
[2019-06-24 14:37:28] local.DEBUG: in route services  
[2019-06-24 14:37:29] local.DEBUG: in route services  
[2019-06-24 14:38:47] local.DEBUG: in route services  
[2019-06-24 14:38:48] local.DEBUG: in route services  
[2019-06-24 14:38:48] local.DEBUG: in route services  
[2019-06-24 14:38:48] local.DEBUG: in route services  
[2019-06-24 14:38:53] local.DEBUG: in route services  
[2019-06-24 14:38:54] local.DEBUG: in route services  
[2019-06-24 14:38:55] local.DEBUG: in route services  
[2019-06-24 14:38:55] local.DEBUG: in route services  
[2019-06-24 14:38:55] local.DEBUG: in route services  
[2019-06-24 14:38:55] local.DEBUG: in route services  
[2019-06-24 14:38:55] local.DEBUG: in route services  
[2019-06-24 14:38:56] local.DEBUG: in route services  
[2019-06-24 14:38:56] local.DEBUG: in route services  
[2019-06-24 14:38:59] local.DEBUG: in route services  
[2019-06-24 14:39:00] local.DEBUG: in route services  
[2019-06-24 14:39:16] local.DEBUG: in route services  
[2019-06-24 14:39:17] local.DEBUG: in route services  
[2019-06-24 14:39:17] local.DEBUG: in route services  
[2019-06-24 14:39:17] local.DEBUG: in route services  
[2019-06-24 14:39:23] local.DEBUG: in route services  
[2019-06-24 14:39:24] local.DEBUG: in route services  
[2019-06-24 14:39:25] local.DEBUG: in route services  
[2019-06-24 14:39:25] local.DEBUG: in route services  
[2019-06-24 14:39:25] local.DEBUG: in route services  
[2019-06-24 14:39:25] local.DEBUG: in route services  
[2019-06-24 14:39:26] local.DEBUG: in route services  
[2019-06-24 14:39:26] local.DEBUG: in route services  
[2019-06-24 14:39:26] local.DEBUG: in route services  
[2019-06-24 14:39:28] local.DEBUG: in route services  
[2019-06-24 14:39:29] local.DEBUG: in route services  
[2019-06-24 14:39:54] local.DEBUG: in route services  
[2019-06-24 14:39:55] local.DEBUG: in route services  
[2019-06-24 14:39:55] local.DEBUG: in route services  
[2019-06-24 14:40:18] local.DEBUG: in route services  
[2019-06-24 14:40:19] local.DEBUG: in route services  
[2019-06-24 14:41:00] local.DEBUG: in route services  
[2019-06-24 14:41:18] local.DEBUG: in route services  
[2019-06-24 14:41:20] local.DEBUG: in route services  
[2019-06-24 14:41:33] local.DEBUG: in route services  
[2019-06-24 14:41:34] local.DEBUG: in route services  
[2019-06-24 14:41:45] local.DEBUG: in route services  
[2019-06-24 14:41:46] local.DEBUG: in route services  
[2019-06-24 14:41:46] local.DEBUG: in route services  
[2019-06-24 14:41:46] local.DEBUG: in route services  
[2019-06-24 14:41:53] local.DEBUG: in route services  
[2019-06-24 14:41:54] local.DEBUG: in route services  
[2019-06-24 14:41:55] local.DEBUG: in route services  
[2019-06-24 14:41:55] local.DEBUG: in route services  
[2019-06-24 14:41:56] local.DEBUG: in route services  
[2019-06-24 14:41:56] local.DEBUG: in route services  
[2019-06-24 14:41:56] local.DEBUG: in route services  
[2019-06-24 14:41:56] local.DEBUG: in route services  
[2019-06-24 14:41:56] local.DEBUG: in route services  
[2019-06-24 14:41:58] local.DEBUG: in route services  
[2019-06-24 14:41:59] local.DEBUG: in route services  
[2019-06-24 14:56:23] local.DEBUG: in route services  
[2019-06-24 14:56:31] local.DEBUG: in route services  
