[2019-06-13 00:30:37] local.ERROR: Maximum execution time of 30 seconds exceeded {"exception":"[object] (Symfony\\Component\\Debug\\Exception\\FatalErrorException(code: 1): Maximum execution time of 30 seconds exceeded at A:\\xampp\\htdocs\\AdminPanel\\vendor\\laravel\\framework\\src\\Illuminate\\Pagination\\Paginator.php:15)
[stacktrace]
#0 {main}
"} 
[2019-06-13 00:30:58] local.DEBUG: in route services  
[2019-06-13 00:31:01] local.DEBUG: in route services  
[2019-06-13 00:31:09] local.DEBUG: in route services  
[2019-06-13 00:31:12] local.DEBUG: in route services  
[2019-06-13 00:31:20] local.DEBUG: in route services  
[2019-06-13 00:31:27] local.DEBUG: in route services  
[2019-06-13 00:32:00] local.DEBUG: in route services  
[2019-06-13 00:33:44] local.DEBUG: in route services  
[2019-06-13 03:10:53] local.DEBUG: in route services  
[2019-06-13 03:10:57] local.DEBUG: in route services  
[2019-06-13 03:13:01] local.DEBUG: in route services  
[2019-06-13 03:13:05] local.DEBUG: in route services  
[2019-06-13 03:13:05] local.DEBUG: in route services  
[2019-06-13 03:13:06] local.DEBUG: in route services  
[2019-06-13 03:13:06] local.DEBUG: in route services  
[2019-06-13 03:13:06] local.DEBUG: in route services  
[2019-06-13 03:13:06] local.DEBUG: in route services  
[2019-06-13 03:13:08] local.DEBUG: in route services  
[2019-06-13 03:13:28] local.DEBUG: in route services  
[2019-06-13 03:15:02] local.DEBUG: in route services  
[2019-06-13 03:15:13] local.DEBUG: in route services  
[2019-06-13 03:15:16] local.DEBUG: in route services  
[2019-06-13 03:15:24] local.DEBUG: in route services  
[2019-06-13 03:17:39] local.DEBUG: in route services  
[2019-06-13 03:18:01] local.DEBUG: in route services  
[2019-06-13 03:19:02] local.DEBUG: in route services  
[2019-06-13 04:04:12] local.DEBUG: in route services  
[2019-06-13 04:04:18] local.DEBUG: in route services  
[2019-06-13 04:08:33] local.DEBUG: in route services  
[2019-06-13 04:08:34] local.DEBUG: in route services  
[2019-06-13 04:27:45] local.DEBUG: in route services  
[2019-06-13 06:36:55] local.DEBUG: in route services  
[2019-06-13 06:39:14] local.DEBUG: in route services  
[2019-06-13 06:39:16] local.DEBUG: in route services  
[2019-06-13 06:40:14] local.DEBUG: in route services  
[2019-06-13 06:40:26] local.DEBUG: in route services  
[2019-06-13 06:40:29] local.DEBUG: in route services  
[2019-06-13 06:40:32] local.DEBUG: in route services  
[2019-06-13 06:40:35] local.DEBUG: in route services  
[2019-06-13 06:40:38] local.DEBUG: in route services  
[2019-06-13 06:40:40] local.DEBUG: in route services  
[2019-06-13 06:40:44] local.DEBUG: in route services  
[2019-06-13 06:40:48] local.DEBUG: in route services  
[2019-06-13 06:40:49] local.DEBUG: in route services  
[2019-06-13 06:40:49] local.DEBUG: in route services  
[2019-06-13 06:40:50] local.DEBUG: in route services  
[2019-06-13 06:40:50] local.DEBUG: in route services  
[2019-06-13 06:40:50] local.DEBUG: in route services  
[2019-06-13 06:42:30] local.DEBUG: in route services  
[2019-06-13 06:42:35] local.DEBUG: in route services  
[2019-06-13 06:43:10] local.DEBUG: in route services  
[2019-06-13 06:43:15] local.DEBUG: in route services  
[2019-06-13 06:43:19] local.DEBUG: in route services  
[2019-06-13 06:43:24] local.DEBUG: in route services  
[2019-06-13 06:43:26] local.DEBUG: in route services  
[2019-06-13 06:49:17] local.DEBUG: in route services  
[2019-06-13 06:49:17] local.DEBUG: in route services  
[2019-06-13 06:50:05] local.DEBUG: in route services  
[2019-06-13 06:52:35] local.DEBUG: in route services  
[2019-06-13 06:52:38] local.DEBUG: in route services  
[2019-06-13 06:52:39] local.DEBUG: in route services  
[2019-06-13 06:52:40] local.DEBUG: in route services  
[2019-06-13 06:53:52] local.DEBUG: in route services  
[2019-06-13 06:53:56] local.DEBUG: in route services  
[2019-06-13 06:53:56] local.DEBUG: in route services  
[2019-06-13 06:53:57] local.DEBUG: in route services  
[2019-06-13 06:53:57] local.DEBUG: in route services  
[2019-06-13 06:53:57] local.DEBUG: in route services  
[2019-06-13 06:53:57] local.DEBUG: in route services  
[2019-06-13 06:53:57] local.DEBUG: in route services  
[2019-06-13 06:55:01] local.DEBUG: in route services  
[2019-06-13 06:55:01] local.DEBUG: in route services  
[2019-06-13 06:55:01] local.DEBUG: in route services  
[2019-06-13 06:55:01] local.DEBUG: in route services  
[2019-06-13 06:55:01] local.DEBUG: in route services  
[2019-06-13 06:55:01] local.DEBUG: in route services  
[2019-06-13 06:57:20] local.DEBUG: in route services  
[2019-06-13 06:57:21] local.DEBUG: in route services  
[2019-06-13 06:57:24] local.DEBUG: in route services  
[2019-06-13 06:57:24] local.DEBUG: in route services  
[2019-06-13 06:57:24] local.DEBUG: in route services  
[2019-06-13 06:57:24] local.DEBUG: in route services  
[2019-06-13 06:57:24] local.DEBUG: in route services  
[2019-06-13 06:57:24] local.DEBUG: in route services  
[2019-06-13 06:57:25] local.DEBUG: in route services  
[2019-06-13 06:57:26] local.DEBUG: in route services  
[2019-06-13 06:57:27] local.DEBUG: in route services  
[2019-06-13 06:57:27] local.DEBUG: in route services  
[2019-06-13 06:57:27] local.DEBUG: in route services  
[2019-06-13 06:57:27] local.DEBUG: in route services  
[2019-06-13 06:57:27] local.DEBUG: in route services  
[2019-06-13 06:57:27] local.DEBUG: in route services  
[2019-06-13 06:57:28] local.DEBUG: in route services  
[2019-06-13 06:57:29] local.DEBUG: in route services  
[2019-06-13 06:57:57] local.DEBUG: in route services  
[2019-06-13 06:58:00] local.DEBUG: in route services  
[2019-06-13 07:18:14] local.DEBUG: in route services  
[2019-06-13 07:18:19] local.DEBUG: in route services  
[2019-06-13 07:18:19] local.DEBUG: in route services  
[2019-06-13 07:18:19] local.DEBUG: in route services  
[2019-06-13 07:18:19] local.DEBUG: in route services  
[2019-06-13 07:18:19] local.DEBUG: in route services  
[2019-06-13 07:18:19] local.DEBUG: in route services  
[2019-06-13 07:18:20] local.DEBUG: in route services  
[2019-06-13 07:19:16] local.DEBUG: in route services  
[2019-06-13 07:19:27] local.DEBUG: in route services  
[2019-06-13 07:19:29] local.DEBUG: in route services  
[2019-06-13 07:19:33] local.DEBUG: in route services  
[2019-06-13 07:20:37] local.DEBUG: in route services  
[2019-06-13 07:21:21] local.DEBUG: in route services  
[2019-06-13 07:21:38] local.DEBUG: in route services  
[2019-06-13 07:21:39] local.DEBUG: in route services  
[2019-06-13 07:21:39] local.DEBUG: in route services  
[2019-06-13 07:21:39] local.DEBUG: in route services  
[2019-06-13 07:21:39] local.DEBUG: in route services  
[2019-06-13 07:21:39] local.DEBUG: in route services  
[2019-06-13 07:21:39] local.DEBUG: in route services  
[2019-06-13 07:21:40] local.DEBUG: in route services  
[2019-06-13 07:21:55] local.DEBUG: in route services  
[2019-06-13 07:21:59] local.DEBUG: in route services  
[2019-06-13 07:26:20] local.DEBUG: in route services  
[2019-06-13 07:26:22] local.DEBUG: in route services  
[2019-06-13 07:26:22] local.DEBUG: in route services  
[2019-06-13 07:26:22] local.DEBUG: in route services  
[2019-06-13 07:26:31] local.DEBUG: in route services  
[2019-06-13 07:26:32] local.DEBUG: in route services  
[2019-06-13 07:26:37] local.DEBUG: in route services  
[2019-06-13 07:26:57] local.DEBUG: in route services  
[2019-06-13 07:26:59] local.DEBUG: in route services  
[2019-06-13 07:26:59] local.DEBUG: in route services  
[2019-06-13 07:26:59] local.DEBUG: in route services  
[2019-06-13 07:26:59] local.DEBUG: in route services  
[2019-06-13 07:26:59] local.DEBUG: in route services  
[2019-06-13 07:26:59] local.DEBUG: in route services  
[2019-06-13 07:27:00] local.DEBUG: in route services  
[2019-06-13 07:27:03] local.DEBUG: in route services  
[2019-06-13 07:27:30] local.DEBUG: in route services  
[2019-06-13 07:27:36] local.DEBUG: in route services  
[2019-06-13 07:27:56] local.DEBUG: in route services  
[2019-06-13 07:27:57] local.DEBUG: in route services  
[2019-06-13 07:28:11] local.DEBUG: in route services  
[2019-06-13 07:28:12] local.DEBUG: in route services  
[2019-06-13 07:28:13] local.DEBUG: in route services  
[2019-06-13 07:28:13] local.DEBUG: in route services  
[2019-06-13 07:28:13] local.DEBUG: in route services  
[2019-06-13 07:29:21] local.DEBUG: in route services  
[2019-06-13 07:29:22] local.DEBUG: in route services  
[2019-06-13 07:29:33] local.DEBUG: in route services  
[2019-06-13 07:29:48] local.DEBUG: in route services  
[2019-06-13 07:30:01] local.DEBUG: in route services  
[2019-06-13 07:30:02] local.DEBUG: in route services  
[2019-06-13 07:30:39] local.DEBUG: in route services  
[2019-06-13 07:30:43] local.DEBUG: in route services  
[2019-06-13 07:31:00] local.DEBUG: in route services  
[2019-06-13 07:31:01] local.DEBUG: in route services  
[2019-06-13 07:31:01] local.DEBUG: in route services  
[2019-06-13 07:31:01] local.DEBUG: in route services  
[2019-06-13 07:31:08] local.DEBUG: in route services  
[2019-06-13 07:31:09] local.DEBUG: in route services  
[2019-06-13 07:31:10] local.DEBUG: in route services  
[2019-06-13 07:31:10] local.DEBUG: in route services  
[2019-06-13 07:31:10] local.DEBUG: in route services  
[2019-06-13 07:31:10] local.DEBUG: in route services  
[2019-06-13 07:31:10] local.DEBUG: in route services  
[2019-06-13 07:31:10] local.DEBUG: in route services  
[2019-06-13 07:31:11] local.DEBUG: in route services  
[2019-06-13 07:31:26] local.DEBUG: in route services  
[2019-06-13 07:31:41] local.DEBUG: in route services  
[2019-06-13 07:32:17] local.DEBUG: in route services  
[2019-06-13 07:32:31] local.DEBUG: in route services  
[2019-06-13 07:33:13] local.DEBUG: in route services  
[2019-06-13 07:33:25] local.DEBUG: in route services  
