[2019-06-12 00:13:26] local.DEBUG: in route services  
[2019-06-12 09:25:49] local.DEBUG: in route services  
[2019-06-12 09:25:51] local.DEBUG: in route services  
[2019-06-12 19:57:31] local.DEBUG: in route services  
[2019-06-12 19:57:33] local.DEBUG: in route services  
[2019-06-12 19:57:45] local.DEBUG: in route services  
[2019-06-12 19:57:47] local.DEBUG: in route services  
[2019-06-12 19:57:51] local.DEBUG: in route services  
[2019-06-12 19:57:51] local.DEBUG: in route services  
[2019-06-12 19:57:51] local.DEBUG: in route services  
[2019-06-12 19:57:51] local.DEBUG: in route services  
[2019-06-12 19:57:51] local.DEBUG: in route services  
[2019-06-12 19:57:51] local.DEBUG: in route services  
[2019-06-12 19:57:52] local.DEBUG: in route services  
[2019-06-12 19:58:08] local.DEBUG: in route services  
[2019-06-12 19:58:23] local.DEBUG: in route services  
[2019-06-12 19:58:25] local.DEBUG: in route services  
[2019-06-12 19:58:25] local.DEBUG: in route services  
[2019-06-12 19:58:25] local.DEBUG: in route services  
[2019-06-12 19:58:30] local.DEBUG: in route services  
[2019-06-12 19:58:31] local.DEBUG: in route services  
[2019-06-12 19:58:32] local.DEBUG: in route services  
[2019-06-12 19:58:32] local.DEBUG: in route services  
[2019-06-12 19:58:32] local.DEBUG: in route services  
[2019-06-12 19:58:32] local.DEBUG: in route services  
[2019-06-12 19:58:32] local.DEBUG: in route services  
[2019-06-12 19:58:32] local.DEBUG: in route services  
[2019-06-12 19:58:33] local.DEBUG: in route services  
[2019-06-12 19:58:38] local.DEBUG: in route services  
[2019-06-12 19:59:08] local.DEBUG: in route services  
[2019-06-12 19:59:09] local.DEBUG: in route services  
[2019-06-12 19:59:09] local.DEBUG: in route services  
[2019-06-12 19:59:09] local.DEBUG: in route services  
[2019-06-12 19:59:17] local.DEBUG: in route services  
[2019-06-12 19:59:17] local.DEBUG: in route services  
[2019-06-12 19:59:19] local.DEBUG: in route services  
[2019-06-12 19:59:19] local.DEBUG: in route services  
[2019-06-12 19:59:19] local.DEBUG: in route services  
[2019-06-12 19:59:19] local.DEBUG: in route services  
[2019-06-12 19:59:19] local.DEBUG: in route services  
[2019-06-12 19:59:19] local.DEBUG: in route services  
[2019-06-12 19:59:20] local.DEBUG: in route services  
[2019-06-12 19:59:22] local.DEBUG: in route services  
[2019-06-12 20:00:06] local.DEBUG: in route services  
[2019-06-12 20:00:10] local.DEBUG: in route services  
[2019-06-12 20:01:06] local.DEBUG: in route services  
[2019-06-12 20:01:25] local.DEBUG: in route services  
[2019-06-12 20:01:26] local.DEBUG: in route services  
[2019-06-12 20:01:27] local.DEBUG: in route services  
[2019-06-12 20:01:36] local.DEBUG: in route services  
[2019-06-12 20:02:58] local.DEBUG: in route services  
[2019-06-12 20:03:14] local.DEBUG: in route services  
[2019-06-12 20:03:16] local.DEBUG: in route services  
[2019-06-12 20:03:16] local.DEBUG: in route services  
[2019-06-12 20:03:16] local.DEBUG: in route services  
[2019-06-12 20:03:29] local.DEBUG: in route services  
[2019-06-12 20:03:29] local.ERROR: Trying to get property 'id' of non-object {"exception":"[object] (ErrorException(code: 0): Trying to get property 'id' of non-object at A:\\xampp\\htdocs\\AdminPanel\\app\\Http\\Controllers\\DonationsController.php:52)
[stacktrace]
#0 A:\\xampp\\htdocs\\AdminPanel\\app\\Http\\Controllers\\DonationsController.php(52): Illuminate\\Foundation\\Bootstrap\\HandleExceptions->handleError(8, 'Trying to get p...', 'A:\\\\xampp\\\\htdocs...', 52, Array)
#1 [internal function]: App\\Http\\Controllers\\DonationsController->store(Object(Illuminate\\Http\\Request))
#2 A:\\xampp\\htdocs\\AdminPanel\\vendor\\laravel\\framework\\src\\Illuminate\\Routing\\Controller.php(54): call_user_func_array(Array, Array)
#3 A:\\xampp\\htdocs\\AdminPanel\\vendor\\laravel\\framework\\src\\Illuminate\\Routing\\ControllerDispatcher.php(45): Illuminate\\Routing\\Controller->callAction('store', Array)
#4 A:\\xampp\\htdocs\\AdminPanel\\vendor\\laravel\\framework\\src\\Illuminate\\Routing\\Route.php(219): Illuminate\\Routing\\ControllerDispatcher->dispatch(Object(Illuminate\\Routing\\Route), Object(App\\Http\\Controllers\\DonationsController), 'store')
#5 A:\\xampp\\htdocs\\AdminPanel\\vendor\\laravel\\framework\\src\\Illuminate\\Routing\\Route.php(176): Illuminate\\Routing\\Route->runController()
#6 A:\\xampp\\htdocs\\AdminPanel\\vendor\\laravel\\framework\\src\\Illuminate\\Routing\\Router.php(682): Illuminate\\Routing\\Route->run()
#7 A:\\xampp\\htdocs\\AdminPanel\\vendor\\laravel\\framework\\src\\Illuminate\\Routing\\Pipeline.php(30): Illuminate\\Routing\\Router->Illuminate\\Routing\\{closure}(Object(Illuminate\\Http\\Request))
#8 A:\\xampp\\htdocs\\AdminPanel\\vendor\\laravel\\framework\\src\\Illuminate\\Routing\\Middleware\\SubstituteBindings.php(41): Illuminate\\Routing\\Pipeline->Illuminate\\Routing\\{closure}(Object(Illuminate\\Http\\Request))
#9 A:\\xampp\\htdocs\\AdminPanel\\vendor\\laravel\\framework\\src\\Illuminate\\Pipeline\\Pipeline.php(163): Illuminate\\Routing\\Middleware\\SubstituteBindings->handle(Object(Illuminate\\Http\\Request), Object(Closure))
#10 A:\\xampp\\htdocs\\AdminPanel\\vendor\\laravel\\framework\\src\\Illuminate\\Routing\\Pipeline.php(53): Illuminate\\Pipeline\\Pipeline->Illuminate\\Pipeline\\{closure}(Object(Illuminate\\Http\\Request))
#11 A:\\xampp\\htdocs\\AdminPanel\\vendor\\laravel\\framework\\src\\Illuminate\\Foundation\\Http\\Middleware\\VerifyCsrfToken.php(75): Illuminate\\Routing\\Pipeline->Illuminate\\Routing\\{closure}(Object(Illuminate\\Http\\Request))
#12 A:\\xampp\\htdocs\\AdminPanel\\vendor\\laravel\\framework\\src\\Illuminate\\Pipeline\\Pipeline.php(163): Illuminate\\Foundation\\Http\\Middleware\\VerifyCsrfToken->handle(Object(Illuminate\\Http\\Request), Object(Closure))
#13 A:\\xampp\\htdocs\\AdminPanel\\vendor\\laravel\\framework\\src\\Illuminate\\Routing\\Pipeline.php(53): Illuminate\\Pipeline\\Pipeline->Illuminate\\Pipeline\\{closure}(Object(Illuminate\\Http\\Request))
#14 A:\\xampp\\htdocs\\AdminPanel\\vendor\\laravel\\framework\\src\\Illuminate\\View\\Middleware\\ShareErrorsFromSession.php(49): Illuminate\\Routing\\Pipeline->Illuminate\\Routing\\{closure}(Object(Illuminate\\Http\\Request))
#15 A:\\xampp\\htdocs\\AdminPanel\\vendor\\laravel\\framework\\src\\Illuminate\\Pipeline\\Pipeline.php(163): Illuminate\\View\\Middleware\\ShareErrorsFromSession->handle(Object(Illuminate\\Http\\Request), Object(Closure))
#16 A:\\xampp\\htdocs\\AdminPanel\\vendor\\laravel\\framework\\src\\Illuminate\\Routing\\Pipeline.php(53): Illuminate\\Pipeline\\Pipeline->Illuminate\\Pipeline\\{closure}(Object(Illuminate\\Http\\Request))
#17 A:\\xampp\\htdocs\\AdminPanel\\vendor\\laravel\\framework\\src\\Illuminate\\Session\\Middleware\\StartSession.php(63): Illuminate\\Routing\\Pipeline->Illuminate\\Routing\\{closure}(Object(Illuminate\\Http\\Request))
#18 A:\\xampp\\htdocs\\AdminPanel\\vendor\\laravel\\framework\\src\\Illuminate\\Pipeline\\Pipeline.php(163): Illuminate\\Session\\Middleware\\StartSession->handle(Object(Illuminate\\Http\\Request), Object(Closure))
#19 A:\\xampp\\htdocs\\AdminPanel\\vendor\\laravel\\framework\\src\\Illuminate\\Routing\\Pipeline.php(53): Illuminate\\Pipeline\\Pipeline->Illuminate\\Pipeline\\{closure}(Object(Illuminate\\Http\\Request))
#20 A:\\xampp\\htdocs\\AdminPanel\\vendor\\laravel\\framework\\src\\Illuminate\\Cookie\\Middleware\\AddQueuedCookiesToResponse.php(37): Illuminate\\Routing\\Pipeline->Illuminate\\Routing\\{closure}(Object(Illuminate\\Http\\Request))
#21 A:\\xampp\\htdocs\\AdminPanel\\vendor\\laravel\\framework\\src\\Illuminate\\Pipeline\\Pipeline.php(163): Illuminate\\Cookie\\Middleware\\AddQueuedCookiesToResponse->handle(Object(Illuminate\\Http\\Request), Object(Closure))
#22 A:\\xampp\\htdocs\\AdminPanel\\vendor\\laravel\\framework\\src\\Illuminate\\Routing\\Pipeline.php(53): Illuminate\\Pipeline\\Pipeline->Illuminate\\Pipeline\\{closure}(Object(Illuminate\\Http\\Request))
#23 A:\\xampp\\htdocs\\AdminPanel\\vendor\\laravel\\framework\\src\\Illuminate\\Cookie\\Middleware\\EncryptCookies.php(66): Illuminate\\Routing\\Pipeline->Illuminate\\Routing\\{closure}(Object(Illuminate\\Http\\Request))
#24 A:\\xampp\\htdocs\\AdminPanel\\vendor\\laravel\\framework\\src\\Illuminate\\Pipeline\\Pipeline.php(163): Illuminate\\Cookie\\Middleware\\EncryptCookies->handle(Object(Illuminate\\Http\\Request), Object(Closure))
#25 A:\\xampp\\htdocs\\AdminPanel\\vendor\\laravel\\framework\\src\\Illuminate\\Routing\\Pipeline.php(53): Illuminate\\Pipeline\\Pipeline->Illuminate\\Pipeline\\{closure}(Object(Illuminate\\Http\\Request))
#26 A:\\xampp\\htdocs\\AdminPanel\\vendor\\laravel\\framework\\src\\Illuminate\\Pipeline\\Pipeline.php(104): Illuminate\\Routing\\Pipeline->Illuminate\\Routing\\{closure}(Object(Illuminate\\Http\\Request))
#27 A:\\xampp\\htdocs\\AdminPanel\\vendor\\laravel\\framework\\src\\Illuminate\\Routing\\Router.php(684): Illuminate\\Pipeline\\Pipeline->then(Object(Closure))
#28 A:\\xampp\\htdocs\\AdminPanel\\vendor\\laravel\\framework\\src\\Illuminate\\Routing\\Router.php(659): Illuminate\\Routing\\Router->runRouteWithinStack(Object(Illuminate\\Routing\\Route), Object(Illuminate\\Http\\Request))
#29 A:\\xampp\\htdocs\\AdminPanel\\vendor\\laravel\\framework\\src\\Illuminate\\Routing\\Router.php(625): Illuminate\\Routing\\Router->runRoute(Object(Illuminate\\Http\\Request), Object(Illuminate\\Routing\\Route))
#30 A:\\xampp\\htdocs\\AdminPanel\\vendor\\laravel\\framework\\src\\Illuminate\\Routing\\Router.php(614): Illuminate\\Routing\\Router->dispatchToRoute(Object(Illuminate\\Http\\Request))
#31 A:\\xampp\\htdocs\\AdminPanel\\vendor\\laravel\\framework\\src\\Illuminate\\Foundation\\Http\\Kernel.php(176): Illuminate\\Routing\\Router->dispatch(Object(Illuminate\\Http\\Request))
#32 A:\\xampp\\htdocs\\AdminPanel\\vendor\\laravel\\framework\\src\\Illuminate\\Routing\\Pipeline.php(30): Illuminate\\Foundation\\Http\\Kernel->Illuminate\\Foundation\\Http\\{closure}(Object(Illuminate\\Http\\Request))
#33 A:\\xampp\\htdocs\\AdminPanel\\vendor\\fideloper\\proxy\\src\\TrustProxies.php(57): Illuminate\\Routing\\Pipeline->Illuminate\\Routing\\{closure}(Object(Illuminate\\Http\\Request))
#34 A:\\xampp\\htdocs\\AdminPanel\\vendor\\laravel\\framework\\src\\Illuminate\\Pipeline\\Pipeline.php(163): Fideloper\\Proxy\\TrustProxies->handle(Object(Illuminate\\Http\\Request), Object(Closure))
#35 A:\\xampp\\htdocs\\AdminPanel\\vendor\\laravel\\framework\\src\\Illuminate\\Routing\\Pipeline.php(53): Illuminate\\Pipeline\\Pipeline->Illuminate\\Pipeline\\{closure}(Object(Illuminate\\Http\\Request))
#36 A:\\xampp\\htdocs\\AdminPanel\\vendor\\laravel\\framework\\src\\Illuminate\\Foundation\\Http\\Middleware\\TransformsRequest.php(31): Illuminate\\Routing\\Pipeline->Illuminate\\Routing\\{closure}(Object(Illuminate\\Http\\Request))
#37 A:\\xampp\\htdocs\\AdminPanel\\vendor\\laravel\\framework\\src\\Illuminate\\Pipeline\\Pipeline.php(163): Illuminate\\Foundation\\Http\\Middleware\\TransformsRequest->handle(Object(Illuminate\\Http\\Request), Object(Closure))
#38 A:\\xampp\\htdocs\\AdminPanel\\vendor\\laravel\\framework\\src\\Illuminate\\Routing\\Pipeline.php(53): Illuminate\\Pipeline\\Pipeline->Illuminate\\Pipeline\\{closure}(Object(Illuminate\\Http\\Request))
#39 A:\\xampp\\htdocs\\AdminPanel\\vendor\\laravel\\framework\\src\\Illuminate\\Foundation\\Http\\Middleware\\TransformsRequest.php(31): Illuminate\\Routing\\Pipeline->Illuminate\\Routing\\{closure}(Object(Illuminate\\Http\\Request))
#40 A:\\xampp\\htdocs\\AdminPanel\\vendor\\laravel\\framework\\src\\Illuminate\\Pipeline\\Pipeline.php(163): Illuminate\\Foundation\\Http\\Middleware\\TransformsRequest->handle(Object(Illuminate\\Http\\Request), Object(Closure))
#41 A:\\xampp\\htdocs\\AdminPanel\\vendor\\laravel\\framework\\src\\Illuminate\\Routing\\Pipeline.php(53): Illuminate\\Pipeline\\Pipeline->Illuminate\\Pipeline\\{closure}(Object(Illuminate\\Http\\Request))
#42 A:\\xampp\\htdocs\\AdminPanel\\vendor\\laravel\\framework\\src\\Illuminate\\Foundation\\Http\\Middleware\\ValidatePostSize.php(27): Illuminate\\Routing\\Pipeline->Illuminate\\Routing\\{closure}(Object(Illuminate\\Http\\Request))
#43 A:\\xampp\\htdocs\\AdminPanel\\vendor\\laravel\\framework\\src\\Illuminate\\Pipeline\\Pipeline.php(163): Illuminate\\Foundation\\Http\\Middleware\\ValidatePostSize->handle(Object(Illuminate\\Http\\Request), Object(Closure))
#44 A:\\xampp\\htdocs\\AdminPanel\\vendor\\laravel\\framework\\src\\Illuminate\\Routing\\Pipeline.php(53): Illuminate\\Pipeline\\Pipeline->Illuminate\\Pipeline\\{closure}(Object(Illuminate\\Http\\Request))
#45 A:\\xampp\\htdocs\\AdminPanel\\vendor\\laravel\\framework\\src\\Illuminate\\Foundation\\Http\\Middleware\\CheckForMaintenanceMode.php(62): Illuminate\\Routing\\Pipeline->Illuminate\\Routing\\{closure}(Object(Illuminate\\Http\\Request))
#46 A:\\xampp\\htdocs\\AdminPanel\\vendor\\laravel\\framework\\src\\Illuminate\\Pipeline\\Pipeline.php(163): Illuminate\\Foundation\\Http\\Middleware\\CheckForMaintenanceMode->handle(Object(Illuminate\\Http\\Request), Object(Closure))
#47 A:\\xampp\\htdocs\\AdminPanel\\vendor\\laravel\\framework\\src\\Illuminate\\Routing\\Pipeline.php(53): Illuminate\\Pipeline\\Pipeline->Illuminate\\Pipeline\\{closure}(Object(Illuminate\\Http\\Request))
#48 A:\\xampp\\htdocs\\AdminPanel\\vendor\\laravel\\framework\\src\\Illuminate\\Pipeline\\Pipeline.php(104): Illuminate\\Routing\\Pipeline->Illuminate\\Routing\\{closure}(Object(Illuminate\\Http\\Request))
#49 A:\\xampp\\htdocs\\AdminPanel\\vendor\\laravel\\framework\\src\\Illuminate\\Foundation\\Http\\Kernel.php(151): Illuminate\\Pipeline\\Pipeline->then(Object(Closure))
#50 A:\\xampp\\htdocs\\AdminPanel\\vendor\\laravel\\framework\\src\\Illuminate\\Foundation\\Http\\Kernel.php(116): Illuminate\\Foundation\\Http\\Kernel->sendRequestThroughRouter(Object(Illuminate\\Http\\Request))
#51 A:\\xampp\\htdocs\\AdminPanel\\public\\index.php(55): Illuminate\\Foundation\\Http\\Kernel->handle(Object(Illuminate\\Http\\Request))
#52 {main}
"} 
[2019-06-12 20:03:40] local.DEBUG: in route services  
[2019-06-12 20:03:46] local.DEBUG: in route services  
[2019-06-12 20:03:47] local.DEBUG: in route services  
[2019-06-12 20:03:57] local.DEBUG: in route services  
[2019-06-12 20:03:57] local.DEBUG: in route services  
[2019-06-12 20:04:04] local.DEBUG: in route services  
[2019-06-12 20:04:05] local.DEBUG: in route services  
[2019-06-12 20:04:06] local.DEBUG: in route services  
[2019-06-12 20:04:06] local.DEBUG: in route services  
[2019-06-12 20:04:07] local.DEBUG: in route services  
[2019-06-12 20:04:07] local.DEBUG: in route services  
[2019-06-12 20:04:07] local.DEBUG: in route services  
[2019-06-12 20:04:07] local.DEBUG: in route services  
[2019-06-12 20:04:07] local.DEBUG: in route services  
[2019-06-12 20:04:13] local.DEBUG: in route services  
[2019-06-12 20:04:27] local.DEBUG: in route services  
[2019-06-12 20:04:28] local.DEBUG: in route services  
[2019-06-12 20:04:28] local.DEBUG: in route services  
[2019-06-12 20:04:28] local.DEBUG: in route services  
[2019-06-12 20:04:30] local.DEBUG: in route services  
[2019-06-12 20:04:31] local.ERROR: SQLSTATE[23000]: Integrity constraint violation: 1048 Column 'amount' cannot be null (SQL: insert into `donations` (`id`, `amount`, `campaign_id`, `user_id`, `updated_at`, `created_at`) values (, , 2, 1, 2019-06-12 20:04:31, 2019-06-12 20:04:31)) {"userId":1,"email":"tyb@gmail.com","exception":"[object] (Illuminate\\Database\\QueryException(code: 23000): SQLSTATE[23000]: Integrity constraint violation: 1048 Column 'amount' cannot be null (SQL: insert into `donations` (`id`, `amount`, `campaign_id`, `user_id`, `updated_at`, `created_at`) values (, , 2, 1, 2019-06-12 20:04:31, 2019-06-12 20:04:31)) at A:\\xampp\\htdocs\\AdminPanel\\vendor\\laravel\\framework\\src\\Illuminate\\Database\\Connection.php:664, PDOException(code: 23000): SQLSTATE[23000]: Integrity constraint violation: 1048 Column 'amount' cannot be null at A:\\xampp\\htdocs\\AdminPanel\\vendor\\laravel\\framework\\src\\Illuminate\\Database\\Connection.php:458)
[stacktrace]
#0 A:\\xampp\\htdocs\\AdminPanel\\vendor\\laravel\\framework\\src\\Illuminate\\Database\\Connection.php(624): Illuminate\\Database\\Connection->runQueryCallback('insert into `do...', Array, Object(Closure))
#1 A:\\xampp\\htdocs\\AdminPanel\\vendor\\laravel\\framework\\src\\Illuminate\\Database\\Connection.php(459): Illuminate\\Database\\Connection->run('insert into `do...', Array, Object(Closure))
#2 A:\\xampp\\htdocs\\AdminPanel\\vendor\\laravel\\framework\\src\\Illuminate\\Database\\Connection.php(411): Illuminate\\Database\\Connection->statement('insert into `do...', Array)
#3 A:\\xampp\\htdocs\\AdminPanel\\vendor\\laravel\\framework\\src\\Illuminate\\Database\\Query\\Processors\\Processor.php(32): Illuminate\\Database\\Connection->insert('insert into `do...', Array)
#4 A:\\xampp\\htdocs\\AdminPanel\\vendor\\laravel\\framework\\src\\Illuminate\\Database\\Query\\Builder.php(2628): Illuminate\\Database\\Query\\Processors\\Processor->processInsertGetId(Object(Illuminate\\Database\\Query\\Builder), 'insert into `do...', Array, 'id')
#5 A:\\xampp\\htdocs\\AdminPanel\\vendor\\laravel\\framework\\src\\Illuminate\\Database\\Eloquent\\Builder.php(1338): Illuminate\\Database\\Query\\Builder->insertGetId(Array, 'id')
#6 A:\\xampp\\htdocs\\AdminPanel\\vendor\\laravel\\framework\\src\\Illuminate\\Database\\Eloquent\\Model.php(823): Illuminate\\Database\\Eloquent\\Builder->__call('insertGetId', Array)
#7 A:\\xampp\\htdocs\\AdminPanel\\vendor\\laravel\\framework\\src\\Illuminate\\Database\\Eloquent\\Model.php(788): Illuminate\\Database\\Eloquent\\Model->insertAndSetId(Object(Illuminate\\Database\\Eloquent\\Builder), Array)
#8 A:\\xampp\\htdocs\\AdminPanel\\vendor\\laravel\\framework\\src\\Illuminate\\Database\\Eloquent\\Model.php(651): Illuminate\\Database\\Eloquent\\Model->performInsert(Object(Illuminate\\Database\\Eloquent\\Builder))
#9 A:\\xampp\\htdocs\\AdminPanel\\app\\Http\\Controllers\\DonationsController.php(53): Illuminate\\Database\\Eloquent\\Model->save()
#10 [internal function]: App\\Http\\Controllers\\DonationsController->store(Object(Illuminate\\Http\\Request))
#11 A:\\xampp\\htdocs\\AdminPanel\\vendor\\laravel\\framework\\src\\Illuminate\\Routing\\Controller.php(54): call_user_func_array(Array, Array)
#12 A:\\xampp\\htdocs\\AdminPanel\\vendor\\laravel\\framework\\src\\Illuminate\\Routing\\ControllerDispatcher.php(45): Illuminate\\Routing\\Controller->callAction('store', Array)
#13 A:\\xampp\\htdocs\\AdminPanel\\vendor\\laravel\\framework\\src\\Illuminate\\Routing\\Route.php(219): Illuminate\\Routing\\ControllerDispatcher->dispatch(Object(Illuminate\\Routing\\Route), Object(App\\Http\\Controllers\\DonationsController), 'store')
#14 A:\\xampp\\htdocs\\AdminPanel\\vendor\\laravel\\framework\\src\\Illuminate\\Routing\\Route.php(176): Illuminate\\Routing\\Route->runController()
#15 A:\\xampp\\htdocs\\AdminPanel\\vendor\\laravel\\framework\\src\\Illuminate\\Routing\\Router.php(682): Illuminate\\Routing\\Route->run()
#16 A:\\xampp\\htdocs\\AdminPanel\\vendor\\laravel\\framework\\src\\Illuminate\\Routing\\Pipeline.php(30): Illuminate\\Routing\\Router->Illuminate\\Routing\\{closure}(Object(Illuminate\\Http\\Request))
#17 A:\\xampp\\htdocs\\AdminPanel\\vendor\\laravel\\framework\\src\\Illuminate\\Routing\\Middleware\\SubstituteBindings.php(41): Illuminate\\Routing\\Pipeline->Illuminate\\Routing\\{closure}(Object(Illuminate\\Http\\Request))
#18 A:\\xampp\\htdocs\\AdminPanel\\vendor\\laravel\\framework\\src\\Illuminate\\Pipeline\\Pipeline.php(163): Illuminate\\Routing\\Middleware\\SubstituteBindings->handle(Object(Illuminate\\Http\\Request), Object(Closure))
#19 A:\\xampp\\htdocs\\AdminPanel\\vendor\\laravel\\framework\\src\\Illuminate\\Routing\\Pipeline.php(53): Illuminate\\Pipeline\\Pipeline->Illuminate\\Pipeline\\{closure}(Object(Illuminate\\Http\\Request))
#20 A:\\xampp\\htdocs\\AdminPanel\\vendor\\laravel\\framework\\src\\Illuminate\\Foundation\\Http\\Middleware\\VerifyCsrfToken.php(75): Illuminate\\Routing\\Pipeline->Illuminate\\Routing\\{closure}(Object(Illuminate\\Http\\Request))
#21 A:\\xampp\\htdocs\\AdminPanel\\vendor\\laravel\\framework\\src\\Illuminate\\Pipeline\\Pipeline.php(163): Illuminate\\Foundation\\Http\\Middleware\\VerifyCsrfToken->handle(Object(Illuminate\\Http\\Request), Object(Closure))
#22 A:\\xampp\\htdocs\\AdminPanel\\vendor\\laravel\\framework\\src\\Illuminate\\Routing\\Pipeline.php(53): Illuminate\\Pipeline\\Pipeline->Illuminate\\Pipeline\\{closure}(Object(Illuminate\\Http\\Request))
#23 A:\\xampp\\htdocs\\AdminPanel\\vendor\\laravel\\framework\\src\\Illuminate\\View\\Middleware\\ShareErrorsFromSession.php(49): Illuminate\\Routing\\Pipeline->Illuminate\\Routing\\{closure}(Object(Illuminate\\Http\\Request))
#24 A:\\xampp\\htdocs\\AdminPanel\\vendor\\laravel\\framework\\src\\Illuminate\\Pipeline\\Pipeline.php(163): Illuminate\\View\\Middleware\\ShareErrorsFromSession->handle(Object(Illuminate\\Http\\Request), Object(Closure))
#25 A:\\xampp\\htdocs\\AdminPanel\\vendor\\laravel\\framework\\src\\Illuminate\\Routing\\Pipeline.php(53): Illuminate\\Pipeline\\Pipeline->Illuminate\\Pipeline\\{closure}(Object(Illuminate\\Http\\Request))
#26 A:\\xampp\\htdocs\\AdminPanel\\vendor\\laravel\\framework\\src\\Illuminate\\Session\\Middleware\\StartSession.php(63): Illuminate\\Routing\\Pipeline->Illuminate\\Routing\\{closure}(Object(Illuminate\\Http\\Request))
#27 A:\\xampp\\htdocs\\AdminPanel\\vendor\\laravel\\framework\\src\\Illuminate\\Pipeline\\Pipeline.php(163): Illuminate\\Session\\Middleware\\StartSession->handle(Object(Illuminate\\Http\\Request), Object(Closure))
#28 A:\\xampp\\htdocs\\AdminPanel\\vendor\\laravel\\framework\\src\\Illuminate\\Routing\\Pipeline.php(53): Illuminate\\Pipeline\\Pipeline->Illuminate\\Pipeline\\{closure}(Object(Illuminate\\Http\\Request))
#29 A:\\xampp\\htdocs\\AdminPanel\\vendor\\laravel\\framework\\src\\Illuminate\\Cookie\\Middleware\\AddQueuedCookiesToResponse.php(37): Illuminate\\Routing\\Pipeline->Illuminate\\Routing\\{closure}(Object(Illuminate\\Http\\Request))
#30 A:\\xampp\\htdocs\\AdminPanel\\vendor\\laravel\\framework\\src\\Illuminate\\Pipeline\\Pipeline.php(163): Illuminate\\Cookie\\Middleware\\AddQueuedCookiesToResponse->handle(Object(Illuminate\\Http\\Request), Object(Closure))
#31 A:\\xampp\\htdocs\\AdminPanel\\vendor\\laravel\\framework\\src\\Illuminate\\Routing\\Pipeline.php(53): Illuminate\\Pipeline\\Pipeline->Illuminate\\Pipeline\\{closure}(Object(Illuminate\\Http\\Request))
#32 A:\\xampp\\htdocs\\AdminPanel\\vendor\\laravel\\framework\\src\\Illuminate\\Cookie\\Middleware\\EncryptCookies.php(66): Illuminate\\Routing\\Pipeline->Illuminate\\Routing\\{closure}(Object(Illuminate\\Http\\Request))
#33 A:\\xampp\\htdocs\\AdminPanel\\vendor\\laravel\\framework\\src\\Illuminate\\Pipeline\\Pipeline.php(163): Illuminate\\Cookie\\Middleware\\EncryptCookies->handle(Object(Illuminate\\Http\\Request), Object(Closure))
#34 A:\\xampp\\htdocs\\AdminPanel\\vendor\\laravel\\framework\\src\\Illuminate\\Routing\\Pipeline.php(53): Illuminate\\Pipeline\\Pipeline->Illuminate\\Pipeline\\{closure}(Object(Illuminate\\Http\\Request))
#35 A:\\xampp\\htdocs\\AdminPanel\\vendor\\laravel\\framework\\src\\Illuminate\\Pipeline\\Pipeline.php(104): Illuminate\\Routing\\Pipeline->Illuminate\\Routing\\{closure}(Object(Illuminate\\Http\\Request))
#36 A:\\xampp\\htdocs\\AdminPanel\\vendor\\laravel\\framework\\src\\Illuminate\\Routing\\Router.php(684): Illuminate\\Pipeline\\Pipeline->then(Object(Closure))
#37 A:\\xampp\\htdocs\\AdminPanel\\vendor\\laravel\\framework\\src\\Illuminate\\Routing\\Router.php(659): Illuminate\\Routing\\Router->runRouteWithinStack(Object(Illuminate\\Routing\\Route), Object(Illuminate\\Http\\Request))
#38 A:\\xampp\\htdocs\\AdminPanel\\vendor\\laravel\\framework\\src\\Illuminate\\Routing\\Router.php(625): Illuminate\\Routing\\Router->runRoute(Object(Illuminate\\Http\\Request), Object(Illuminate\\Routing\\Route))
#39 A:\\xampp\\htdocs\\AdminPanel\\vendor\\laravel\\framework\\src\\Illuminate\\Routing\\Router.php(614): Illuminate\\Routing\\Router->dispatchToRoute(Object(Illuminate\\Http\\Request))
#40 A:\\xampp\\htdocs\\AdminPanel\\vendor\\laravel\\framework\\src\\Illuminate\\Foundation\\Http\\Kernel.php(176): Illuminate\\Routing\\Router->dispatch(Object(Illuminate\\Http\\Request))
#41 A:\\xampp\\htdocs\\AdminPanel\\vendor\\laravel\\framework\\src\\Illuminate\\Routing\\Pipeline.php(30): Illuminate\\Foundation\\Http\\Kernel->Illuminate\\Foundation\\Http\\{closure}(Object(Illuminate\\Http\\Request))
#42 A:\\xampp\\htdocs\\AdminPanel\\vendor\\fideloper\\proxy\\src\\TrustProxies.php(57): Illuminate\\Routing\\Pipeline->Illuminate\\Routing\\{closure}(Object(Illuminate\\Http\\Request))
#43 A:\\xampp\\htdocs\\AdminPanel\\vendor\\laravel\\framework\\src\\Illuminate\\Pipeline\\Pipeline.php(163): Fideloper\\Proxy\\TrustProxies->handle(Object(Illuminate\\Http\\Request), Object(Closure))
#44 A:\\xampp\\htdocs\\AdminPanel\\vendor\\laravel\\framework\\src\\Illuminate\\Routing\\Pipeline.php(53): Illuminate\\Pipeline\\Pipeline->Illuminate\\Pipeline\\{closure}(Object(Illuminate\\Http\\Request))
#45 A:\\xampp\\htdocs\\AdminPanel\\vendor\\laravel\\framework\\src\\Illuminate\\Foundation\\Http\\Middleware\\TransformsRequest.php(31): Illuminate\\Routing\\Pipeline->Illuminate\\Routing\\{closure}(Object(Illuminate\\Http\\Request))
#46 A:\\xampp\\htdocs\\AdminPanel\\vendor\\laravel\\framework\\src\\Illuminate\\Pipeline\\Pipeline.php(163): Illuminate\\Foundation\\Http\\Middleware\\TransformsRequest->handle(Object(Illuminate\\Http\\Request), Object(Closure))
#47 A:\\xampp\\htdocs\\AdminPanel\\vendor\\laravel\\framework\\src\\Illuminate\\Routing\\Pipeline.php(53): Illuminate\\Pipeline\\Pipeline->Illuminate\\Pipeline\\{closure}(Object(Illuminate\\Http\\Request))
#48 A:\\xampp\\htdocs\\AdminPanel\\vendor\\laravel\\framework\\src\\Illuminate\\Foundation\\Http\\Middleware\\TransformsRequest.php(31): Illuminate\\Routing\\Pipeline->Illuminate\\Routing\\{closure}(Object(Illuminate\\Http\\Request))
#49 A:\\xampp\\htdocs\\AdminPanel\\vendor\\laravel\\framework\\src\\Illuminate\\Pipeline\\Pipeline.php(163): Illuminate\\Foundation\\Http\\Middleware\\TransformsRequest->handle(Object(Illuminate\\Http\\Request), Object(Closure))
#50 A:\\xampp\\htdocs\\AdminPanel\\vendor\\laravel\\framework\\src\\Illuminate\\Routing\\Pipeline.php(53): Illuminate\\Pipeline\\Pipeline->Illuminate\\Pipeline\\{closure}(Object(Illuminate\\Http\\Request))
#51 A:\\xampp\\htdocs\\AdminPanel\\vendor\\laravel\\framework\\src\\Illuminate\\Foundation\\Http\\Middleware\\ValidatePostSize.php(27): Illuminate\\Routing\\Pipeline->Illuminate\\Routing\\{closure}(Object(Illuminate\\Http\\Request))
#52 A:\\xampp\\htdocs\\AdminPanel\\vendor\\laravel\\framework\\src\\Illuminate\\Pipeline\\Pipeline.php(163): Illuminate\\Foundation\\Http\\Middleware\\ValidatePostSize->handle(Object(Illuminate\\Http\\Request), Object(Closure))
#53 A:\\xampp\\htdocs\\AdminPanel\\vendor\\laravel\\framework\\src\\Illuminate\\Routing\\Pipeline.php(53): Illuminate\\Pipeline\\Pipeline->Illuminate\\Pipeline\\{closure}(Object(Illuminate\\Http\\Request))
#54 A:\\xampp\\htdocs\\AdminPanel\\vendor\\laravel\\framework\\src\\Illuminate\\Foundation\\Http\\Middleware\\CheckForMaintenanceMode.php(62): Illuminate\\Routing\\Pipeline->Illuminate\\Routing\\{closure}(Object(Illuminate\\Http\\Request))
#55 A:\\xampp\\htdocs\\AdminPanel\\vendor\\laravel\\framework\\src\\Illuminate\\Pipeline\\Pipeline.php(163): Illuminate\\Foundation\\Http\\Middleware\\CheckForMaintenanceMode->handle(Object(Illuminate\\Http\\Request), Object(Closure))
#56 A:\\xampp\\htdocs\\AdminPanel\\vendor\\laravel\\framework\\src\\Illuminate\\Routing\\Pipeline.php(53): Illuminate\\Pipeline\\Pipeline->Illuminate\\Pipeline\\{closure}(Object(Illuminate\\Http\\Request))
#57 A:\\xampp\\htdocs\\AdminPanel\\vendor\\laravel\\framework\\src\\Illuminate\\Pipeline\\Pipeline.php(104): Illuminate\\Routing\\Pipeline->Illuminate\\Routing\\{closure}(Object(Illuminate\\Http\\Request))
#58 A:\\xampp\\htdocs\\AdminPanel\\vendor\\laravel\\framework\\src\\Illuminate\\Foundation\\Http\\Kernel.php(151): Illuminate\\Pipeline\\Pipeline->then(Object(Closure))
#59 A:\\xampp\\htdocs\\AdminPanel\\vendor\\laravel\\framework\\src\\Illuminate\\Foundation\\Http\\Kernel.php(116): Illuminate\\Foundation\\Http\\Kernel->sendRequestThroughRouter(Object(Illuminate\\Http\\Request))
#60 A:\\xampp\\htdocs\\AdminPanel\\public\\index.php(55): Illuminate\\Foundation\\Http\\Kernel->handle(Object(Illuminate\\Http\\Request))
#61 {main}
"} 
[2019-06-12 20:04:35] local.DEBUG: in route services  
[2019-06-12 20:04:36] local.DEBUG: in route services  
[2019-06-12 20:04:37] local.DEBUG: in route services  
[2019-06-12 20:04:37] local.DEBUG: in route services  
[2019-06-12 20:04:37] local.DEBUG: in route services  
[2019-06-12 20:04:38] local.DEBUG: in route services  
[2019-06-12 20:04:38] local.DEBUG: in route services  
[2019-06-12 20:04:38] local.DEBUG: in route services  
[2019-06-12 20:04:38] local.DEBUG: in route services  
[2019-06-12 20:04:43] local.DEBUG: in route services  
[2019-06-12 20:04:59] local.DEBUG: in route services  
[2019-06-12 20:05:00] local.DEBUG: in route services  
[2019-06-12 20:05:00] local.DEBUG: in route services  
[2019-06-12 20:05:00] local.DEBUG: in route services  
[2019-06-12 20:05:06] local.DEBUG: in route services  
[2019-06-12 20:05:07] local.DEBUG: in route services  
[2019-06-12 20:05:08] local.DEBUG: in route services  
[2019-06-12 20:05:08] local.DEBUG: in route services  
[2019-06-12 20:05:08] local.DEBUG: in route services  
[2019-06-12 20:05:08] local.DEBUG: in route services  
[2019-06-12 20:05:09] local.DEBUG: in route services  
[2019-06-12 20:05:09] local.DEBUG: in route services  
[2019-06-12 20:05:09] local.DEBUG: in route services  
[2019-06-12 20:05:14] local.DEBUG: in route services  
[2019-06-12 20:05:33] local.DEBUG: in route services  
[2019-06-12 20:05:34] local.DEBUG: in route services  
[2019-06-12 20:05:34] local.DEBUG: in route services  
[2019-06-12 20:05:34] local.DEBUG: in route services  
[2019-06-12 20:05:41] local.DEBUG: in route services  
[2019-06-12 20:05:42] local.DEBUG: in route services  
[2019-06-12 20:05:43] local.DEBUG: in route services  
[2019-06-12 20:05:44] local.DEBUG: in route services  
[2019-06-12 20:05:44] local.DEBUG: in route services  
[2019-06-12 20:05:44] local.DEBUG: in route services  
[2019-06-12 20:05:44] local.DEBUG: in route services  
[2019-06-12 20:05:44] local.DEBUG: in route services  
[2019-06-12 20:05:44] local.DEBUG: in route services  
[2019-06-12 20:05:47] local.DEBUG: in route services  
[2019-06-12 20:06:14] local.DEBUG: in route services  
[2019-06-12 20:06:15] local.DEBUG: in route services  
[2019-06-12 20:06:15] local.DEBUG: in route services  
[2019-06-12 20:06:15] local.DEBUG: in route services  
[2019-06-12 20:14:14] local.DEBUG: in route services  
[2019-06-12 20:14:14] local.DEBUG: in route services  
[2019-06-12 20:14:14] local.DEBUG: in route services  
